[2022-11-29 09:49:17,616] {taskinstance.py:1032} INFO - Dependencies all met for <TaskInstance: demo.demo1 manual__2022-11-29T04:16:29.350347+00:00 [queued]>
[2022-11-29 09:49:17,622] {taskinstance.py:1032} INFO - Dependencies all met for <TaskInstance: demo.demo1 manual__2022-11-29T04:16:29.350347+00:00 [queued]>
[2022-11-29 09:49:17,622] {taskinstance.py:1238} INFO - 
--------------------------------------------------------------------------------
[2022-11-29 09:49:17,622] {taskinstance.py:1239} INFO - Starting attempt 1 of 1
[2022-11-29 09:49:17,622] {taskinstance.py:1240} INFO - 
--------------------------------------------------------------------------------
[2022-11-29 09:49:17,630] {taskinstance.py:1259} INFO - Executing <Task(PythonOperator): demo1> on 2022-11-29 04:16:29.350347+00:00
[2022-11-29 09:49:17,632] {standard_task_runner.py:52} INFO - Started process 65677 to run task
[2022-11-29 09:49:17,636] {standard_task_runner.py:76} INFO - Running: ['airflow', 'tasks', 'run', 'demo', 'demo1', 'manual__2022-11-29T04:16:29.350347+00:00', '--job-id', '6', '--raw', '--subdir', 'DAGS_FOLDER/demo.py', '--cfg-path', '/var/folders/jd/dj9qbrrx6jdc6f5lwwg0h7tm5np56x/T/tmplnnu3g2h', '--error-file', '/var/folders/jd/dj9qbrrx6jdc6f5lwwg0h7tm5np56x/T/tmpf86vqjnm']
[2022-11-29 09:49:17,638] {standard_task_runner.py:77} INFO - Job 6: Subtask demo1
[2022-11-29 09:49:47,672] {logging_mixin.py:109} INFO - Running <TaskInstance: demo.demo1 manual__2022-11-29T04:16:29.350347+00:00 [running]> on host LM0002893
[2022-11-29 09:50:17,710] {taskinstance.py:1424} INFO - Exporting the following env vars:
AIRFLOW_CTX_DAG_OWNER=airflow
AIRFLOW_CTX_DAG_ID=demo
AIRFLOW_CTX_TASK_ID=demo1
AIRFLOW_CTX_EXECUTION_DATE=2022-11-29T04:16:29.350347+00:00
AIRFLOW_CTX_DAG_RUN_ID=manual__2022-11-29T04:16:29.350347+00:00
[2022-11-29 09:50:17,711] {logging_mixin.py:109} INFO - myfrist dag and task
[2022-11-29 09:50:17,711] {python.py:175} INFO - Done. Returned value was: None
[2022-11-29 09:50:17,717] {taskinstance.py:1267} INFO - Marking task as SUCCESS. dag_id=demo, task_id=demo1, execution_date=20221129T041629, start_date=20221129T041917, end_date=20221129T042017
[2022-11-29 09:50:27,711] {local_task_job.py:154} INFO - Task exited with return code 0
[2022-11-29 09:50:27,726] {local_task_job.py:264} INFO - 1 downstream tasks scheduled from follow-on schedule check
