[2022-11-29 09:46:32,758] {taskinstance.py:1032} INFO - Dependencies all met for <TaskInstance: demo.demo1 scheduled__2022-11-28T00:00:00+00:00 [None]>
[2022-11-29 09:46:32,764] {taskinstance.py:1032} INFO - Dependencies all met for <TaskInstance: demo.demo1 scheduled__2022-11-28T00:00:00+00:00 [None]>
[2022-11-29 09:46:32,764] {taskinstance.py:1238} INFO - 
--------------------------------------------------------------------------------
[2022-11-29 09:46:32,764] {taskinstance.py:1239} INFO - Starting attempt 1 of 1
[2022-11-29 09:46:32,764] {taskinstance.py:1240} INFO - 
--------------------------------------------------------------------------------
[2022-11-29 09:46:32,772] {taskinstance.py:1259} INFO - Executing <Task(PythonOperator): demo1> on 2022-11-28 00:00:00+00:00
[2022-11-29 09:46:32,775] {standard_task_runner.py:52} INFO - Started process 65647 to run task
[2022-11-29 09:46:32,780] {standard_task_runner.py:76} INFO - Running: ['airflow', 'tasks', 'run', 'demo', 'demo1', 'scheduled__2022-11-28T00:00:00+00:00', '--job-id', '5', '--raw', '--subdir', 'DAGS_FOLDER/demo.py', '--cfg-path', '/var/folders/jd/dj9qbrrx6jdc6f5lwwg0h7tm5np56x/T/tmpw9d5limg', '--error-file', '/var/folders/jd/dj9qbrrx6jdc6f5lwwg0h7tm5np56x/T/tmpdnnwzxwe']
[2022-11-29 09:46:32,781] {standard_task_runner.py:77} INFO - Job 5: Subtask demo1
[2022-11-29 09:47:02,818] {logging_mixin.py:109} INFO - Running <TaskInstance: demo.demo1 scheduled__2022-11-28T00:00:00+00:00 [running]> on host LM0002893
[2022-11-29 09:47:32,861] {taskinstance.py:1424} INFO - Exporting the following env vars:
AIRFLOW_CTX_DAG_OWNER=airflow
AIRFLOW_CTX_DAG_ID=demo
AIRFLOW_CTX_TASK_ID=demo1
AIRFLOW_CTX_EXECUTION_DATE=2022-11-28T00:00:00+00:00
AIRFLOW_CTX_DAG_RUN_ID=scheduled__2022-11-28T00:00:00+00:00
[2022-11-29 09:47:32,862] {logging_mixin.py:109} INFO - myfrist dag and task
[2022-11-29 09:47:32,862] {python.py:175} INFO - Done. Returned value was: None
[2022-11-29 09:47:32,867] {taskinstance.py:1267} INFO - Marking task as SUCCESS. dag_id=demo, task_id=demo1, execution_date=20221128T000000, start_date=20221129T041632, end_date=20221129T041732
[2022-11-29 09:47:42,876] {local_task_job.py:154} INFO - Task exited with return code 0
[2022-11-29 09:47:42,894] {local_task_job.py:264} INFO - 1 downstream tasks scheduled from follow-on schedule check
