[2022-11-29 06:29:07,649] {processor.py:163} INFO - Started process (PID=56732) to work on /Users/libin3.mathew/opt/anaconda3/envs/airflow_env/lib/python3.9/site-packages/airflow/example_dags/example_time_delta_sensor_async.py
[2022-11-29 06:29:07,650] {processor.py:642} INFO - Processing file /Users/libin3.mathew/opt/anaconda3/envs/airflow_env/lib/python3.9/site-packages/airflow/example_dags/example_time_delta_sensor_async.py for tasks to queue
[2022-11-29 06:29:07,650] {logging_mixin.py:109} INFO - [2022-11-29 06:29:07,650] {dagbag.py:500} INFO - Filling up the DagBag from /Users/libin3.mathew/opt/anaconda3/envs/airflow_env/lib/python3.9/site-packages/airflow/example_dags/example_time_delta_sensor_async.py
[2022-11-29 06:29:07,679] {processor.py:654} INFO - DAG(s) dict_keys(['example_time_delta_sensor_async']) retrieved from /Users/libin3.mathew/opt/anaconda3/envs/airflow_env/lib/python3.9/site-packages/airflow/example_dags/example_time_delta_sensor_async.py
[2022-11-29 06:29:07,695] {logging_mixin.py:109} INFO - [2022-11-29 06:29:07,695] {dag.py:2396} INFO - Sync 1 DAGs
[2022-11-29 06:29:07,703] {logging_mixin.py:109} INFO - [2022-11-29 06:29:07,703] {dag.py:2935} INFO - Setting next_dagrun for example_time_delta_sensor_async to None
[2022-11-29 06:29:07,709] {processor.py:171} INFO - Processing /Users/libin3.mathew/opt/anaconda3/envs/airflow_env/lib/python3.9/site-packages/airflow/example_dags/example_time_delta_sensor_async.py took 0.061 seconds
[2022-11-29 06:32:22,261] {processor.py:163} INFO - Started process (PID=56833) to work on /Users/libin3.mathew/opt/anaconda3/envs/airflow_env/lib/python3.9/site-packages/airflow/example_dags/example_time_delta_sensor_async.py
[2022-11-29 06:32:22,262] {processor.py:642} INFO - Processing file /Users/libin3.mathew/opt/anaconda3/envs/airflow_env/lib/python3.9/site-packages/airflow/example_dags/example_time_delta_sensor_async.py for tasks to queue
[2022-11-29 06:32:22,262] {logging_mixin.py:109} INFO - [2022-11-29 06:32:22,262] {dagbag.py:500} INFO - Filling up the DagBag from /Users/libin3.mathew/opt/anaconda3/envs/airflow_env/lib/python3.9/site-packages/airflow/example_dags/example_time_delta_sensor_async.py
[2022-11-29 06:32:22,287] {processor.py:654} INFO - DAG(s) dict_keys(['example_time_delta_sensor_async']) retrieved from /Users/libin3.mathew/opt/anaconda3/envs/airflow_env/lib/python3.9/site-packages/airflow/example_dags/example_time_delta_sensor_async.py
[2022-11-29 06:32:22,320] {logging_mixin.py:109} INFO - [2022-11-29 06:32:22,319] {dag.py:2396} INFO - Sync 1 DAGs
[2022-11-29 06:32:22,328] {logging_mixin.py:109} INFO - [2022-11-29 06:32:22,328] {dag.py:2935} INFO - Setting next_dagrun for example_time_delta_sensor_async to None
[2022-11-29 06:32:22,335] {processor.py:171} INFO - Processing /Users/libin3.mathew/opt/anaconda3/envs/airflow_env/lib/python3.9/site-packages/airflow/example_dags/example_time_delta_sensor_async.py took 0.074 seconds
[2022-11-29 06:33:43,202] {processor.py:163} INFO - Started process (PID=57064) to work on /Users/libin3.mathew/opt/anaconda3/envs/airflow_env/lib/python3.9/site-packages/airflow/example_dags/example_time_delta_sensor_async.py
[2022-11-29 06:33:43,202] {processor.py:642} INFO - Processing file /Users/libin3.mathew/opt/anaconda3/envs/airflow_env/lib/python3.9/site-packages/airflow/example_dags/example_time_delta_sensor_async.py for tasks to queue
[2022-11-29 06:33:43,203] {logging_mixin.py:109} INFO - [2022-11-29 06:33:43,202] {dagbag.py:500} INFO - Filling up the DagBag from /Users/libin3.mathew/opt/anaconda3/envs/airflow_env/lib/python3.9/site-packages/airflow/example_dags/example_time_delta_sensor_async.py
[2022-11-29 06:33:43,235] {processor.py:654} INFO - DAG(s) dict_keys(['example_time_delta_sensor_async']) retrieved from /Users/libin3.mathew/opt/anaconda3/envs/airflow_env/lib/python3.9/site-packages/airflow/example_dags/example_time_delta_sensor_async.py
[2022-11-29 06:33:43,252] {logging_mixin.py:109} INFO - [2022-11-29 06:33:43,252] {dag.py:2396} INFO - Sync 1 DAGs
[2022-11-29 06:33:43,261] {logging_mixin.py:109} INFO - [2022-11-29 06:33:43,261] {dag.py:2935} INFO - Setting next_dagrun for example_time_delta_sensor_async to None
[2022-11-29 06:33:43,268] {processor.py:171} INFO - Processing /Users/libin3.mathew/opt/anaconda3/envs/airflow_env/lib/python3.9/site-packages/airflow/example_dags/example_time_delta_sensor_async.py took 0.067 seconds
[2022-11-29 06:35:06,835] {processor.py:163} INFO - Started process (PID=57126) to work on /Users/libin3.mathew/opt/anaconda3/envs/airflow_env/lib/python3.9/site-packages/airflow/example_dags/example_time_delta_sensor_async.py
[2022-11-29 06:35:06,836] {processor.py:642} INFO - Processing file /Users/libin3.mathew/opt/anaconda3/envs/airflow_env/lib/python3.9/site-packages/airflow/example_dags/example_time_delta_sensor_async.py for tasks to queue
[2022-11-29 06:35:06,836] {logging_mixin.py:109} INFO - [2022-11-29 06:35:06,836] {dagbag.py:500} INFO - Filling up the DagBag from /Users/libin3.mathew/opt/anaconda3/envs/airflow_env/lib/python3.9/site-packages/airflow/example_dags/example_time_delta_sensor_async.py
[2022-11-29 06:35:06,870] {processor.py:654} INFO - DAG(s) dict_keys(['example_time_delta_sensor_async']) retrieved from /Users/libin3.mathew/opt/anaconda3/envs/airflow_env/lib/python3.9/site-packages/airflow/example_dags/example_time_delta_sensor_async.py
[2022-11-29 06:35:06,886] {logging_mixin.py:109} INFO - [2022-11-29 06:35:06,886] {dag.py:2396} INFO - Sync 1 DAGs
[2022-11-29 06:35:06,894] {logging_mixin.py:109} INFO - [2022-11-29 06:35:06,894] {dag.py:2935} INFO - Setting next_dagrun for example_time_delta_sensor_async to None
[2022-11-29 06:35:06,901] {processor.py:171} INFO - Processing /Users/libin3.mathew/opt/anaconda3/envs/airflow_env/lib/python3.9/site-packages/airflow/example_dags/example_time_delta_sensor_async.py took 0.067 seconds
[2022-11-29 06:36:21,917] {processor.py:163} INFO - Started process (PID=57179) to work on /Users/libin3.mathew/opt/anaconda3/envs/airflow_env/lib/python3.9/site-packages/airflow/example_dags/example_time_delta_sensor_async.py
[2022-11-29 06:36:21,919] {processor.py:642} INFO - Processing file /Users/libin3.mathew/opt/anaconda3/envs/airflow_env/lib/python3.9/site-packages/airflow/example_dags/example_time_delta_sensor_async.py for tasks to queue
[2022-11-29 06:36:21,919] {logging_mixin.py:109} INFO - [2022-11-29 06:36:21,919] {dagbag.py:500} INFO - Filling up the DagBag from /Users/libin3.mathew/opt/anaconda3/envs/airflow_env/lib/python3.9/site-packages/airflow/example_dags/example_time_delta_sensor_async.py
[2022-11-29 06:36:21,952] {processor.py:654} INFO - DAG(s) dict_keys(['example_time_delta_sensor_async']) retrieved from /Users/libin3.mathew/opt/anaconda3/envs/airflow_env/lib/python3.9/site-packages/airflow/example_dags/example_time_delta_sensor_async.py
[2022-11-29 06:36:21,968] {logging_mixin.py:109} INFO - [2022-11-29 06:36:21,968] {dag.py:2396} INFO - Sync 1 DAGs
[2022-11-29 06:36:21,977] {logging_mixin.py:109} INFO - [2022-11-29 06:36:21,977] {dag.py:2935} INFO - Setting next_dagrun for example_time_delta_sensor_async to None
[2022-11-29 06:36:21,983] {processor.py:171} INFO - Processing /Users/libin3.mathew/opt/anaconda3/envs/airflow_env/lib/python3.9/site-packages/airflow/example_dags/example_time_delta_sensor_async.py took 0.067 seconds
[2022-11-29 06:37:38,823] {processor.py:163} INFO - Started process (PID=57223) to work on /Users/libin3.mathew/opt/anaconda3/envs/airflow_env/lib/python3.9/site-packages/airflow/example_dags/example_time_delta_sensor_async.py
[2022-11-29 06:37:38,823] {processor.py:642} INFO - Processing file /Users/libin3.mathew/opt/anaconda3/envs/airflow_env/lib/python3.9/site-packages/airflow/example_dags/example_time_delta_sensor_async.py for tasks to queue
[2022-11-29 06:37:38,824] {logging_mixin.py:109} INFO - [2022-11-29 06:37:38,824] {dagbag.py:500} INFO - Filling up the DagBag from /Users/libin3.mathew/opt/anaconda3/envs/airflow_env/lib/python3.9/site-packages/airflow/example_dags/example_time_delta_sensor_async.py
[2022-11-29 06:37:38,853] {processor.py:654} INFO - DAG(s) dict_keys(['example_time_delta_sensor_async']) retrieved from /Users/libin3.mathew/opt/anaconda3/envs/airflow_env/lib/python3.9/site-packages/airflow/example_dags/example_time_delta_sensor_async.py
[2022-11-29 06:37:38,868] {logging_mixin.py:109} INFO - [2022-11-29 06:37:38,868] {dag.py:2396} INFO - Sync 1 DAGs
[2022-11-29 06:37:38,876] {logging_mixin.py:109} INFO - [2022-11-29 06:37:38,875] {dag.py:2935} INFO - Setting next_dagrun for example_time_delta_sensor_async to None
[2022-11-29 06:37:38,882] {processor.py:171} INFO - Processing /Users/libin3.mathew/opt/anaconda3/envs/airflow_env/lib/python3.9/site-packages/airflow/example_dags/example_time_delta_sensor_async.py took 0.060 seconds
[2022-11-29 06:38:45,570] {processor.py:163} INFO - Started process (PID=57265) to work on /Users/libin3.mathew/opt/anaconda3/envs/airflow_env/lib/python3.9/site-packages/airflow/example_dags/example_time_delta_sensor_async.py
[2022-11-29 06:38:45,570] {processor.py:642} INFO - Processing file /Users/libin3.mathew/opt/anaconda3/envs/airflow_env/lib/python3.9/site-packages/airflow/example_dags/example_time_delta_sensor_async.py for tasks to queue
[2022-11-29 06:38:45,570] {logging_mixin.py:109} INFO - [2022-11-29 06:38:45,570] {dagbag.py:500} INFO - Filling up the DagBag from /Users/libin3.mathew/opt/anaconda3/envs/airflow_env/lib/python3.9/site-packages/airflow/example_dags/example_time_delta_sensor_async.py
[2022-11-29 06:38:45,592] {processor.py:654} INFO - DAG(s) dict_keys(['example_time_delta_sensor_async']) retrieved from /Users/libin3.mathew/opt/anaconda3/envs/airflow_env/lib/python3.9/site-packages/airflow/example_dags/example_time_delta_sensor_async.py
[2022-11-29 06:38:45,605] {logging_mixin.py:109} INFO - [2022-11-29 06:38:45,605] {dag.py:2396} INFO - Sync 1 DAGs
[2022-11-29 06:38:45,611] {logging_mixin.py:109} INFO - [2022-11-29 06:38:45,611] {dag.py:2935} INFO - Setting next_dagrun for example_time_delta_sensor_async to None
[2022-11-29 06:38:45,616] {processor.py:171} INFO - Processing /Users/libin3.mathew/opt/anaconda3/envs/airflow_env/lib/python3.9/site-packages/airflow/example_dags/example_time_delta_sensor_async.py took 0.047 seconds
