[2022-11-29 06:32:34,319] {processor.py:163} INFO - Started process (PID=56840) to work on /Users/libin3.mathew/opt/anaconda3/envs/airflow_env/lib/python3.9/site-packages/airflow/example_dags/example_short_circuit_operator.py
[2022-11-29 06:32:34,320] {processor.py:642} INFO - Processing file /Users/libin3.mathew/opt/anaconda3/envs/airflow_env/lib/python3.9/site-packages/airflow/example_dags/example_short_circuit_operator.py for tasks to queue
[2022-11-29 06:32:34,320] {logging_mixin.py:109} INFO - [2022-11-29 06:32:34,320] {dagbag.py:500} INFO - Filling up the DagBag from /Users/libin3.mathew/opt/anaconda3/envs/airflow_env/lib/python3.9/site-packages/airflow/example_dags/example_short_circuit_operator.py
[2022-11-29 06:32:34,353] {processor.py:654} INFO - DAG(s) dict_keys(['example_short_circuit_operator']) retrieved from /Users/libin3.mathew/opt/anaconda3/envs/airflow_env/lib/python3.9/site-packages/airflow/example_dags/example_short_circuit_operator.py
[2022-11-29 06:32:34,369] {logging_mixin.py:109} INFO - [2022-11-29 06:32:34,368] {dag.py:2396} INFO - Sync 1 DAGs
[2022-11-29 06:32:34,377] {logging_mixin.py:109} INFO - [2022-11-29 06:32:34,377] {dag.py:2935} INFO - Setting next_dagrun for example_short_circuit_operator to 2022-11-28T01:02:34.377123+00:00
[2022-11-29 06:32:34,383] {processor.py:171} INFO - Processing /Users/libin3.mathew/opt/anaconda3/envs/airflow_env/lib/python3.9/site-packages/airflow/example_dags/example_short_circuit_operator.py took 0.064 seconds
[2022-11-29 06:33:59,234] {processor.py:163} INFO - Started process (PID=57070) to work on /Users/libin3.mathew/opt/anaconda3/envs/airflow_env/lib/python3.9/site-packages/airflow/example_dags/example_short_circuit_operator.py
[2022-11-29 06:33:59,235] {processor.py:642} INFO - Processing file /Users/libin3.mathew/opt/anaconda3/envs/airflow_env/lib/python3.9/site-packages/airflow/example_dags/example_short_circuit_operator.py for tasks to queue
[2022-11-29 06:33:59,235] {logging_mixin.py:109} INFO - [2022-11-29 06:33:59,235] {dagbag.py:500} INFO - Filling up the DagBag from /Users/libin3.mathew/opt/anaconda3/envs/airflow_env/lib/python3.9/site-packages/airflow/example_dags/example_short_circuit_operator.py
[2022-11-29 06:33:59,277] {processor.py:654} INFO - DAG(s) dict_keys(['example_short_circuit_operator']) retrieved from /Users/libin3.mathew/opt/anaconda3/envs/airflow_env/lib/python3.9/site-packages/airflow/example_dags/example_short_circuit_operator.py
[2022-11-29 06:33:59,294] {logging_mixin.py:109} INFO - [2022-11-29 06:33:59,294] {dag.py:2396} INFO - Sync 1 DAGs
[2022-11-29 06:33:59,303] {logging_mixin.py:109} INFO - [2022-11-29 06:33:59,303] {dag.py:2935} INFO - Setting next_dagrun for example_short_circuit_operator to 2022-11-28T01:03:59.303678+00:00
[2022-11-29 06:33:59,311] {processor.py:171} INFO - Processing /Users/libin3.mathew/opt/anaconda3/envs/airflow_env/lib/python3.9/site-packages/airflow/example_dags/example_short_circuit_operator.py took 0.077 seconds
[2022-11-29 06:35:22,343] {processor.py:163} INFO - Started process (PID=57138) to work on /Users/libin3.mathew/opt/anaconda3/envs/airflow_env/lib/python3.9/site-packages/airflow/example_dags/example_short_circuit_operator.py
[2022-11-29 06:35:22,344] {processor.py:642} INFO - Processing file /Users/libin3.mathew/opt/anaconda3/envs/airflow_env/lib/python3.9/site-packages/airflow/example_dags/example_short_circuit_operator.py for tasks to queue
[2022-11-29 06:35:22,344] {logging_mixin.py:109} INFO - [2022-11-29 06:35:22,344] {dagbag.py:500} INFO - Filling up the DagBag from /Users/libin3.mathew/opt/anaconda3/envs/airflow_env/lib/python3.9/site-packages/airflow/example_dags/example_short_circuit_operator.py
[2022-11-29 06:35:22,386] {processor.py:654} INFO - DAG(s) dict_keys(['example_short_circuit_operator']) retrieved from /Users/libin3.mathew/opt/anaconda3/envs/airflow_env/lib/python3.9/site-packages/airflow/example_dags/example_short_circuit_operator.py
[2022-11-29 06:35:22,403] {logging_mixin.py:109} INFO - [2022-11-29 06:35:22,403] {dag.py:2396} INFO - Sync 1 DAGs
[2022-11-29 06:35:22,413] {logging_mixin.py:109} INFO - [2022-11-29 06:35:22,412] {dag.py:2935} INFO - Setting next_dagrun for example_short_circuit_operator to 2022-11-28T01:05:22.412787+00:00
[2022-11-29 06:35:22,419] {processor.py:171} INFO - Processing /Users/libin3.mathew/opt/anaconda3/envs/airflow_env/lib/python3.9/site-packages/airflow/example_dags/example_short_circuit_operator.py took 0.076 seconds
[2022-11-29 06:36:34,901] {processor.py:163} INFO - Started process (PID=57185) to work on /Users/libin3.mathew/opt/anaconda3/envs/airflow_env/lib/python3.9/site-packages/airflow/example_dags/example_short_circuit_operator.py
[2022-11-29 06:36:34,902] {processor.py:642} INFO - Processing file /Users/libin3.mathew/opt/anaconda3/envs/airflow_env/lib/python3.9/site-packages/airflow/example_dags/example_short_circuit_operator.py for tasks to queue
[2022-11-29 06:36:34,903] {logging_mixin.py:109} INFO - [2022-11-29 06:36:34,903] {dagbag.py:500} INFO - Filling up the DagBag from /Users/libin3.mathew/opt/anaconda3/envs/airflow_env/lib/python3.9/site-packages/airflow/example_dags/example_short_circuit_operator.py
[2022-11-29 06:36:34,943] {processor.py:654} INFO - DAG(s) dict_keys(['example_short_circuit_operator']) retrieved from /Users/libin3.mathew/opt/anaconda3/envs/airflow_env/lib/python3.9/site-packages/airflow/example_dags/example_short_circuit_operator.py
[2022-11-29 06:36:34,958] {logging_mixin.py:109} INFO - [2022-11-29 06:36:34,958] {dag.py:2396} INFO - Sync 1 DAGs
[2022-11-29 06:36:34,967] {logging_mixin.py:109} INFO - [2022-11-29 06:36:34,966] {dag.py:2935} INFO - Setting next_dagrun for example_short_circuit_operator to 2022-11-28T01:06:34.966860+00:00
[2022-11-29 06:36:34,973] {processor.py:171} INFO - Processing /Users/libin3.mathew/opt/anaconda3/envs/airflow_env/lib/python3.9/site-packages/airflow/example_dags/example_short_circuit_operator.py took 0.073 seconds
[2022-11-29 06:37:51,670] {processor.py:163} INFO - Started process (PID=57236) to work on /Users/libin3.mathew/opt/anaconda3/envs/airflow_env/lib/python3.9/site-packages/airflow/example_dags/example_short_circuit_operator.py
[2022-11-29 06:37:51,671] {processor.py:642} INFO - Processing file /Users/libin3.mathew/opt/anaconda3/envs/airflow_env/lib/python3.9/site-packages/airflow/example_dags/example_short_circuit_operator.py for tasks to queue
[2022-11-29 06:37:51,672] {logging_mixin.py:109} INFO - [2022-11-29 06:37:51,672] {dagbag.py:500} INFO - Filling up the DagBag from /Users/libin3.mathew/opt/anaconda3/envs/airflow_env/lib/python3.9/site-packages/airflow/example_dags/example_short_circuit_operator.py
[2022-11-29 06:37:51,707] {processor.py:654} INFO - DAG(s) dict_keys(['example_short_circuit_operator']) retrieved from /Users/libin3.mathew/opt/anaconda3/envs/airflow_env/lib/python3.9/site-packages/airflow/example_dags/example_short_circuit_operator.py
[2022-11-29 06:37:51,717] {logging_mixin.py:109} INFO - [2022-11-29 06:37:51,717] {dag.py:2396} INFO - Sync 1 DAGs
[2022-11-29 06:37:51,723] {logging_mixin.py:109} INFO - [2022-11-29 06:37:51,723] {dag.py:2935} INFO - Setting next_dagrun for example_short_circuit_operator to 2022-11-28T01:07:51.723290+00:00
[2022-11-29 06:37:51,730] {processor.py:171} INFO - Processing /Users/libin3.mathew/opt/anaconda3/envs/airflow_env/lib/python3.9/site-packages/airflow/example_dags/example_short_circuit_operator.py took 0.060 seconds
[2022-11-29 06:38:57,451] {processor.py:163} INFO - Started process (PID=57271) to work on /Users/libin3.mathew/opt/anaconda3/envs/airflow_env/lib/python3.9/site-packages/airflow/example_dags/example_short_circuit_operator.py
[2022-11-29 06:38:57,451] {processor.py:642} INFO - Processing file /Users/libin3.mathew/opt/anaconda3/envs/airflow_env/lib/python3.9/site-packages/airflow/example_dags/example_short_circuit_operator.py for tasks to queue
[2022-11-29 06:38:57,452] {logging_mixin.py:109} INFO - [2022-11-29 06:38:57,452] {dagbag.py:500} INFO - Filling up the DagBag from /Users/libin3.mathew/opt/anaconda3/envs/airflow_env/lib/python3.9/site-packages/airflow/example_dags/example_short_circuit_operator.py
[2022-11-29 06:38:57,478] {processor.py:654} INFO - DAG(s) dict_keys(['example_short_circuit_operator']) retrieved from /Users/libin3.mathew/opt/anaconda3/envs/airflow_env/lib/python3.9/site-packages/airflow/example_dags/example_short_circuit_operator.py
[2022-11-29 06:38:57,489] {logging_mixin.py:109} INFO - [2022-11-29 06:38:57,489] {dag.py:2396} INFO - Sync 1 DAGs
[2022-11-29 06:38:57,495] {logging_mixin.py:109} INFO - [2022-11-29 06:38:57,494] {dag.py:2935} INFO - Setting next_dagrun for example_short_circuit_operator to 2022-11-28T01:08:57.494879+00:00
[2022-11-29 06:38:57,499] {processor.py:171} INFO - Processing /Users/libin3.mathew/opt/anaconda3/envs/airflow_env/lib/python3.9/site-packages/airflow/example_dags/example_short_circuit_operator.py took 0.048 seconds
