[2022-11-29 06:33:02,541] {processor.py:163} INFO - Started process (PID=56955) to work on /Users/libin3.mathew/opt/anaconda3/envs/airflow_env/lib/python3.9/site-packages/airflow/example_dags/example_branch_operator.py
[2022-11-29 06:33:02,542] {processor.py:642} INFO - Processing file /Users/libin3.mathew/opt/anaconda3/envs/airflow_env/lib/python3.9/site-packages/airflow/example_dags/example_branch_operator.py for tasks to queue
[2022-11-29 06:33:02,542] {logging_mixin.py:109} INFO - [2022-11-29 06:33:02,542] {dagbag.py:500} INFO - Filling up the DagBag from /Users/libin3.mathew/opt/anaconda3/envs/airflow_env/lib/python3.9/site-packages/airflow/example_dags/example_branch_operator.py
[2022-11-29 06:33:02,608] {processor.py:654} INFO - DAG(s) dict_keys(['example_branch_operator']) retrieved from /Users/libin3.mathew/opt/anaconda3/envs/airflow_env/lib/python3.9/site-packages/airflow/example_dags/example_branch_operator.py
[2022-11-29 06:33:02,633] {logging_mixin.py:109} INFO - [2022-11-29 06:33:02,633] {dag.py:2396} INFO - Sync 1 DAGs
[2022-11-29 06:33:02,647] {logging_mixin.py:109} INFO - [2022-11-29 06:33:02,647] {dag.py:2935} INFO - Setting next_dagrun for example_branch_operator to 2022-11-28 00:00:00+00:00
[2022-11-29 06:33:02,656] {processor.py:171} INFO - Processing /Users/libin3.mathew/opt/anaconda3/envs/airflow_env/lib/python3.9/site-packages/airflow/example_dags/example_branch_operator.py took 0.115 seconds
[2022-11-29 06:34:26,064] {processor.py:163} INFO - Started process (PID=57092) to work on /Users/libin3.mathew/opt/anaconda3/envs/airflow_env/lib/python3.9/site-packages/airflow/example_dags/example_branch_operator.py
[2022-11-29 06:34:26,064] {processor.py:642} INFO - Processing file /Users/libin3.mathew/opt/anaconda3/envs/airflow_env/lib/python3.9/site-packages/airflow/example_dags/example_branch_operator.py for tasks to queue
[2022-11-29 06:34:26,064] {logging_mixin.py:109} INFO - [2022-11-29 06:34:26,064] {dagbag.py:500} INFO - Filling up the DagBag from /Users/libin3.mathew/opt/anaconda3/envs/airflow_env/lib/python3.9/site-packages/airflow/example_dags/example_branch_operator.py
[2022-11-29 06:34:26,109] {processor.py:654} INFO - DAG(s) dict_keys(['example_branch_operator']) retrieved from /Users/libin3.mathew/opt/anaconda3/envs/airflow_env/lib/python3.9/site-packages/airflow/example_dags/example_branch_operator.py
[2022-11-29 06:34:26,127] {logging_mixin.py:109} INFO - [2022-11-29 06:34:26,127] {dag.py:2396} INFO - Sync 1 DAGs
[2022-11-29 06:34:26,139] {logging_mixin.py:109} INFO - [2022-11-29 06:34:26,139] {dag.py:2935} INFO - Setting next_dagrun for example_branch_operator to 2022-11-28 00:00:00+00:00
[2022-11-29 06:34:26,146] {processor.py:171} INFO - Processing /Users/libin3.mathew/opt/anaconda3/envs/airflow_env/lib/python3.9/site-packages/airflow/example_dags/example_branch_operator.py took 0.083 seconds
[2022-11-29 06:35:47,599] {processor.py:163} INFO - Started process (PID=57152) to work on /Users/libin3.mathew/opt/anaconda3/envs/airflow_env/lib/python3.9/site-packages/airflow/example_dags/example_branch_operator.py
[2022-11-29 06:35:47,600] {processor.py:642} INFO - Processing file /Users/libin3.mathew/opt/anaconda3/envs/airflow_env/lib/python3.9/site-packages/airflow/example_dags/example_branch_operator.py for tasks to queue
[2022-11-29 06:35:47,601] {logging_mixin.py:109} INFO - [2022-11-29 06:35:47,601] {dagbag.py:500} INFO - Filling up the DagBag from /Users/libin3.mathew/opt/anaconda3/envs/airflow_env/lib/python3.9/site-packages/airflow/example_dags/example_branch_operator.py
[2022-11-29 06:35:47,644] {processor.py:654} INFO - DAG(s) dict_keys(['example_branch_operator']) retrieved from /Users/libin3.mathew/opt/anaconda3/envs/airflow_env/lib/python3.9/site-packages/airflow/example_dags/example_branch_operator.py
[2022-11-29 06:35:47,661] {logging_mixin.py:109} INFO - [2022-11-29 06:35:47,661] {dag.py:2396} INFO - Sync 1 DAGs
[2022-11-29 06:35:47,672] {logging_mixin.py:109} INFO - [2022-11-29 06:35:47,672] {dag.py:2935} INFO - Setting next_dagrun for example_branch_operator to 2022-11-28 00:00:00+00:00
[2022-11-29 06:35:47,679] {processor.py:171} INFO - Processing /Users/libin3.mathew/opt/anaconda3/envs/airflow_env/lib/python3.9/site-packages/airflow/example_dags/example_branch_operator.py took 0.080 seconds
[2022-11-29 06:37:01,594] {processor.py:163} INFO - Started process (PID=57196) to work on /Users/libin3.mathew/opt/anaconda3/envs/airflow_env/lib/python3.9/site-packages/airflow/example_dags/example_branch_operator.py
[2022-11-29 06:37:01,595] {processor.py:642} INFO - Processing file /Users/libin3.mathew/opt/anaconda3/envs/airflow_env/lib/python3.9/site-packages/airflow/example_dags/example_branch_operator.py for tasks to queue
[2022-11-29 06:37:01,596] {logging_mixin.py:109} INFO - [2022-11-29 06:37:01,596] {dagbag.py:500} INFO - Filling up the DagBag from /Users/libin3.mathew/opt/anaconda3/envs/airflow_env/lib/python3.9/site-packages/airflow/example_dags/example_branch_operator.py
[2022-11-29 06:37:01,639] {processor.py:654} INFO - DAG(s) dict_keys(['example_branch_operator']) retrieved from /Users/libin3.mathew/opt/anaconda3/envs/airflow_env/lib/python3.9/site-packages/airflow/example_dags/example_branch_operator.py
[2022-11-29 06:37:01,656] {logging_mixin.py:109} INFO - [2022-11-29 06:37:01,656] {dag.py:2396} INFO - Sync 1 DAGs
[2022-11-29 06:37:01,666] {logging_mixin.py:109} INFO - [2022-11-29 06:37:01,666] {dag.py:2935} INFO - Setting next_dagrun for example_branch_operator to 2022-11-28 00:00:00+00:00
[2022-11-29 06:37:01,673] {processor.py:171} INFO - Processing /Users/libin3.mathew/opt/anaconda3/envs/airflow_env/lib/python3.9/site-packages/airflow/example_dags/example_branch_operator.py took 0.080 seconds
[2022-11-29 06:38:13,092] {processor.py:163} INFO - Started process (PID=57247) to work on /Users/libin3.mathew/opt/anaconda3/envs/airflow_env/lib/python3.9/site-packages/airflow/example_dags/example_branch_operator.py
[2022-11-29 06:38:13,094] {processor.py:642} INFO - Processing file /Users/libin3.mathew/opt/anaconda3/envs/airflow_env/lib/python3.9/site-packages/airflow/example_dags/example_branch_operator.py for tasks to queue
[2022-11-29 06:38:13,094] {logging_mixin.py:109} INFO - [2022-11-29 06:38:13,094] {dagbag.py:500} INFO - Filling up the DagBag from /Users/libin3.mathew/opt/anaconda3/envs/airflow_env/lib/python3.9/site-packages/airflow/example_dags/example_branch_operator.py
[2022-11-29 06:38:13,129] {processor.py:654} INFO - DAG(s) dict_keys(['example_branch_operator']) retrieved from /Users/libin3.mathew/opt/anaconda3/envs/airflow_env/lib/python3.9/site-packages/airflow/example_dags/example_branch_operator.py
[2022-11-29 06:38:13,142] {logging_mixin.py:109} INFO - [2022-11-29 06:38:13,142] {dag.py:2396} INFO - Sync 1 DAGs
[2022-11-29 06:38:13,149] {logging_mixin.py:109} INFO - [2022-11-29 06:38:13,149] {dag.py:2935} INFO - Setting next_dagrun for example_branch_operator to 2022-11-28 00:00:00+00:00
[2022-11-29 06:38:13,154] {processor.py:171} INFO - Processing /Users/libin3.mathew/opt/anaconda3/envs/airflow_env/lib/python3.9/site-packages/airflow/example_dags/example_branch_operator.py took 0.062 seconds
