[2022-11-29 06:32:59,432] {processor.py:163} INFO - Started process (PID=56945) to work on /Users/libin3.mathew/opt/anaconda3/envs/airflow_env/lib/python3.9/site-packages/airflow/example_dags/example_branch_python_dop_operator_3.py
[2022-11-29 06:32:59,433] {processor.py:642} INFO - Processing file /Users/libin3.mathew/opt/anaconda3/envs/airflow_env/lib/python3.9/site-packages/airflow/example_dags/example_branch_python_dop_operator_3.py for tasks to queue
[2022-11-29 06:32:59,433] {logging_mixin.py:109} INFO - [2022-11-29 06:32:59,433] {dagbag.py:500} INFO - Filling up the DagBag from /Users/libin3.mathew/opt/anaconda3/envs/airflow_env/lib/python3.9/site-packages/airflow/example_dags/example_branch_python_dop_operator_3.py
[2022-11-29 06:32:59,481] {processor.py:654} INFO - DAG(s) dict_keys(['example_branch_dop_operator_v3']) retrieved from /Users/libin3.mathew/opt/anaconda3/envs/airflow_env/lib/python3.9/site-packages/airflow/example_dags/example_branch_python_dop_operator_3.py
[2022-11-29 06:32:59,499] {logging_mixin.py:109} INFO - [2022-11-29 06:32:59,498] {dag.py:2396} INFO - Sync 1 DAGs
[2022-11-29 06:32:59,516] {logging_mixin.py:109} INFO - [2022-11-29 06:32:59,516] {dag.py:2935} INFO - Setting next_dagrun for example_branch_dop_operator_v3 to 2022-11-29T01:01:00+00:00
[2022-11-29 06:32:59,524] {processor.py:171} INFO - Processing /Users/libin3.mathew/opt/anaconda3/envs/airflow_env/lib/python3.9/site-packages/airflow/example_dags/example_branch_python_dop_operator_3.py took 0.092 seconds
[2022-11-29 06:34:23,399] {processor.py:163} INFO - Started process (PID=57091) to work on /Users/libin3.mathew/opt/anaconda3/envs/airflow_env/lib/python3.9/site-packages/airflow/example_dags/example_branch_python_dop_operator_3.py
[2022-11-29 06:34:23,399] {processor.py:642} INFO - Processing file /Users/libin3.mathew/opt/anaconda3/envs/airflow_env/lib/python3.9/site-packages/airflow/example_dags/example_branch_python_dop_operator_3.py for tasks to queue
[2022-11-29 06:34:23,400] {logging_mixin.py:109} INFO - [2022-11-29 06:34:23,400] {dagbag.py:500} INFO - Filling up the DagBag from /Users/libin3.mathew/opt/anaconda3/envs/airflow_env/lib/python3.9/site-packages/airflow/example_dags/example_branch_python_dop_operator_3.py
[2022-11-29 06:34:23,452] {processor.py:654} INFO - DAG(s) dict_keys(['example_branch_dop_operator_v3']) retrieved from /Users/libin3.mathew/opt/anaconda3/envs/airflow_env/lib/python3.9/site-packages/airflow/example_dags/example_branch_python_dop_operator_3.py
[2022-11-29 06:34:23,471] {logging_mixin.py:109} INFO - [2022-11-29 06:34:23,471] {dag.py:2396} INFO - Sync 1 DAGs
[2022-11-29 06:34:23,484] {logging_mixin.py:109} INFO - [2022-11-29 06:34:23,483] {dag.py:2935} INFO - Setting next_dagrun for example_branch_dop_operator_v3 to 2022-11-29T01:03:00+00:00
[2022-11-29 06:34:23,491] {processor.py:171} INFO - Processing /Users/libin3.mathew/opt/anaconda3/envs/airflow_env/lib/python3.9/site-packages/airflow/example_dags/example_branch_python_dop_operator_3.py took 0.093 seconds
[2022-11-29 06:35:45,652] {processor.py:163} INFO - Started process (PID=57151) to work on /Users/libin3.mathew/opt/anaconda3/envs/airflow_env/lib/python3.9/site-packages/airflow/example_dags/example_branch_python_dop_operator_3.py
[2022-11-29 06:35:45,653] {processor.py:642} INFO - Processing file /Users/libin3.mathew/opt/anaconda3/envs/airflow_env/lib/python3.9/site-packages/airflow/example_dags/example_branch_python_dop_operator_3.py for tasks to queue
[2022-11-29 06:35:45,653] {logging_mixin.py:109} INFO - [2022-11-29 06:35:45,653] {dagbag.py:500} INFO - Filling up the DagBag from /Users/libin3.mathew/opt/anaconda3/envs/airflow_env/lib/python3.9/site-packages/airflow/example_dags/example_branch_python_dop_operator_3.py
[2022-11-29 06:35:45,697] {processor.py:654} INFO - DAG(s) dict_keys(['example_branch_dop_operator_v3']) retrieved from /Users/libin3.mathew/opt/anaconda3/envs/airflow_env/lib/python3.9/site-packages/airflow/example_dags/example_branch_python_dop_operator_3.py
[2022-11-29 06:35:45,713] {logging_mixin.py:109} INFO - [2022-11-29 06:35:45,713] {dag.py:2396} INFO - Sync 1 DAGs
[2022-11-29 06:35:45,726] {logging_mixin.py:109} INFO - [2022-11-29 06:35:45,726] {dag.py:2935} INFO - Setting next_dagrun for example_branch_dop_operator_v3 to 2022-11-29T01:04:00+00:00
[2022-11-29 06:35:45,732] {processor.py:171} INFO - Processing /Users/libin3.mathew/opt/anaconda3/envs/airflow_env/lib/python3.9/site-packages/airflow/example_dags/example_branch_python_dop_operator_3.py took 0.081 seconds
[2022-11-29 06:36:59,012] {processor.py:163} INFO - Started process (PID=57195) to work on /Users/libin3.mathew/opt/anaconda3/envs/airflow_env/lib/python3.9/site-packages/airflow/example_dags/example_branch_python_dop_operator_3.py
[2022-11-29 06:36:59,013] {processor.py:642} INFO - Processing file /Users/libin3.mathew/opt/anaconda3/envs/airflow_env/lib/python3.9/site-packages/airflow/example_dags/example_branch_python_dop_operator_3.py for tasks to queue
[2022-11-29 06:36:59,013] {logging_mixin.py:109} INFO - [2022-11-29 06:36:59,013] {dagbag.py:500} INFO - Filling up the DagBag from /Users/libin3.mathew/opt/anaconda3/envs/airflow_env/lib/python3.9/site-packages/airflow/example_dags/example_branch_python_dop_operator_3.py
[2022-11-29 06:36:59,056] {processor.py:654} INFO - DAG(s) dict_keys(['example_branch_dop_operator_v3']) retrieved from /Users/libin3.mathew/opt/anaconda3/envs/airflow_env/lib/python3.9/site-packages/airflow/example_dags/example_branch_python_dop_operator_3.py
[2022-11-29 06:36:59,073] {logging_mixin.py:109} INFO - [2022-11-29 06:36:59,072] {dag.py:2396} INFO - Sync 1 DAGs
[2022-11-29 06:36:59,085] {logging_mixin.py:109} INFO - [2022-11-29 06:36:59,085] {dag.py:2935} INFO - Setting next_dagrun for example_branch_dop_operator_v3 to 2022-11-29T01:05:00+00:00
[2022-11-29 06:36:59,092] {processor.py:171} INFO - Processing /Users/libin3.mathew/opt/anaconda3/envs/airflow_env/lib/python3.9/site-packages/airflow/example_dags/example_branch_python_dop_operator_3.py took 0.081 seconds
[2022-11-29 06:38:11,025] {processor.py:163} INFO - Started process (PID=57246) to work on /Users/libin3.mathew/opt/anaconda3/envs/airflow_env/lib/python3.9/site-packages/airflow/example_dags/example_branch_python_dop_operator_3.py
[2022-11-29 06:38:11,026] {processor.py:642} INFO - Processing file /Users/libin3.mathew/opt/anaconda3/envs/airflow_env/lib/python3.9/site-packages/airflow/example_dags/example_branch_python_dop_operator_3.py for tasks to queue
[2022-11-29 06:38:11,026] {logging_mixin.py:109} INFO - [2022-11-29 06:38:11,026] {dagbag.py:500} INFO - Filling up the DagBag from /Users/libin3.mathew/opt/anaconda3/envs/airflow_env/lib/python3.9/site-packages/airflow/example_dags/example_branch_python_dop_operator_3.py
[2022-11-29 06:38:11,054] {processor.py:654} INFO - DAG(s) dict_keys(['example_branch_dop_operator_v3']) retrieved from /Users/libin3.mathew/opt/anaconda3/envs/airflow_env/lib/python3.9/site-packages/airflow/example_dags/example_branch_python_dop_operator_3.py
[2022-11-29 06:38:11,064] {logging_mixin.py:109} INFO - [2022-11-29 06:38:11,064] {dag.py:2396} INFO - Sync 1 DAGs
[2022-11-29 06:38:11,072] {logging_mixin.py:109} INFO - [2022-11-29 06:38:11,072] {dag.py:2935} INFO - Setting next_dagrun for example_branch_dop_operator_v3 to 2022-11-29T01:07:00+00:00
[2022-11-29 06:38:11,077] {processor.py:171} INFO - Processing /Users/libin3.mathew/opt/anaconda3/envs/airflow_env/lib/python3.9/site-packages/airflow/example_dags/example_branch_python_dop_operator_3.py took 0.053 seconds
