[2022-11-29 06:32:51,037] {processor.py:163} INFO - Started process (PID=56905) to work on /Users/libin3.mathew/opt/anaconda3/envs/airflow_env/lib/python3.9/site-packages/airflow/example_dags/example_external_task_marker_dag.py
[2022-11-29 06:32:51,037] {processor.py:642} INFO - Processing file /Users/libin3.mathew/opt/anaconda3/envs/airflow_env/lib/python3.9/site-packages/airflow/example_dags/example_external_task_marker_dag.py for tasks to queue
[2022-11-29 06:32:51,037] {logging_mixin.py:109} INFO - [2022-11-29 06:32:51,037] {dagbag.py:500} INFO - Filling up the DagBag from /Users/libin3.mathew/opt/anaconda3/envs/airflow_env/lib/python3.9/site-packages/airflow/example_dags/example_external_task_marker_dag.py
[2022-11-29 06:32:51,070] {processor.py:654} INFO - DAG(s) dict_keys(['example_external_task_marker_parent', 'example_external_task_marker_child']) retrieved from /Users/libin3.mathew/opt/anaconda3/envs/airflow_env/lib/python3.9/site-packages/airflow/example_dags/example_external_task_marker_dag.py
[2022-11-29 06:32:51,091] {logging_mixin.py:109} INFO - [2022-11-29 06:32:51,091] {dag.py:2396} INFO - Sync 2 DAGs
[2022-11-29 06:32:51,101] {logging_mixin.py:109} INFO - [2022-11-29 06:32:51,100] {dag.py:2935} INFO - Setting next_dagrun for example_external_task_marker_child to None
[2022-11-29 06:32:51,101] {logging_mixin.py:109} INFO - [2022-11-29 06:32:51,101] {dag.py:2935} INFO - Setting next_dagrun for example_external_task_marker_parent to None
[2022-11-29 06:32:51,111] {processor.py:171} INFO - Processing /Users/libin3.mathew/opt/anaconda3/envs/airflow_env/lib/python3.9/site-packages/airflow/example_dags/example_external_task_marker_dag.py took 0.075 seconds
[2022-11-29 06:34:15,895] {processor.py:163} INFO - Started process (PID=57086) to work on /Users/libin3.mathew/opt/anaconda3/envs/airflow_env/lib/python3.9/site-packages/airflow/example_dags/example_external_task_marker_dag.py
[2022-11-29 06:34:15,896] {processor.py:642} INFO - Processing file /Users/libin3.mathew/opt/anaconda3/envs/airflow_env/lib/python3.9/site-packages/airflow/example_dags/example_external_task_marker_dag.py for tasks to queue
[2022-11-29 06:34:15,897] {logging_mixin.py:109} INFO - [2022-11-29 06:34:15,896] {dagbag.py:500} INFO - Filling up the DagBag from /Users/libin3.mathew/opt/anaconda3/envs/airflow_env/lib/python3.9/site-packages/airflow/example_dags/example_external_task_marker_dag.py
[2022-11-29 06:34:15,928] {processor.py:654} INFO - DAG(s) dict_keys(['example_external_task_marker_parent', 'example_external_task_marker_child']) retrieved from /Users/libin3.mathew/opt/anaconda3/envs/airflow_env/lib/python3.9/site-packages/airflow/example_dags/example_external_task_marker_dag.py
[2022-11-29 06:34:15,946] {logging_mixin.py:109} INFO - [2022-11-29 06:34:15,945] {dag.py:2396} INFO - Sync 2 DAGs
[2022-11-29 06:34:15,955] {logging_mixin.py:109} INFO - [2022-11-29 06:34:15,954] {dag.py:2935} INFO - Setting next_dagrun for example_external_task_marker_child to None
[2022-11-29 06:34:15,955] {logging_mixin.py:109} INFO - [2022-11-29 06:34:15,955] {dag.py:2935} INFO - Setting next_dagrun for example_external_task_marker_parent to None
[2022-11-29 06:34:15,963] {processor.py:171} INFO - Processing /Users/libin3.mathew/opt/anaconda3/envs/airflow_env/lib/python3.9/site-packages/airflow/example_dags/example_external_task_marker_dag.py took 0.068 seconds
[2022-11-29 06:35:37,701] {processor.py:163} INFO - Started process (PID=57148) to work on /Users/libin3.mathew/opt/anaconda3/envs/airflow_env/lib/python3.9/site-packages/airflow/example_dags/example_external_task_marker_dag.py
[2022-11-29 06:35:37,702] {processor.py:642} INFO - Processing file /Users/libin3.mathew/opt/anaconda3/envs/airflow_env/lib/python3.9/site-packages/airflow/example_dags/example_external_task_marker_dag.py for tasks to queue
[2022-11-29 06:35:37,702] {logging_mixin.py:109} INFO - [2022-11-29 06:35:37,702] {dagbag.py:500} INFO - Filling up the DagBag from /Users/libin3.mathew/opt/anaconda3/envs/airflow_env/lib/python3.9/site-packages/airflow/example_dags/example_external_task_marker_dag.py
[2022-11-29 06:35:37,734] {processor.py:654} INFO - DAG(s) dict_keys(['example_external_task_marker_parent', 'example_external_task_marker_child']) retrieved from /Users/libin3.mathew/opt/anaconda3/envs/airflow_env/lib/python3.9/site-packages/airflow/example_dags/example_external_task_marker_dag.py
[2022-11-29 06:35:37,752] {logging_mixin.py:109} INFO - [2022-11-29 06:35:37,752] {dag.py:2396} INFO - Sync 2 DAGs
[2022-11-29 06:35:37,761] {logging_mixin.py:109} INFO - [2022-11-29 06:35:37,761] {dag.py:2935} INFO - Setting next_dagrun for example_external_task_marker_child to None
[2022-11-29 06:35:37,761] {logging_mixin.py:109} INFO - [2022-11-29 06:35:37,761] {dag.py:2935} INFO - Setting next_dagrun for example_external_task_marker_parent to None
[2022-11-29 06:35:37,768] {processor.py:171} INFO - Processing /Users/libin3.mathew/opt/anaconda3/envs/airflow_env/lib/python3.9/site-packages/airflow/example_dags/example_external_task_marker_dag.py took 0.067 seconds
[2022-11-29 06:36:51,430] {processor.py:163} INFO - Started process (PID=57192) to work on /Users/libin3.mathew/opt/anaconda3/envs/airflow_env/lib/python3.9/site-packages/airflow/example_dags/example_external_task_marker_dag.py
[2022-11-29 06:36:51,431] {processor.py:642} INFO - Processing file /Users/libin3.mathew/opt/anaconda3/envs/airflow_env/lib/python3.9/site-packages/airflow/example_dags/example_external_task_marker_dag.py for tasks to queue
[2022-11-29 06:36:51,431] {logging_mixin.py:109} INFO - [2022-11-29 06:36:51,431] {dagbag.py:500} INFO - Filling up the DagBag from /Users/libin3.mathew/opt/anaconda3/envs/airflow_env/lib/python3.9/site-packages/airflow/example_dags/example_external_task_marker_dag.py
[2022-11-29 06:36:51,463] {processor.py:654} INFO - DAG(s) dict_keys(['example_external_task_marker_parent', 'example_external_task_marker_child']) retrieved from /Users/libin3.mathew/opt/anaconda3/envs/airflow_env/lib/python3.9/site-packages/airflow/example_dags/example_external_task_marker_dag.py
[2022-11-29 06:36:51,481] {logging_mixin.py:109} INFO - [2022-11-29 06:36:51,481] {dag.py:2396} INFO - Sync 2 DAGs
[2022-11-29 06:36:51,490] {logging_mixin.py:109} INFO - [2022-11-29 06:36:51,490] {dag.py:2935} INFO - Setting next_dagrun for example_external_task_marker_child to None
[2022-11-29 06:36:51,490] {logging_mixin.py:109} INFO - [2022-11-29 06:36:51,490] {dag.py:2935} INFO - Setting next_dagrun for example_external_task_marker_parent to None
[2022-11-29 06:36:51,497] {processor.py:171} INFO - Processing /Users/libin3.mathew/opt/anaconda3/envs/airflow_env/lib/python3.9/site-packages/airflow/example_dags/example_external_task_marker_dag.py took 0.067 seconds
[2022-11-29 06:38:05,140] {processor.py:163} INFO - Started process (PID=57243) to work on /Users/libin3.mathew/opt/anaconda3/envs/airflow_env/lib/python3.9/site-packages/airflow/example_dags/example_external_task_marker_dag.py
[2022-11-29 06:38:05,141] {processor.py:642} INFO - Processing file /Users/libin3.mathew/opt/anaconda3/envs/airflow_env/lib/python3.9/site-packages/airflow/example_dags/example_external_task_marker_dag.py for tasks to queue
[2022-11-29 06:38:05,141] {logging_mixin.py:109} INFO - [2022-11-29 06:38:05,141] {dagbag.py:500} INFO - Filling up the DagBag from /Users/libin3.mathew/opt/anaconda3/envs/airflow_env/lib/python3.9/site-packages/airflow/example_dags/example_external_task_marker_dag.py
[2022-11-29 06:38:05,171] {processor.py:654} INFO - DAG(s) dict_keys(['example_external_task_marker_parent', 'example_external_task_marker_child']) retrieved from /Users/libin3.mathew/opt/anaconda3/envs/airflow_env/lib/python3.9/site-packages/airflow/example_dags/example_external_task_marker_dag.py
[2022-11-29 06:38:05,183] {logging_mixin.py:109} INFO - [2022-11-29 06:38:05,183] {dag.py:2396} INFO - Sync 2 DAGs
[2022-11-29 06:38:05,188] {logging_mixin.py:109} INFO - [2022-11-29 06:38:05,188] {dag.py:2935} INFO - Setting next_dagrun for example_external_task_marker_child to None
[2022-11-29 06:38:05,188] {logging_mixin.py:109} INFO - [2022-11-29 06:38:05,188] {dag.py:2935} INFO - Setting next_dagrun for example_external_task_marker_parent to None
[2022-11-29 06:38:05,193] {processor.py:171} INFO - Processing /Users/libin3.mathew/opt/anaconda3/envs/airflow_env/lib/python3.9/site-packages/airflow/example_dags/example_external_task_marker_dag.py took 0.053 seconds
