[2022-11-29 06:33:05,016] {processor.py:163} INFO - Started process (PID=56963) to work on /Users/libin3.mathew/opt/anaconda3/envs/airflow_env/lib/python3.9/site-packages/airflow/example_dags/example_branch_labels.py
[2022-11-29 06:33:05,016] {processor.py:642} INFO - Processing file /Users/libin3.mathew/opt/anaconda3/envs/airflow_env/lib/python3.9/site-packages/airflow/example_dags/example_branch_labels.py for tasks to queue
[2022-11-29 06:33:05,016] {logging_mixin.py:109} INFO - [2022-11-29 06:33:05,016] {dagbag.py:500} INFO - Filling up the DagBag from /Users/libin3.mathew/opt/anaconda3/envs/airflow_env/lib/python3.9/site-packages/airflow/example_dags/example_branch_labels.py
[2022-11-29 06:33:05,053] {processor.py:654} INFO - DAG(s) dict_keys(['example_branch_labels']) retrieved from /Users/libin3.mathew/opt/anaconda3/envs/airflow_env/lib/python3.9/site-packages/airflow/example_dags/example_branch_labels.py
[2022-11-29 06:33:05,072] {logging_mixin.py:109} INFO - [2022-11-29 06:33:05,072] {dag.py:2396} INFO - Sync 1 DAGs
[2022-11-29 06:33:05,087] {logging_mixin.py:109} INFO - [2022-11-29 06:33:05,087] {dag.py:2935} INFO - Setting next_dagrun for example_branch_labels to 2022-11-28 00:00:00+00:00
[2022-11-29 06:33:05,098] {processor.py:171} INFO - Processing /Users/libin3.mathew/opt/anaconda3/envs/airflow_env/lib/python3.9/site-packages/airflow/example_dags/example_branch_labels.py took 0.083 seconds
[2022-11-29 06:34:28,778] {processor.py:163} INFO - Started process (PID=57093) to work on /Users/libin3.mathew/opt/anaconda3/envs/airflow_env/lib/python3.9/site-packages/airflow/example_dags/example_branch_labels.py
[2022-11-29 06:34:28,778] {processor.py:642} INFO - Processing file /Users/libin3.mathew/opt/anaconda3/envs/airflow_env/lib/python3.9/site-packages/airflow/example_dags/example_branch_labels.py for tasks to queue
[2022-11-29 06:34:28,779] {logging_mixin.py:109} INFO - [2022-11-29 06:34:28,778] {dagbag.py:500} INFO - Filling up the DagBag from /Users/libin3.mathew/opt/anaconda3/envs/airflow_env/lib/python3.9/site-packages/airflow/example_dags/example_branch_labels.py
[2022-11-29 06:34:28,815] {processor.py:654} INFO - DAG(s) dict_keys(['example_branch_labels']) retrieved from /Users/libin3.mathew/opt/anaconda3/envs/airflow_env/lib/python3.9/site-packages/airflow/example_dags/example_branch_labels.py
[2022-11-29 06:34:28,835] {logging_mixin.py:109} INFO - [2022-11-29 06:34:28,835] {dag.py:2396} INFO - Sync 1 DAGs
[2022-11-29 06:34:28,845] {logging_mixin.py:109} INFO - [2022-11-29 06:34:28,845] {dag.py:2935} INFO - Setting next_dagrun for example_branch_labels to 2022-11-28 00:00:00+00:00
[2022-11-29 06:34:28,853] {processor.py:171} INFO - Processing /Users/libin3.mathew/opt/anaconda3/envs/airflow_env/lib/python3.9/site-packages/airflow/example_dags/example_branch_labels.py took 0.076 seconds
[2022-11-29 06:35:50,098] {processor.py:163} INFO - Started process (PID=57153) to work on /Users/libin3.mathew/opt/anaconda3/envs/airflow_env/lib/python3.9/site-packages/airflow/example_dags/example_branch_labels.py
[2022-11-29 06:35:50,099] {processor.py:642} INFO - Processing file /Users/libin3.mathew/opt/anaconda3/envs/airflow_env/lib/python3.9/site-packages/airflow/example_dags/example_branch_labels.py for tasks to queue
[2022-11-29 06:35:50,100] {logging_mixin.py:109} INFO - [2022-11-29 06:35:50,100] {dagbag.py:500} INFO - Filling up the DagBag from /Users/libin3.mathew/opt/anaconda3/envs/airflow_env/lib/python3.9/site-packages/airflow/example_dags/example_branch_labels.py
[2022-11-29 06:35:50,132] {processor.py:654} INFO - DAG(s) dict_keys(['example_branch_labels']) retrieved from /Users/libin3.mathew/opt/anaconda3/envs/airflow_env/lib/python3.9/site-packages/airflow/example_dags/example_branch_labels.py
[2022-11-29 06:35:50,148] {logging_mixin.py:109} INFO - [2022-11-29 06:35:50,148] {dag.py:2396} INFO - Sync 1 DAGs
[2022-11-29 06:35:50,158] {logging_mixin.py:109} INFO - [2022-11-29 06:35:50,158] {dag.py:2935} INFO - Setting next_dagrun for example_branch_labels to 2022-11-28 00:00:00+00:00
[2022-11-29 06:35:50,164] {processor.py:171} INFO - Processing /Users/libin3.mathew/opt/anaconda3/envs/airflow_env/lib/python3.9/site-packages/airflow/example_dags/example_branch_labels.py took 0.066 seconds
[2022-11-29 06:37:04,185] {processor.py:163} INFO - Started process (PID=57198) to work on /Users/libin3.mathew/opt/anaconda3/envs/airflow_env/lib/python3.9/site-packages/airflow/example_dags/example_branch_labels.py
[2022-11-29 06:37:04,185] {processor.py:642} INFO - Processing file /Users/libin3.mathew/opt/anaconda3/envs/airflow_env/lib/python3.9/site-packages/airflow/example_dags/example_branch_labels.py for tasks to queue
[2022-11-29 06:37:04,186] {logging_mixin.py:109} INFO - [2022-11-29 06:37:04,186] {dagbag.py:500} INFO - Filling up the DagBag from /Users/libin3.mathew/opt/anaconda3/envs/airflow_env/lib/python3.9/site-packages/airflow/example_dags/example_branch_labels.py
[2022-11-29 06:37:04,216] {processor.py:654} INFO - DAG(s) dict_keys(['example_branch_labels']) retrieved from /Users/libin3.mathew/opt/anaconda3/envs/airflow_env/lib/python3.9/site-packages/airflow/example_dags/example_branch_labels.py
[2022-11-29 06:37:04,233] {logging_mixin.py:109} INFO - [2022-11-29 06:37:04,233] {dag.py:2396} INFO - Sync 1 DAGs
[2022-11-29 06:37:04,242] {logging_mixin.py:109} INFO - [2022-11-29 06:37:04,242] {dag.py:2935} INFO - Setting next_dagrun for example_branch_labels to 2022-11-28 00:00:00+00:00
[2022-11-29 06:37:04,249] {processor.py:171} INFO - Processing /Users/libin3.mathew/opt/anaconda3/envs/airflow_env/lib/python3.9/site-packages/airflow/example_dags/example_branch_labels.py took 0.065 seconds
[2022-11-29 06:38:15,186] {processor.py:163} INFO - Started process (PID=57248) to work on /Users/libin3.mathew/opt/anaconda3/envs/airflow_env/lib/python3.9/site-packages/airflow/example_dags/example_branch_labels.py
[2022-11-29 06:38:15,188] {processor.py:642} INFO - Processing file /Users/libin3.mathew/opt/anaconda3/envs/airflow_env/lib/python3.9/site-packages/airflow/example_dags/example_branch_labels.py for tasks to queue
[2022-11-29 06:38:15,188] {logging_mixin.py:109} INFO - [2022-11-29 06:38:15,188] {dagbag.py:500} INFO - Filling up the DagBag from /Users/libin3.mathew/opt/anaconda3/envs/airflow_env/lib/python3.9/site-packages/airflow/example_dags/example_branch_labels.py
[2022-11-29 06:38:15,212] {processor.py:654} INFO - DAG(s) dict_keys(['example_branch_labels']) retrieved from /Users/libin3.mathew/opt/anaconda3/envs/airflow_env/lib/python3.9/site-packages/airflow/example_dags/example_branch_labels.py
[2022-11-29 06:38:15,222] {logging_mixin.py:109} INFO - [2022-11-29 06:38:15,222] {dag.py:2396} INFO - Sync 1 DAGs
[2022-11-29 06:38:15,228] {logging_mixin.py:109} INFO - [2022-11-29 06:38:15,228] {dag.py:2935} INFO - Setting next_dagrun for example_branch_labels to 2022-11-28 00:00:00+00:00
[2022-11-29 06:38:15,232] {processor.py:171} INFO - Processing /Users/libin3.mathew/opt/anaconda3/envs/airflow_env/lib/python3.9/site-packages/airflow/example_dags/example_branch_labels.py took 0.046 seconds
