[2022-11-29 06:32:41,320] {processor.py:163} INFO - Started process (PID=56848) to work on /Users/libin3.mathew/opt/anaconda3/envs/airflow_env/lib/python3.9/site-packages/airflow/example_dags/example_nested_branch_dag.py
[2022-11-29 06:32:41,321] {processor.py:642} INFO - Processing file /Users/libin3.mathew/opt/anaconda3/envs/airflow_env/lib/python3.9/site-packages/airflow/example_dags/example_nested_branch_dag.py for tasks to queue
[2022-11-29 06:32:41,321] {logging_mixin.py:109} INFO - [2022-11-29 06:32:41,321] {dagbag.py:500} INFO - Filling up the DagBag from /Users/libin3.mathew/opt/anaconda3/envs/airflow_env/lib/python3.9/site-packages/airflow/example_dags/example_nested_branch_dag.py
[2022-11-29 06:32:41,359] {processor.py:654} INFO - DAG(s) dict_keys(['example_nested_branch_dag']) retrieved from /Users/libin3.mathew/opt/anaconda3/envs/airflow_env/lib/python3.9/site-packages/airflow/example_dags/example_nested_branch_dag.py
[2022-11-29 06:32:41,371] {logging_mixin.py:109} INFO - [2022-11-29 06:32:41,371] {dag.py:2396} INFO - Sync 1 DAGs
[2022-11-29 06:32:41,378] {logging_mixin.py:109} INFO - [2022-11-29 06:32:41,378] {dag.py:2935} INFO - Setting next_dagrun for example_nested_branch_dag to 2022-11-28 00:00:00+00:00
[2022-11-29 06:32:41,382] {processor.py:171} INFO - Processing /Users/libin3.mathew/opt/anaconda3/envs/airflow_env/lib/python3.9/site-packages/airflow/example_dags/example_nested_branch_dag.py took 0.063 seconds
[2022-11-29 06:34:06,974] {processor.py:163} INFO - Started process (PID=57081) to work on /Users/libin3.mathew/opt/anaconda3/envs/airflow_env/lib/python3.9/site-packages/airflow/example_dags/example_nested_branch_dag.py
[2022-11-29 06:34:06,974] {processor.py:642} INFO - Processing file /Users/libin3.mathew/opt/anaconda3/envs/airflow_env/lib/python3.9/site-packages/airflow/example_dags/example_nested_branch_dag.py for tasks to queue
[2022-11-29 06:34:06,975] {logging_mixin.py:109} INFO - [2022-11-29 06:34:06,975] {dagbag.py:500} INFO - Filling up the DagBag from /Users/libin3.mathew/opt/anaconda3/envs/airflow_env/lib/python3.9/site-packages/airflow/example_dags/example_nested_branch_dag.py
[2022-11-29 06:34:07,015] {processor.py:654} INFO - DAG(s) dict_keys(['example_nested_branch_dag']) retrieved from /Users/libin3.mathew/opt/anaconda3/envs/airflow_env/lib/python3.9/site-packages/airflow/example_dags/example_nested_branch_dag.py
[2022-11-29 06:34:07,032] {logging_mixin.py:109} INFO - [2022-11-29 06:34:07,032] {dag.py:2396} INFO - Sync 1 DAGs
[2022-11-29 06:34:07,042] {logging_mixin.py:109} INFO - [2022-11-29 06:34:07,042] {dag.py:2935} INFO - Setting next_dagrun for example_nested_branch_dag to 2022-11-28 00:00:00+00:00
[2022-11-29 06:34:07,049] {processor.py:171} INFO - Processing /Users/libin3.mathew/opt/anaconda3/envs/airflow_env/lib/python3.9/site-packages/airflow/example_dags/example_nested_branch_dag.py took 0.075 seconds
[2022-11-29 06:35:28,810] {processor.py:163} INFO - Started process (PID=57142) to work on /Users/libin3.mathew/opt/anaconda3/envs/airflow_env/lib/python3.9/site-packages/airflow/example_dags/example_nested_branch_dag.py
[2022-11-29 06:35:28,811] {processor.py:642} INFO - Processing file /Users/libin3.mathew/opt/anaconda3/envs/airflow_env/lib/python3.9/site-packages/airflow/example_dags/example_nested_branch_dag.py for tasks to queue
[2022-11-29 06:35:28,811] {logging_mixin.py:109} INFO - [2022-11-29 06:35:28,811] {dagbag.py:500} INFO - Filling up the DagBag from /Users/libin3.mathew/opt/anaconda3/envs/airflow_env/lib/python3.9/site-packages/airflow/example_dags/example_nested_branch_dag.py
[2022-11-29 06:35:28,855] {processor.py:654} INFO - DAG(s) dict_keys(['example_nested_branch_dag']) retrieved from /Users/libin3.mathew/opt/anaconda3/envs/airflow_env/lib/python3.9/site-packages/airflow/example_dags/example_nested_branch_dag.py
[2022-11-29 06:35:28,872] {logging_mixin.py:109} INFO - [2022-11-29 06:35:28,872] {dag.py:2396} INFO - Sync 1 DAGs
[2022-11-29 06:35:28,882] {logging_mixin.py:109} INFO - [2022-11-29 06:35:28,882] {dag.py:2935} INFO - Setting next_dagrun for example_nested_branch_dag to 2022-11-28 00:00:00+00:00
[2022-11-29 06:35:28,889] {processor.py:171} INFO - Processing /Users/libin3.mathew/opt/anaconda3/envs/airflow_env/lib/python3.9/site-packages/airflow/example_dags/example_nested_branch_dag.py took 0.080 seconds
[2022-11-29 06:36:41,708] {processor.py:163} INFO - Started process (PID=57188) to work on /Users/libin3.mathew/opt/anaconda3/envs/airflow_env/lib/python3.9/site-packages/airflow/example_dags/example_nested_branch_dag.py
[2022-11-29 06:36:41,709] {processor.py:642} INFO - Processing file /Users/libin3.mathew/opt/anaconda3/envs/airflow_env/lib/python3.9/site-packages/airflow/example_dags/example_nested_branch_dag.py for tasks to queue
[2022-11-29 06:36:41,709] {logging_mixin.py:109} INFO - [2022-11-29 06:36:41,709] {dagbag.py:500} INFO - Filling up the DagBag from /Users/libin3.mathew/opt/anaconda3/envs/airflow_env/lib/python3.9/site-packages/airflow/example_dags/example_nested_branch_dag.py
[2022-11-29 06:36:41,755] {processor.py:654} INFO - DAG(s) dict_keys(['example_nested_branch_dag']) retrieved from /Users/libin3.mathew/opt/anaconda3/envs/airflow_env/lib/python3.9/site-packages/airflow/example_dags/example_nested_branch_dag.py
[2022-11-29 06:36:41,772] {logging_mixin.py:109} INFO - [2022-11-29 06:36:41,772] {dag.py:2396} INFO - Sync 1 DAGs
[2022-11-29 06:36:41,784] {logging_mixin.py:109} INFO - [2022-11-29 06:36:41,783] {dag.py:2935} INFO - Setting next_dagrun for example_nested_branch_dag to 2022-11-28 00:00:00+00:00
[2022-11-29 06:36:41,791] {processor.py:171} INFO - Processing /Users/libin3.mathew/opt/anaconda3/envs/airflow_env/lib/python3.9/site-packages/airflow/example_dags/example_nested_branch_dag.py took 0.083 seconds
[2022-11-29 06:37:56,967] {processor.py:163} INFO - Started process (PID=57239) to work on /Users/libin3.mathew/opt/anaconda3/envs/airflow_env/lib/python3.9/site-packages/airflow/example_dags/example_nested_branch_dag.py
[2022-11-29 06:37:56,968] {processor.py:642} INFO - Processing file /Users/libin3.mathew/opt/anaconda3/envs/airflow_env/lib/python3.9/site-packages/airflow/example_dags/example_nested_branch_dag.py for tasks to queue
[2022-11-29 06:37:56,968] {logging_mixin.py:109} INFO - [2022-11-29 06:37:56,968] {dagbag.py:500} INFO - Filling up the DagBag from /Users/libin3.mathew/opt/anaconda3/envs/airflow_env/lib/python3.9/site-packages/airflow/example_dags/example_nested_branch_dag.py
[2022-11-29 06:37:56,999] {processor.py:654} INFO - DAG(s) dict_keys(['example_nested_branch_dag']) retrieved from /Users/libin3.mathew/opt/anaconda3/envs/airflow_env/lib/python3.9/site-packages/airflow/example_dags/example_nested_branch_dag.py
[2022-11-29 06:37:57,010] {logging_mixin.py:109} INFO - [2022-11-29 06:37:57,010] {dag.py:2396} INFO - Sync 1 DAGs
[2022-11-29 06:37:57,016] {logging_mixin.py:109} INFO - [2022-11-29 06:37:57,016] {dag.py:2935} INFO - Setting next_dagrun for example_nested_branch_dag to 2022-11-28 00:00:00+00:00
[2022-11-29 06:37:57,021] {processor.py:171} INFO - Processing /Users/libin3.mathew/opt/anaconda3/envs/airflow_env/lib/python3.9/site-packages/airflow/example_dags/example_nested_branch_dag.py took 0.055 seconds
