[2022-11-29 06:33:10,946] {processor.py:163} INFO - Started process (PID=56985) to work on /Users/libin3.mathew/opt/anaconda3/envs/airflow_env/lib/python3.9/site-packages/airflow/example_dags/example_branch_datetime_operator.py
[2022-11-29 06:33:10,946] {processor.py:642} INFO - Processing file /Users/libin3.mathew/opt/anaconda3/envs/airflow_env/lib/python3.9/site-packages/airflow/example_dags/example_branch_datetime_operator.py for tasks to queue
[2022-11-29 06:33:10,947] {logging_mixin.py:109} INFO - [2022-11-29 06:33:10,947] {dagbag.py:500} INFO - Filling up the DagBag from /Users/libin3.mathew/opt/anaconda3/envs/airflow_env/lib/python3.9/site-packages/airflow/example_dags/example_branch_datetime_operator.py
[2022-11-29 06:33:10,983] {processor.py:654} INFO - DAG(s) dict_keys(['example_branch_datetime_operator_2']) retrieved from /Users/libin3.mathew/opt/anaconda3/envs/airflow_env/lib/python3.9/site-packages/airflow/example_dags/example_branch_datetime_operator.py
[2022-11-29 06:33:11,001] {logging_mixin.py:109} INFO - [2022-11-29 06:33:11,001] {dag.py:2396} INFO - Sync 1 DAGs
[2022-11-29 06:33:11,012] {logging_mixin.py:109} INFO - [2022-11-29 06:33:11,012] {dag.py:2935} INFO - Setting next_dagrun for example_branch_datetime_operator_2 to 2022-11-28 00:00:00+00:00
[2022-11-29 06:33:11,020] {processor.py:171} INFO - Processing /Users/libin3.mathew/opt/anaconda3/envs/airflow_env/lib/python3.9/site-packages/airflow/example_dags/example_branch_datetime_operator.py took 0.075 seconds
[2022-11-29 06:34:34,039] {processor.py:163} INFO - Started process (PID=57096) to work on /Users/libin3.mathew/opt/anaconda3/envs/airflow_env/lib/python3.9/site-packages/airflow/example_dags/example_branch_datetime_operator.py
[2022-11-29 06:34:34,039] {processor.py:642} INFO - Processing file /Users/libin3.mathew/opt/anaconda3/envs/airflow_env/lib/python3.9/site-packages/airflow/example_dags/example_branch_datetime_operator.py for tasks to queue
[2022-11-29 06:34:34,040] {logging_mixin.py:109} INFO - [2022-11-29 06:34:34,040] {dagbag.py:500} INFO - Filling up the DagBag from /Users/libin3.mathew/opt/anaconda3/envs/airflow_env/lib/python3.9/site-packages/airflow/example_dags/example_branch_datetime_operator.py
[2022-11-29 06:34:34,073] {processor.py:654} INFO - DAG(s) dict_keys(['example_branch_datetime_operator_2']) retrieved from /Users/libin3.mathew/opt/anaconda3/envs/airflow_env/lib/python3.9/site-packages/airflow/example_dags/example_branch_datetime_operator.py
[2022-11-29 06:34:34,089] {logging_mixin.py:109} INFO - [2022-11-29 06:34:34,088] {dag.py:2396} INFO - Sync 1 DAGs
[2022-11-29 06:34:34,097] {logging_mixin.py:109} INFO - [2022-11-29 06:34:34,097] {dag.py:2935} INFO - Setting next_dagrun for example_branch_datetime_operator_2 to 2022-11-28 00:00:00+00:00
[2022-11-29 06:34:34,105] {processor.py:171} INFO - Processing /Users/libin3.mathew/opt/anaconda3/envs/airflow_env/lib/python3.9/site-packages/airflow/example_dags/example_branch_datetime_operator.py took 0.067 seconds
[2022-11-29 06:35:54,370] {processor.py:163} INFO - Started process (PID=57155) to work on /Users/libin3.mathew/opt/anaconda3/envs/airflow_env/lib/python3.9/site-packages/airflow/example_dags/example_branch_datetime_operator.py
[2022-11-29 06:35:54,371] {processor.py:642} INFO - Processing file /Users/libin3.mathew/opt/anaconda3/envs/airflow_env/lib/python3.9/site-packages/airflow/example_dags/example_branch_datetime_operator.py for tasks to queue
[2022-11-29 06:35:54,371] {logging_mixin.py:109} INFO - [2022-11-29 06:35:54,371] {dagbag.py:500} INFO - Filling up the DagBag from /Users/libin3.mathew/opt/anaconda3/envs/airflow_env/lib/python3.9/site-packages/airflow/example_dags/example_branch_datetime_operator.py
[2022-11-29 06:35:54,396] {processor.py:654} INFO - DAG(s) dict_keys(['example_branch_datetime_operator_2']) retrieved from /Users/libin3.mathew/opt/anaconda3/envs/airflow_env/lib/python3.9/site-packages/airflow/example_dags/example_branch_datetime_operator.py
[2022-11-29 06:35:54,409] {logging_mixin.py:109} INFO - [2022-11-29 06:35:54,408] {dag.py:2396} INFO - Sync 1 DAGs
[2022-11-29 06:35:54,415] {logging_mixin.py:109} INFO - [2022-11-29 06:35:54,415] {dag.py:2935} INFO - Setting next_dagrun for example_branch_datetime_operator_2 to 2022-11-28 00:00:00+00:00
[2022-11-29 06:35:54,422] {processor.py:171} INFO - Processing /Users/libin3.mathew/opt/anaconda3/envs/airflow_env/lib/python3.9/site-packages/airflow/example_dags/example_branch_datetime_operator.py took 0.052 seconds
[2022-11-29 06:37:09,241] {processor.py:163} INFO - Started process (PID=57200) to work on /Users/libin3.mathew/opt/anaconda3/envs/airflow_env/lib/python3.9/site-packages/airflow/example_dags/example_branch_datetime_operator.py
[2022-11-29 06:37:09,241] {processor.py:642} INFO - Processing file /Users/libin3.mathew/opt/anaconda3/envs/airflow_env/lib/python3.9/site-packages/airflow/example_dags/example_branch_datetime_operator.py for tasks to queue
[2022-11-29 06:37:09,242] {logging_mixin.py:109} INFO - [2022-11-29 06:37:09,242] {dagbag.py:500} INFO - Filling up the DagBag from /Users/libin3.mathew/opt/anaconda3/envs/airflow_env/lib/python3.9/site-packages/airflow/example_dags/example_branch_datetime_operator.py
[2022-11-29 06:37:09,274] {processor.py:654} INFO - DAG(s) dict_keys(['example_branch_datetime_operator_2']) retrieved from /Users/libin3.mathew/opt/anaconda3/envs/airflow_env/lib/python3.9/site-packages/airflow/example_dags/example_branch_datetime_operator.py
[2022-11-29 06:37:09,290] {logging_mixin.py:109} INFO - [2022-11-29 06:37:09,290] {dag.py:2396} INFO - Sync 1 DAGs
[2022-11-29 06:37:09,300] {logging_mixin.py:109} INFO - [2022-11-29 06:37:09,300] {dag.py:2935} INFO - Setting next_dagrun for example_branch_datetime_operator_2 to 2022-11-28 00:00:00+00:00
[2022-11-29 06:37:09,308] {processor.py:171} INFO - Processing /Users/libin3.mathew/opt/anaconda3/envs/airflow_env/lib/python3.9/site-packages/airflow/example_dags/example_branch_datetime_operator.py took 0.068 seconds
[2022-11-29 06:38:19,168] {processor.py:163} INFO - Started process (PID=57251) to work on /Users/libin3.mathew/opt/anaconda3/envs/airflow_env/lib/python3.9/site-packages/airflow/example_dags/example_branch_datetime_operator.py
[2022-11-29 06:38:19,170] {processor.py:642} INFO - Processing file /Users/libin3.mathew/opt/anaconda3/envs/airflow_env/lib/python3.9/site-packages/airflow/example_dags/example_branch_datetime_operator.py for tasks to queue
[2022-11-29 06:38:19,170] {logging_mixin.py:109} INFO - [2022-11-29 06:38:19,170] {dagbag.py:500} INFO - Filling up the DagBag from /Users/libin3.mathew/opt/anaconda3/envs/airflow_env/lib/python3.9/site-packages/airflow/example_dags/example_branch_datetime_operator.py
[2022-11-29 06:38:19,197] {processor.py:654} INFO - DAG(s) dict_keys(['example_branch_datetime_operator_2']) retrieved from /Users/libin3.mathew/opt/anaconda3/envs/airflow_env/lib/python3.9/site-packages/airflow/example_dags/example_branch_datetime_operator.py
[2022-11-29 06:38:19,207] {logging_mixin.py:109} INFO - [2022-11-29 06:38:19,207] {dag.py:2396} INFO - Sync 1 DAGs
[2022-11-29 06:38:19,214] {logging_mixin.py:109} INFO - [2022-11-29 06:38:19,214] {dag.py:2935} INFO - Setting next_dagrun for example_branch_datetime_operator_2 to 2022-11-28 00:00:00+00:00
[2022-11-29 06:38:19,218] {processor.py:171} INFO - Processing /Users/libin3.mathew/opt/anaconda3/envs/airflow_env/lib/python3.9/site-packages/airflow/example_dags/example_branch_datetime_operator.py took 0.050 seconds
