[2022-11-29 06:29:03,262] {processor.py:163} INFO - Started process (PID=56730) to work on /Users/libin3.mathew/opt/anaconda3/envs/airflow_env/lib/python3.9/site-packages/airflow/example_dags/example_trigger_target_dag.py
[2022-11-29 06:29:03,263] {processor.py:642} INFO - Processing file /Users/libin3.mathew/opt/anaconda3/envs/airflow_env/lib/python3.9/site-packages/airflow/example_dags/example_trigger_target_dag.py for tasks to queue
[2022-11-29 06:29:03,263] {logging_mixin.py:109} INFO - [2022-11-29 06:29:03,263] {dagbag.py:500} INFO - Filling up the DagBag from /Users/libin3.mathew/opt/anaconda3/envs/airflow_env/lib/python3.9/site-packages/airflow/example_dags/example_trigger_target_dag.py
[2022-11-29 06:29:03,298] {processor.py:654} INFO - DAG(s) dict_keys(['example_trigger_target_dag']) retrieved from /Users/libin3.mathew/opt/anaconda3/envs/airflow_env/lib/python3.9/site-packages/airflow/example_dags/example_trigger_target_dag.py
[2022-11-29 06:29:03,311] {logging_mixin.py:109} INFO - [2022-11-29 06:29:03,310] {dag.py:2396} INFO - Sync 1 DAGs
[2022-11-29 06:29:03,318] {logging_mixin.py:109} INFO - [2022-11-29 06:29:03,318] {dag.py:2935} INFO - Setting next_dagrun for example_trigger_target_dag to None
[2022-11-29 06:29:03,323] {processor.py:171} INFO - Processing /Users/libin3.mathew/opt/anaconda3/envs/airflow_env/lib/python3.9/site-packages/airflow/example_dags/example_trigger_target_dag.py took 0.062 seconds
[2022-11-29 06:32:17,896] {processor.py:163} INFO - Started process (PID=56831) to work on /Users/libin3.mathew/opt/anaconda3/envs/airflow_env/lib/python3.9/site-packages/airflow/example_dags/example_trigger_target_dag.py
[2022-11-29 06:32:17,896] {processor.py:642} INFO - Processing file /Users/libin3.mathew/opt/anaconda3/envs/airflow_env/lib/python3.9/site-packages/airflow/example_dags/example_trigger_target_dag.py for tasks to queue
[2022-11-29 06:32:17,896] {logging_mixin.py:109} INFO - [2022-11-29 06:32:17,896] {dagbag.py:500} INFO - Filling up the DagBag from /Users/libin3.mathew/opt/anaconda3/envs/airflow_env/lib/python3.9/site-packages/airflow/example_dags/example_trigger_target_dag.py
[2022-11-29 06:32:17,927] {processor.py:654} INFO - DAG(s) dict_keys(['example_trigger_target_dag']) retrieved from /Users/libin3.mathew/opt/anaconda3/envs/airflow_env/lib/python3.9/site-packages/airflow/example_dags/example_trigger_target_dag.py
[2022-11-29 06:32:17,938] {logging_mixin.py:109} INFO - [2022-11-29 06:32:17,938] {dag.py:2396} INFO - Sync 1 DAGs
[2022-11-29 06:32:17,944] {logging_mixin.py:109} INFO - [2022-11-29 06:32:17,944] {dag.py:2935} INFO - Setting next_dagrun for example_trigger_target_dag to None
[2022-11-29 06:32:17,950] {processor.py:171} INFO - Processing /Users/libin3.mathew/opt/anaconda3/envs/airflow_env/lib/python3.9/site-packages/airflow/example_dags/example_trigger_target_dag.py took 0.054 seconds
[2022-11-29 06:33:38,006] {processor.py:163} INFO - Started process (PID=57062) to work on /Users/libin3.mathew/opt/anaconda3/envs/airflow_env/lib/python3.9/site-packages/airflow/example_dags/example_trigger_target_dag.py
[2022-11-29 06:33:38,006] {processor.py:642} INFO - Processing file /Users/libin3.mathew/opt/anaconda3/envs/airflow_env/lib/python3.9/site-packages/airflow/example_dags/example_trigger_target_dag.py for tasks to queue
[2022-11-29 06:33:38,007] {logging_mixin.py:109} INFO - [2022-11-29 06:33:38,007] {dagbag.py:500} INFO - Filling up the DagBag from /Users/libin3.mathew/opt/anaconda3/envs/airflow_env/lib/python3.9/site-packages/airflow/example_dags/example_trigger_target_dag.py
[2022-11-29 06:33:38,050] {processor.py:654} INFO - DAG(s) dict_keys(['example_trigger_target_dag']) retrieved from /Users/libin3.mathew/opt/anaconda3/envs/airflow_env/lib/python3.9/site-packages/airflow/example_dags/example_trigger_target_dag.py
[2022-11-29 06:33:38,066] {logging_mixin.py:109} INFO - [2022-11-29 06:33:38,066] {dag.py:2396} INFO - Sync 1 DAGs
[2022-11-29 06:33:38,075] {logging_mixin.py:109} INFO - [2022-11-29 06:33:38,075] {dag.py:2935} INFO - Setting next_dagrun for example_trigger_target_dag to None
[2022-11-29 06:33:38,082] {processor.py:171} INFO - Processing /Users/libin3.mathew/opt/anaconda3/envs/airflow_env/lib/python3.9/site-packages/airflow/example_dags/example_trigger_target_dag.py took 0.077 seconds
[2022-11-29 06:35:01,622] {processor.py:163} INFO - Started process (PID=57122) to work on /Users/libin3.mathew/opt/anaconda3/envs/airflow_env/lib/python3.9/site-packages/airflow/example_dags/example_trigger_target_dag.py
[2022-11-29 06:35:01,623] {processor.py:642} INFO - Processing file /Users/libin3.mathew/opt/anaconda3/envs/airflow_env/lib/python3.9/site-packages/airflow/example_dags/example_trigger_target_dag.py for tasks to queue
[2022-11-29 06:35:01,623] {logging_mixin.py:109} INFO - [2022-11-29 06:35:01,623] {dagbag.py:500} INFO - Filling up the DagBag from /Users/libin3.mathew/opt/anaconda3/envs/airflow_env/lib/python3.9/site-packages/airflow/example_dags/example_trigger_target_dag.py
[2022-11-29 06:35:01,669] {processor.py:654} INFO - DAG(s) dict_keys(['example_trigger_target_dag']) retrieved from /Users/libin3.mathew/opt/anaconda3/envs/airflow_env/lib/python3.9/site-packages/airflow/example_dags/example_trigger_target_dag.py
[2022-11-29 06:35:01,685] {logging_mixin.py:109} INFO - [2022-11-29 06:35:01,685] {dag.py:2396} INFO - Sync 1 DAGs
[2022-11-29 06:35:01,695] {logging_mixin.py:109} INFO - [2022-11-29 06:35:01,695] {dag.py:2935} INFO - Setting next_dagrun for example_trigger_target_dag to None
[2022-11-29 06:35:01,702] {processor.py:171} INFO - Processing /Users/libin3.mathew/opt/anaconda3/envs/airflow_env/lib/python3.9/site-packages/airflow/example_dags/example_trigger_target_dag.py took 0.081 seconds
[2022-11-29 06:36:17,086] {processor.py:163} INFO - Started process (PID=57175) to work on /Users/libin3.mathew/opt/anaconda3/envs/airflow_env/lib/python3.9/site-packages/airflow/example_dags/example_trigger_target_dag.py
[2022-11-29 06:36:17,087] {processor.py:642} INFO - Processing file /Users/libin3.mathew/opt/anaconda3/envs/airflow_env/lib/python3.9/site-packages/airflow/example_dags/example_trigger_target_dag.py for tasks to queue
[2022-11-29 06:36:17,088] {logging_mixin.py:109} INFO - [2022-11-29 06:36:17,088] {dagbag.py:500} INFO - Filling up the DagBag from /Users/libin3.mathew/opt/anaconda3/envs/airflow_env/lib/python3.9/site-packages/airflow/example_dags/example_trigger_target_dag.py
[2022-11-29 06:36:17,134] {processor.py:654} INFO - DAG(s) dict_keys(['example_trigger_target_dag']) retrieved from /Users/libin3.mathew/opt/anaconda3/envs/airflow_env/lib/python3.9/site-packages/airflow/example_dags/example_trigger_target_dag.py
[2022-11-29 06:36:17,150] {logging_mixin.py:109} INFO - [2022-11-29 06:36:17,150] {dag.py:2396} INFO - Sync 1 DAGs
[2022-11-29 06:36:17,160] {logging_mixin.py:109} INFO - [2022-11-29 06:36:17,160] {dag.py:2935} INFO - Setting next_dagrun for example_trigger_target_dag to None
[2022-11-29 06:36:17,166] {processor.py:171} INFO - Processing /Users/libin3.mathew/opt/anaconda3/envs/airflow_env/lib/python3.9/site-packages/airflow/example_dags/example_trigger_target_dag.py took 0.080 seconds
[2022-11-29 06:37:35,519] {processor.py:163} INFO - Started process (PID=57221) to work on /Users/libin3.mathew/opt/anaconda3/envs/airflow_env/lib/python3.9/site-packages/airflow/example_dags/example_trigger_target_dag.py
[2022-11-29 06:37:35,519] {processor.py:642} INFO - Processing file /Users/libin3.mathew/opt/anaconda3/envs/airflow_env/lib/python3.9/site-packages/airflow/example_dags/example_trigger_target_dag.py for tasks to queue
[2022-11-29 06:37:35,519] {logging_mixin.py:109} INFO - [2022-11-29 06:37:35,519] {dagbag.py:500} INFO - Filling up the DagBag from /Users/libin3.mathew/opt/anaconda3/envs/airflow_env/lib/python3.9/site-packages/airflow/example_dags/example_trigger_target_dag.py
[2022-11-29 06:37:35,556] {processor.py:654} INFO - DAG(s) dict_keys(['example_trigger_target_dag']) retrieved from /Users/libin3.mathew/opt/anaconda3/envs/airflow_env/lib/python3.9/site-packages/airflow/example_dags/example_trigger_target_dag.py
[2022-11-29 06:37:35,569] {logging_mixin.py:109} INFO - [2022-11-29 06:37:35,569] {dag.py:2396} INFO - Sync 1 DAGs
[2022-11-29 06:37:35,577] {logging_mixin.py:109} INFO - [2022-11-29 06:37:35,576] {dag.py:2935} INFO - Setting next_dagrun for example_trigger_target_dag to None
[2022-11-29 06:37:35,583] {processor.py:171} INFO - Processing /Users/libin3.mathew/opt/anaconda3/envs/airflow_env/lib/python3.9/site-packages/airflow/example_dags/example_trigger_target_dag.py took 0.065 seconds
[2022-11-29 06:38:40,660] {processor.py:163} INFO - Started process (PID=57263) to work on /Users/libin3.mathew/opt/anaconda3/envs/airflow_env/lib/python3.9/site-packages/airflow/example_dags/example_trigger_target_dag.py
[2022-11-29 06:38:40,661] {processor.py:642} INFO - Processing file /Users/libin3.mathew/opt/anaconda3/envs/airflow_env/lib/python3.9/site-packages/airflow/example_dags/example_trigger_target_dag.py for tasks to queue
[2022-11-29 06:38:40,661] {logging_mixin.py:109} INFO - [2022-11-29 06:38:40,661] {dagbag.py:500} INFO - Filling up the DagBag from /Users/libin3.mathew/opt/anaconda3/envs/airflow_env/lib/python3.9/site-packages/airflow/example_dags/example_trigger_target_dag.py
[2022-11-29 06:38:40,707] {processor.py:654} INFO - DAG(s) dict_keys(['example_trigger_target_dag']) retrieved from /Users/libin3.mathew/opt/anaconda3/envs/airflow_env/lib/python3.9/site-packages/airflow/example_dags/example_trigger_target_dag.py
[2022-11-29 06:38:40,723] {logging_mixin.py:109} INFO - [2022-11-29 06:38:40,723] {dag.py:2396} INFO - Sync 1 DAGs
[2022-11-29 06:38:40,732] {logging_mixin.py:109} INFO - [2022-11-29 06:38:40,732] {dag.py:2935} INFO - Setting next_dagrun for example_trigger_target_dag to None
[2022-11-29 06:38:40,739] {processor.py:171} INFO - Processing /Users/libin3.mathew/opt/anaconda3/envs/airflow_env/lib/python3.9/site-packages/airflow/example_dags/example_trigger_target_dag.py took 0.080 seconds
