[2022-11-29 06:32:48,243] {processor.py:163} INFO - Started process (PID=56875) to work on /Users/libin3.mathew/opt/anaconda3/envs/airflow_env/lib/python3.9/site-packages/airflow/example_dags/example_kubernetes_executor.py
[2022-11-29 06:32:48,244] {processor.py:642} INFO - Processing file /Users/libin3.mathew/opt/anaconda3/envs/airflow_env/lib/python3.9/site-packages/airflow/example_dags/example_kubernetes_executor.py for tasks to queue
[2022-11-29 06:32:48,244] {logging_mixin.py:109} INFO - [2022-11-29 06:32:48,244] {dagbag.py:500} INFO - Filling up the DagBag from /Users/libin3.mathew/opt/anaconda3/envs/airflow_env/lib/python3.9/site-packages/airflow/example_dags/example_kubernetes_executor.py
[2022-11-29 06:32:48,271] {logging_mixin.py:109} INFO - [2022-11-29 06:32:48,271] {example_kubernetes_executor.py:38} WARNING - The example_kubernetes_executor example DAG requires the kubernetes provider. Please install it with: pip install apache-airflow[cncf.kubernetes]
[2022-11-29 06:32:48,310] {processor.py:656} WARNING - No viable dags retrieved from /Users/libin3.mathew/opt/anaconda3/envs/airflow_env/lib/python3.9/site-packages/airflow/example_dags/example_kubernetes_executor.py
[2022-11-29 06:32:48,313] {processor.py:171} INFO - Processing /Users/libin3.mathew/opt/anaconda3/envs/airflow_env/lib/python3.9/site-packages/airflow/example_dags/example_kubernetes_executor.py took 0.070 seconds
[2022-11-29 06:34:13,461] {processor.py:163} INFO - Started process (PID=57085) to work on /Users/libin3.mathew/opt/anaconda3/envs/airflow_env/lib/python3.9/site-packages/airflow/example_dags/example_kubernetes_executor.py
[2022-11-29 06:34:13,461] {processor.py:642} INFO - Processing file /Users/libin3.mathew/opt/anaconda3/envs/airflow_env/lib/python3.9/site-packages/airflow/example_dags/example_kubernetes_executor.py for tasks to queue
[2022-11-29 06:34:13,461] {logging_mixin.py:109} INFO - [2022-11-29 06:34:13,461] {dagbag.py:500} INFO - Filling up the DagBag from /Users/libin3.mathew/opt/anaconda3/envs/airflow_env/lib/python3.9/site-packages/airflow/example_dags/example_kubernetes_executor.py
[2022-11-29 06:34:13,480] {logging_mixin.py:109} INFO - [2022-11-29 06:34:13,480] {example_kubernetes_executor.py:38} WARNING - The example_kubernetes_executor example DAG requires the kubernetes provider. Please install it with: pip install apache-airflow[cncf.kubernetes]
[2022-11-29 06:34:13,502] {processor.py:656} WARNING - No viable dags retrieved from /Users/libin3.mathew/opt/anaconda3/envs/airflow_env/lib/python3.9/site-packages/airflow/example_dags/example_kubernetes_executor.py
[2022-11-29 06:34:13,504] {processor.py:171} INFO - Processing /Users/libin3.mathew/opt/anaconda3/envs/airflow_env/lib/python3.9/site-packages/airflow/example_dags/example_kubernetes_executor.py took 0.044 seconds
[2022-11-29 06:35:35,270] {processor.py:163} INFO - Started process (PID=57145) to work on /Users/libin3.mathew/opt/anaconda3/envs/airflow_env/lib/python3.9/site-packages/airflow/example_dags/example_kubernetes_executor.py
[2022-11-29 06:35:35,271] {processor.py:642} INFO - Processing file /Users/libin3.mathew/opt/anaconda3/envs/airflow_env/lib/python3.9/site-packages/airflow/example_dags/example_kubernetes_executor.py for tasks to queue
[2022-11-29 06:35:35,271] {logging_mixin.py:109} INFO - [2022-11-29 06:35:35,271] {dagbag.py:500} INFO - Filling up the DagBag from /Users/libin3.mathew/opt/anaconda3/envs/airflow_env/lib/python3.9/site-packages/airflow/example_dags/example_kubernetes_executor.py
[2022-11-29 06:35:35,295] {logging_mixin.py:109} INFO - [2022-11-29 06:35:35,295] {example_kubernetes_executor.py:38} WARNING - The example_kubernetes_executor example DAG requires the kubernetes provider. Please install it with: pip install apache-airflow[cncf.kubernetes]
[2022-11-29 06:35:35,317] {processor.py:656} WARNING - No viable dags retrieved from /Users/libin3.mathew/opt/anaconda3/envs/airflow_env/lib/python3.9/site-packages/airflow/example_dags/example_kubernetes_executor.py
[2022-11-29 06:35:35,318] {processor.py:171} INFO - Processing /Users/libin3.mathew/opt/anaconda3/envs/airflow_env/lib/python3.9/site-packages/airflow/example_dags/example_kubernetes_executor.py took 0.049 seconds
[2022-11-29 06:36:49,619] {processor.py:163} INFO - Started process (PID=57191) to work on /Users/libin3.mathew/opt/anaconda3/envs/airflow_env/lib/python3.9/site-packages/airflow/example_dags/example_kubernetes_executor.py
[2022-11-29 06:36:49,620] {processor.py:642} INFO - Processing file /Users/libin3.mathew/opt/anaconda3/envs/airflow_env/lib/python3.9/site-packages/airflow/example_dags/example_kubernetes_executor.py for tasks to queue
[2022-11-29 06:36:49,621] {logging_mixin.py:109} INFO - [2022-11-29 06:36:49,621] {dagbag.py:500} INFO - Filling up the DagBag from /Users/libin3.mathew/opt/anaconda3/envs/airflow_env/lib/python3.9/site-packages/airflow/example_dags/example_kubernetes_executor.py
[2022-11-29 06:36:49,642] {logging_mixin.py:109} INFO - [2022-11-29 06:36:49,642] {example_kubernetes_executor.py:38} WARNING - The example_kubernetes_executor example DAG requires the kubernetes provider. Please install it with: pip install apache-airflow[cncf.kubernetes]
[2022-11-29 06:36:49,663] {processor.py:656} WARNING - No viable dags retrieved from /Users/libin3.mathew/opt/anaconda3/envs/airflow_env/lib/python3.9/site-packages/airflow/example_dags/example_kubernetes_executor.py
[2022-11-29 06:36:49,665] {processor.py:171} INFO - Processing /Users/libin3.mathew/opt/anaconda3/envs/airflow_env/lib/python3.9/site-packages/airflow/example_dags/example_kubernetes_executor.py took 0.047 seconds
[2022-11-29 06:38:03,108] {processor.py:163} INFO - Started process (PID=57242) to work on /Users/libin3.mathew/opt/anaconda3/envs/airflow_env/lib/python3.9/site-packages/airflow/example_dags/example_kubernetes_executor.py
[2022-11-29 06:38:03,109] {processor.py:642} INFO - Processing file /Users/libin3.mathew/opt/anaconda3/envs/airflow_env/lib/python3.9/site-packages/airflow/example_dags/example_kubernetes_executor.py for tasks to queue
[2022-11-29 06:38:03,110] {logging_mixin.py:109} INFO - [2022-11-29 06:38:03,110] {dagbag.py:500} INFO - Filling up the DagBag from /Users/libin3.mathew/opt/anaconda3/envs/airflow_env/lib/python3.9/site-packages/airflow/example_dags/example_kubernetes_executor.py
[2022-11-29 06:38:03,123] {logging_mixin.py:109} INFO - [2022-11-29 06:38:03,123] {example_kubernetes_executor.py:38} WARNING - The example_kubernetes_executor example DAG requires the kubernetes provider. Please install it with: pip install apache-airflow[cncf.kubernetes]
[2022-11-29 06:38:03,138] {processor.py:656} WARNING - No viable dags retrieved from /Users/libin3.mathew/opt/anaconda3/envs/airflow_env/lib/python3.9/site-packages/airflow/example_dags/example_kubernetes_executor.py
[2022-11-29 06:38:03,139] {processor.py:171} INFO - Processing /Users/libin3.mathew/opt/anaconda3/envs/airflow_env/lib/python3.9/site-packages/airflow/example_dags/example_kubernetes_executor.py took 0.031 seconds
