[2022-11-29 06:33:13,699] {processor.py:163} INFO - Started process (PID=56991) to work on /Users/libin3.mathew/opt/anaconda3/envs/airflow_env/lib/python3.9/site-packages/airflow/example_dags/example_bash_operator.py
[2022-11-29 06:33:13,700] {processor.py:642} INFO - Processing file /Users/libin3.mathew/opt/anaconda3/envs/airflow_env/lib/python3.9/site-packages/airflow/example_dags/example_bash_operator.py for tasks to queue
[2022-11-29 06:33:13,700] {logging_mixin.py:109} INFO - [2022-11-29 06:33:13,700] {dagbag.py:500} INFO - Filling up the DagBag from /Users/libin3.mathew/opt/anaconda3/envs/airflow_env/lib/python3.9/site-packages/airflow/example_dags/example_bash_operator.py
[2022-11-29 06:33:13,737] {processor.py:654} INFO - DAG(s) dict_keys(['example_bash_operator']) retrieved from /Users/libin3.mathew/opt/anaconda3/envs/airflow_env/lib/python3.9/site-packages/airflow/example_dags/example_bash_operator.py
[2022-11-29 06:33:13,755] {logging_mixin.py:109} INFO - [2022-11-29 06:33:13,755] {dag.py:2396} INFO - Sync 1 DAGs
[2022-11-29 06:33:13,765] {logging_mixin.py:109} INFO - [2022-11-29 06:33:13,765] {dag.py:2935} INFO - Setting next_dagrun for example_bash_operator to 2022-11-29T00:00:00+00:00
[2022-11-29 06:33:13,773] {processor.py:171} INFO - Processing /Users/libin3.mathew/opt/anaconda3/envs/airflow_env/lib/python3.9/site-packages/airflow/example_dags/example_bash_operator.py took 0.074 seconds
[2022-11-29 06:34:36,662] {processor.py:163} INFO - Started process (PID=57097) to work on /Users/libin3.mathew/opt/anaconda3/envs/airflow_env/lib/python3.9/site-packages/airflow/example_dags/example_bash_operator.py
[2022-11-29 06:34:36,662] {processor.py:642} INFO - Processing file /Users/libin3.mathew/opt/anaconda3/envs/airflow_env/lib/python3.9/site-packages/airflow/example_dags/example_bash_operator.py for tasks to queue
[2022-11-29 06:34:36,662] {logging_mixin.py:109} INFO - [2022-11-29 06:34:36,662] {dagbag.py:500} INFO - Filling up the DagBag from /Users/libin3.mathew/opt/anaconda3/envs/airflow_env/lib/python3.9/site-packages/airflow/example_dags/example_bash_operator.py
[2022-11-29 06:34:36,695] {processor.py:654} INFO - DAG(s) dict_keys(['example_bash_operator']) retrieved from /Users/libin3.mathew/opt/anaconda3/envs/airflow_env/lib/python3.9/site-packages/airflow/example_dags/example_bash_operator.py
[2022-11-29 06:34:36,713] {logging_mixin.py:109} INFO - [2022-11-29 06:34:36,713] {dag.py:2396} INFO - Sync 1 DAGs
[2022-11-29 06:34:36,722] {logging_mixin.py:109} INFO - [2022-11-29 06:34:36,722] {dag.py:2935} INFO - Setting next_dagrun for example_bash_operator to 2022-11-28 00:00:00+00:00
[2022-11-29 06:34:36,729] {processor.py:171} INFO - Processing /Users/libin3.mathew/opt/anaconda3/envs/airflow_env/lib/python3.9/site-packages/airflow/example_dags/example_bash_operator.py took 0.068 seconds
[2022-11-29 06:35:56,780] {processor.py:163} INFO - Started process (PID=57156) to work on /Users/libin3.mathew/opt/anaconda3/envs/airflow_env/lib/python3.9/site-packages/airflow/example_dags/example_bash_operator.py
[2022-11-29 06:35:56,781] {processor.py:642} INFO - Processing file /Users/libin3.mathew/opt/anaconda3/envs/airflow_env/lib/python3.9/site-packages/airflow/example_dags/example_bash_operator.py for tasks to queue
[2022-11-29 06:35:56,781] {logging_mixin.py:109} INFO - [2022-11-29 06:35:56,781] {dagbag.py:500} INFO - Filling up the DagBag from /Users/libin3.mathew/opt/anaconda3/envs/airflow_env/lib/python3.9/site-packages/airflow/example_dags/example_bash_operator.py
[2022-11-29 06:35:56,817] {processor.py:654} INFO - DAG(s) dict_keys(['example_bash_operator']) retrieved from /Users/libin3.mathew/opt/anaconda3/envs/airflow_env/lib/python3.9/site-packages/airflow/example_dags/example_bash_operator.py
[2022-11-29 06:35:56,834] {logging_mixin.py:109} INFO - [2022-11-29 06:35:56,833] {dag.py:2396} INFO - Sync 1 DAGs
[2022-11-29 06:35:56,843] {logging_mixin.py:109} INFO - [2022-11-29 06:35:56,843] {dag.py:2935} INFO - Setting next_dagrun for example_bash_operator to 2022-11-28 00:00:00+00:00
[2022-11-29 06:35:56,850] {processor.py:171} INFO - Processing /Users/libin3.mathew/opt/anaconda3/envs/airflow_env/lib/python3.9/site-packages/airflow/example_dags/example_bash_operator.py took 0.070 seconds
[2022-11-29 06:37:11,788] {processor.py:163} INFO - Started process (PID=57202) to work on /Users/libin3.mathew/opt/anaconda3/envs/airflow_env/lib/python3.9/site-packages/airflow/example_dags/example_bash_operator.py
[2022-11-29 06:37:11,788] {processor.py:642} INFO - Processing file /Users/libin3.mathew/opt/anaconda3/envs/airflow_env/lib/python3.9/site-packages/airflow/example_dags/example_bash_operator.py for tasks to queue
[2022-11-29 06:37:11,788] {logging_mixin.py:109} INFO - [2022-11-29 06:37:11,788] {dagbag.py:500} INFO - Filling up the DagBag from /Users/libin3.mathew/opt/anaconda3/envs/airflow_env/lib/python3.9/site-packages/airflow/example_dags/example_bash_operator.py
[2022-11-29 06:37:11,822] {processor.py:654} INFO - DAG(s) dict_keys(['example_bash_operator']) retrieved from /Users/libin3.mathew/opt/anaconda3/envs/airflow_env/lib/python3.9/site-packages/airflow/example_dags/example_bash_operator.py
[2022-11-29 06:37:11,839] {logging_mixin.py:109} INFO - [2022-11-29 06:37:11,838] {dag.py:2396} INFO - Sync 1 DAGs
[2022-11-29 06:37:11,849] {logging_mixin.py:109} INFO - [2022-11-29 06:37:11,848] {dag.py:2935} INFO - Setting next_dagrun for example_bash_operator to 2022-11-28 00:00:00+00:00
[2022-11-29 06:37:11,857] {processor.py:171} INFO - Processing /Users/libin3.mathew/opt/anaconda3/envs/airflow_env/lib/python3.9/site-packages/airflow/example_dags/example_bash_operator.py took 0.070 seconds
[2022-11-29 06:38:21,231] {processor.py:163} INFO - Started process (PID=57252) to work on /Users/libin3.mathew/opt/anaconda3/envs/airflow_env/lib/python3.9/site-packages/airflow/example_dags/example_bash_operator.py
[2022-11-29 06:38:21,232] {processor.py:642} INFO - Processing file /Users/libin3.mathew/opt/anaconda3/envs/airflow_env/lib/python3.9/site-packages/airflow/example_dags/example_bash_operator.py for tasks to queue
[2022-11-29 06:38:21,232] {logging_mixin.py:109} INFO - [2022-11-29 06:38:21,232] {dagbag.py:500} INFO - Filling up the DagBag from /Users/libin3.mathew/opt/anaconda3/envs/airflow_env/lib/python3.9/site-packages/airflow/example_dags/example_bash_operator.py
[2022-11-29 06:38:21,259] {processor.py:654} INFO - DAG(s) dict_keys(['example_bash_operator']) retrieved from /Users/libin3.mathew/opt/anaconda3/envs/airflow_env/lib/python3.9/site-packages/airflow/example_dags/example_bash_operator.py
[2022-11-29 06:38:21,269] {logging_mixin.py:109} INFO - [2022-11-29 06:38:21,269] {dag.py:2396} INFO - Sync 1 DAGs
[2022-11-29 06:38:21,275] {logging_mixin.py:109} INFO - [2022-11-29 06:38:21,275] {dag.py:2935} INFO - Setting next_dagrun for example_bash_operator to 2022-11-28 00:00:00+00:00
[2022-11-29 06:38:21,280] {processor.py:171} INFO - Processing /Users/libin3.mathew/opt/anaconda3/envs/airflow_env/lib/python3.9/site-packages/airflow/example_dags/example_bash_operator.py took 0.050 seconds
