[2022-11-29 06:32:43,226] {processor.py:163} INFO - Started process (PID=56857) to work on /Users/libin3.mathew/opt/anaconda3/envs/airflow_env/lib/python3.9/site-packages/airflow/example_dags/example_latest_only_with_trigger.py
[2022-11-29 06:32:43,227] {processor.py:642} INFO - Processing file /Users/libin3.mathew/opt/anaconda3/envs/airflow_env/lib/python3.9/site-packages/airflow/example_dags/example_latest_only_with_trigger.py for tasks to queue
[2022-11-29 06:32:43,227] {logging_mixin.py:109} INFO - [2022-11-29 06:32:43,227] {dagbag.py:500} INFO - Filling up the DagBag from /Users/libin3.mathew/opt/anaconda3/envs/airflow_env/lib/python3.9/site-packages/airflow/example_dags/example_latest_only_with_trigger.py
[2022-11-29 06:32:43,258] {processor.py:654} INFO - DAG(s) dict_keys(['latest_only_with_trigger']) retrieved from /Users/libin3.mathew/opt/anaconda3/envs/airflow_env/lib/python3.9/site-packages/airflow/example_dags/example_latest_only_with_trigger.py
[2022-11-29 06:32:43,273] {logging_mixin.py:109} INFO - [2022-11-29 06:32:43,273] {dag.py:2396} INFO - Sync 1 DAGs
[2022-11-29 06:32:43,281] {logging_mixin.py:109} INFO - [2022-11-29 06:32:43,281] {dag.py:2935} INFO - Setting next_dagrun for latest_only_with_trigger to 2022-11-28T21:02:43.281232+00:00
[2022-11-29 06:32:43,288] {processor.py:171} INFO - Processing /Users/libin3.mathew/opt/anaconda3/envs/airflow_env/lib/python3.9/site-packages/airflow/example_dags/example_latest_only_with_trigger.py took 0.062 seconds
[2022-11-29 06:34:09,424] {processor.py:163} INFO - Started process (PID=57083) to work on /Users/libin3.mathew/opt/anaconda3/envs/airflow_env/lib/python3.9/site-packages/airflow/example_dags/example_latest_only_with_trigger.py
[2022-11-29 06:34:09,425] {processor.py:642} INFO - Processing file /Users/libin3.mathew/opt/anaconda3/envs/airflow_env/lib/python3.9/site-packages/airflow/example_dags/example_latest_only_with_trigger.py for tasks to queue
[2022-11-29 06:34:09,425] {logging_mixin.py:109} INFO - [2022-11-29 06:34:09,425] {dagbag.py:500} INFO - Filling up the DagBag from /Users/libin3.mathew/opt/anaconda3/envs/airflow_env/lib/python3.9/site-packages/airflow/example_dags/example_latest_only_with_trigger.py
[2022-11-29 06:34:09,456] {processor.py:654} INFO - DAG(s) dict_keys(['latest_only_with_trigger']) retrieved from /Users/libin3.mathew/opt/anaconda3/envs/airflow_env/lib/python3.9/site-packages/airflow/example_dags/example_latest_only_with_trigger.py
[2022-11-29 06:34:09,473] {logging_mixin.py:109} INFO - [2022-11-29 06:34:09,472] {dag.py:2396} INFO - Sync 1 DAGs
[2022-11-29 06:34:09,481] {logging_mixin.py:109} INFO - [2022-11-29 06:34:09,480] {dag.py:2935} INFO - Setting next_dagrun for latest_only_with_trigger to 2022-11-28T21:04:09.480810+00:00
[2022-11-29 06:34:09,488] {processor.py:171} INFO - Processing /Users/libin3.mathew/opt/anaconda3/envs/airflow_env/lib/python3.9/site-packages/airflow/example_dags/example_latest_only_with_trigger.py took 0.064 seconds
[2022-11-29 06:35:31,154] {processor.py:163} INFO - Started process (PID=57143) to work on /Users/libin3.mathew/opt/anaconda3/envs/airflow_env/lib/python3.9/site-packages/airflow/example_dags/example_latest_only_with_trigger.py
[2022-11-29 06:35:31,155] {processor.py:642} INFO - Processing file /Users/libin3.mathew/opt/anaconda3/envs/airflow_env/lib/python3.9/site-packages/airflow/example_dags/example_latest_only_with_trigger.py for tasks to queue
[2022-11-29 06:35:31,156] {logging_mixin.py:109} INFO - [2022-11-29 06:35:31,156] {dagbag.py:500} INFO - Filling up the DagBag from /Users/libin3.mathew/opt/anaconda3/envs/airflow_env/lib/python3.9/site-packages/airflow/example_dags/example_latest_only_with_trigger.py
[2022-11-29 06:35:31,188] {processor.py:654} INFO - DAG(s) dict_keys(['latest_only_with_trigger']) retrieved from /Users/libin3.mathew/opt/anaconda3/envs/airflow_env/lib/python3.9/site-packages/airflow/example_dags/example_latest_only_with_trigger.py
[2022-11-29 06:35:31,205] {logging_mixin.py:109} INFO - [2022-11-29 06:35:31,204] {dag.py:2396} INFO - Sync 1 DAGs
[2022-11-29 06:35:31,213] {logging_mixin.py:109} INFO - [2022-11-29 06:35:31,213] {dag.py:2935} INFO - Setting next_dagrun for latest_only_with_trigger to 2022-11-28T21:05:31.213032+00:00
[2022-11-29 06:35:31,219] {processor.py:171} INFO - Processing /Users/libin3.mathew/opt/anaconda3/envs/airflow_env/lib/python3.9/site-packages/airflow/example_dags/example_latest_only_with_trigger.py took 0.066 seconds
[2022-11-29 06:36:44,387] {processor.py:163} INFO - Started process (PID=57189) to work on /Users/libin3.mathew/opt/anaconda3/envs/airflow_env/lib/python3.9/site-packages/airflow/example_dags/example_latest_only_with_trigger.py
[2022-11-29 06:36:44,388] {processor.py:642} INFO - Processing file /Users/libin3.mathew/opt/anaconda3/envs/airflow_env/lib/python3.9/site-packages/airflow/example_dags/example_latest_only_with_trigger.py for tasks to queue
[2022-11-29 06:36:44,389] {logging_mixin.py:109} INFO - [2022-11-29 06:36:44,389] {dagbag.py:500} INFO - Filling up the DagBag from /Users/libin3.mathew/opt/anaconda3/envs/airflow_env/lib/python3.9/site-packages/airflow/example_dags/example_latest_only_with_trigger.py
[2022-11-29 06:36:44,425] {processor.py:654} INFO - DAG(s) dict_keys(['latest_only_with_trigger']) retrieved from /Users/libin3.mathew/opt/anaconda3/envs/airflow_env/lib/python3.9/site-packages/airflow/example_dags/example_latest_only_with_trigger.py
[2022-11-29 06:36:44,443] {logging_mixin.py:109} INFO - [2022-11-29 06:36:44,442] {dag.py:2396} INFO - Sync 1 DAGs
[2022-11-29 06:36:44,453] {logging_mixin.py:109} INFO - [2022-11-29 06:36:44,452] {dag.py:2935} INFO - Setting next_dagrun for latest_only_with_trigger to 2022-11-28T21:06:44.452787+00:00
[2022-11-29 06:36:44,460] {processor.py:171} INFO - Processing /Users/libin3.mathew/opt/anaconda3/envs/airflow_env/lib/python3.9/site-packages/airflow/example_dags/example_latest_only_with_trigger.py took 0.074 seconds
[2022-11-29 06:37:59,013] {processor.py:163} INFO - Started process (PID=57240) to work on /Users/libin3.mathew/opt/anaconda3/envs/airflow_env/lib/python3.9/site-packages/airflow/example_dags/example_latest_only_with_trigger.py
[2022-11-29 06:37:59,015] {processor.py:642} INFO - Processing file /Users/libin3.mathew/opt/anaconda3/envs/airflow_env/lib/python3.9/site-packages/airflow/example_dags/example_latest_only_with_trigger.py for tasks to queue
[2022-11-29 06:37:59,015] {logging_mixin.py:109} INFO - [2022-11-29 06:37:59,015] {dagbag.py:500} INFO - Filling up the DagBag from /Users/libin3.mathew/opt/anaconda3/envs/airflow_env/lib/python3.9/site-packages/airflow/example_dags/example_latest_only_with_trigger.py
[2022-11-29 06:37:59,041] {processor.py:654} INFO - DAG(s) dict_keys(['latest_only_with_trigger']) retrieved from /Users/libin3.mathew/opt/anaconda3/envs/airflow_env/lib/python3.9/site-packages/airflow/example_dags/example_latest_only_with_trigger.py
[2022-11-29 06:37:59,052] {logging_mixin.py:109} INFO - [2022-11-29 06:37:59,052] {dag.py:2396} INFO - Sync 1 DAGs
[2022-11-29 06:37:59,057] {logging_mixin.py:109} INFO - [2022-11-29 06:37:59,057] {dag.py:2935} INFO - Setting next_dagrun for latest_only_with_trigger to 2022-11-28T21:07:59.057522+00:00
[2022-11-29 06:37:59,062] {processor.py:171} INFO - Processing /Users/libin3.mathew/opt/anaconda3/envs/airflow_env/lib/python3.9/site-packages/airflow/example_dags/example_latest_only_with_trigger.py took 0.049 seconds
