[2022-11-29 06:29:05,466] {processor.py:163} INFO - Started process (PID=56731) to work on /Users/libin3.mathew/opt/anaconda3/envs/airflow_env/lib/python3.9/site-packages/airflow/example_dags/example_trigger_controller_dag.py
[2022-11-29 06:29:05,466] {processor.py:642} INFO - Processing file /Users/libin3.mathew/opt/anaconda3/envs/airflow_env/lib/python3.9/site-packages/airflow/example_dags/example_trigger_controller_dag.py for tasks to queue
[2022-11-29 06:29:05,466] {logging_mixin.py:109} INFO - [2022-11-29 06:29:05,466] {dagbag.py:500} INFO - Filling up the DagBag from /Users/libin3.mathew/opt/anaconda3/envs/airflow_env/lib/python3.9/site-packages/airflow/example_dags/example_trigger_controller_dag.py
[2022-11-29 06:29:05,487] {processor.py:654} INFO - DAG(s) dict_keys(['example_trigger_controller_dag']) retrieved from /Users/libin3.mathew/opt/anaconda3/envs/airflow_env/lib/python3.9/site-packages/airflow/example_dags/example_trigger_controller_dag.py
[2022-11-29 06:29:05,498] {logging_mixin.py:109} INFO - [2022-11-29 06:29:05,498] {dag.py:2396} INFO - Sync 1 DAGs
[2022-11-29 06:29:05,504] {logging_mixin.py:109} INFO - [2022-11-29 06:29:05,504] {dag.py:2935} INFO - Setting next_dagrun for example_trigger_controller_dag to 2021-01-01T00:00:00+00:00
[2022-11-29 06:29:05,510] {processor.py:171} INFO - Processing /Users/libin3.mathew/opt/anaconda3/envs/airflow_env/lib/python3.9/site-packages/airflow/example_dags/example_trigger_controller_dag.py took 0.044 seconds
[2022-11-29 06:32:20,015] {processor.py:163} INFO - Started process (PID=56832) to work on /Users/libin3.mathew/opt/anaconda3/envs/airflow_env/lib/python3.9/site-packages/airflow/example_dags/example_trigger_controller_dag.py
[2022-11-29 06:32:20,015] {processor.py:642} INFO - Processing file /Users/libin3.mathew/opt/anaconda3/envs/airflow_env/lib/python3.9/site-packages/airflow/example_dags/example_trigger_controller_dag.py for tasks to queue
[2022-11-29 06:32:20,015] {logging_mixin.py:109} INFO - [2022-11-29 06:32:20,015] {dagbag.py:500} INFO - Filling up the DagBag from /Users/libin3.mathew/opt/anaconda3/envs/airflow_env/lib/python3.9/site-packages/airflow/example_dags/example_trigger_controller_dag.py
[2022-11-29 06:32:20,034] {processor.py:654} INFO - DAG(s) dict_keys(['example_trigger_controller_dag']) retrieved from /Users/libin3.mathew/opt/anaconda3/envs/airflow_env/lib/python3.9/site-packages/airflow/example_dags/example_trigger_controller_dag.py
[2022-11-29 06:32:20,044] {logging_mixin.py:109} INFO - [2022-11-29 06:32:20,044] {dag.py:2396} INFO - Sync 1 DAGs
[2022-11-29 06:32:20,050] {logging_mixin.py:109} INFO - [2022-11-29 06:32:20,049] {dag.py:2935} INFO - Setting next_dagrun for example_trigger_controller_dag to 2021-01-01T00:00:00+00:00
[2022-11-29 06:32:20,055] {processor.py:171} INFO - Processing /Users/libin3.mathew/opt/anaconda3/envs/airflow_env/lib/python3.9/site-packages/airflow/example_dags/example_trigger_controller_dag.py took 0.040 seconds
[2022-11-29 06:33:40,590] {processor.py:163} INFO - Started process (PID=57063) to work on /Users/libin3.mathew/opt/anaconda3/envs/airflow_env/lib/python3.9/site-packages/airflow/example_dags/example_trigger_controller_dag.py
[2022-11-29 06:33:40,591] {processor.py:642} INFO - Processing file /Users/libin3.mathew/opt/anaconda3/envs/airflow_env/lib/python3.9/site-packages/airflow/example_dags/example_trigger_controller_dag.py for tasks to queue
[2022-11-29 06:33:40,591] {logging_mixin.py:109} INFO - [2022-11-29 06:33:40,591] {dagbag.py:500} INFO - Filling up the DagBag from /Users/libin3.mathew/opt/anaconda3/envs/airflow_env/lib/python3.9/site-packages/airflow/example_dags/example_trigger_controller_dag.py
[2022-11-29 06:33:40,623] {processor.py:654} INFO - DAG(s) dict_keys(['example_trigger_controller_dag']) retrieved from /Users/libin3.mathew/opt/anaconda3/envs/airflow_env/lib/python3.9/site-packages/airflow/example_dags/example_trigger_controller_dag.py
[2022-11-29 06:33:40,639] {logging_mixin.py:109} INFO - [2022-11-29 06:33:40,639] {dag.py:2396} INFO - Sync 1 DAGs
[2022-11-29 06:33:40,647] {logging_mixin.py:109} INFO - [2022-11-29 06:33:40,647] {dag.py:2935} INFO - Setting next_dagrun for example_trigger_controller_dag to 2021-01-01T00:00:00+00:00
[2022-11-29 06:33:40,655] {processor.py:171} INFO - Processing /Users/libin3.mathew/opt/anaconda3/envs/airflow_env/lib/python3.9/site-packages/airflow/example_dags/example_trigger_controller_dag.py took 0.065 seconds
[2022-11-29 06:35:04,229] {processor.py:163} INFO - Started process (PID=57124) to work on /Users/libin3.mathew/opt/anaconda3/envs/airflow_env/lib/python3.9/site-packages/airflow/example_dags/example_trigger_controller_dag.py
[2022-11-29 06:35:04,230] {processor.py:642} INFO - Processing file /Users/libin3.mathew/opt/anaconda3/envs/airflow_env/lib/python3.9/site-packages/airflow/example_dags/example_trigger_controller_dag.py for tasks to queue
[2022-11-29 06:35:04,230] {logging_mixin.py:109} INFO - [2022-11-29 06:35:04,230] {dagbag.py:500} INFO - Filling up the DagBag from /Users/libin3.mathew/opt/anaconda3/envs/airflow_env/lib/python3.9/site-packages/airflow/example_dags/example_trigger_controller_dag.py
[2022-11-29 06:35:04,264] {processor.py:654} INFO - DAG(s) dict_keys(['example_trigger_controller_dag']) retrieved from /Users/libin3.mathew/opt/anaconda3/envs/airflow_env/lib/python3.9/site-packages/airflow/example_dags/example_trigger_controller_dag.py
[2022-11-29 06:35:04,280] {logging_mixin.py:109} INFO - [2022-11-29 06:35:04,280] {dag.py:2396} INFO - Sync 1 DAGs
[2022-11-29 06:35:04,289] {logging_mixin.py:109} INFO - [2022-11-29 06:35:04,289] {dag.py:2935} INFO - Setting next_dagrun for example_trigger_controller_dag to 2021-01-01T00:00:00+00:00
[2022-11-29 06:35:04,297] {processor.py:171} INFO - Processing /Users/libin3.mathew/opt/anaconda3/envs/airflow_env/lib/python3.9/site-packages/airflow/example_dags/example_trigger_controller_dag.py took 0.068 seconds
[2022-11-29 06:36:19,513] {processor.py:163} INFO - Started process (PID=57178) to work on /Users/libin3.mathew/opt/anaconda3/envs/airflow_env/lib/python3.9/site-packages/airflow/example_dags/example_trigger_controller_dag.py
[2022-11-29 06:36:19,514] {processor.py:642} INFO - Processing file /Users/libin3.mathew/opt/anaconda3/envs/airflow_env/lib/python3.9/site-packages/airflow/example_dags/example_trigger_controller_dag.py for tasks to queue
[2022-11-29 06:36:19,515] {logging_mixin.py:109} INFO - [2022-11-29 06:36:19,515] {dagbag.py:500} INFO - Filling up the DagBag from /Users/libin3.mathew/opt/anaconda3/envs/airflow_env/lib/python3.9/site-packages/airflow/example_dags/example_trigger_controller_dag.py
[2022-11-29 06:36:19,547] {processor.py:654} INFO - DAG(s) dict_keys(['example_trigger_controller_dag']) retrieved from /Users/libin3.mathew/opt/anaconda3/envs/airflow_env/lib/python3.9/site-packages/airflow/example_dags/example_trigger_controller_dag.py
[2022-11-29 06:36:19,562] {logging_mixin.py:109} INFO - [2022-11-29 06:36:19,562] {dag.py:2396} INFO - Sync 1 DAGs
[2022-11-29 06:36:19,570] {logging_mixin.py:109} INFO - [2022-11-29 06:36:19,570] {dag.py:2935} INFO - Setting next_dagrun for example_trigger_controller_dag to 2021-01-01T00:00:00+00:00
[2022-11-29 06:36:19,577] {processor.py:171} INFO - Processing /Users/libin3.mathew/opt/anaconda3/envs/airflow_env/lib/python3.9/site-packages/airflow/example_dags/example_trigger_controller_dag.py took 0.064 seconds
[2022-11-29 06:37:36,974] {processor.py:163} INFO - Started process (PID=57222) to work on /Users/libin3.mathew/opt/anaconda3/envs/airflow_env/lib/python3.9/site-packages/airflow/example_dags/example_trigger_controller_dag.py
[2022-11-29 06:37:36,975] {processor.py:642} INFO - Processing file /Users/libin3.mathew/opt/anaconda3/envs/airflow_env/lib/python3.9/site-packages/airflow/example_dags/example_trigger_controller_dag.py for tasks to queue
[2022-11-29 06:37:36,975] {logging_mixin.py:109} INFO - [2022-11-29 06:37:36,975] {dagbag.py:500} INFO - Filling up the DagBag from /Users/libin3.mathew/opt/anaconda3/envs/airflow_env/lib/python3.9/site-packages/airflow/example_dags/example_trigger_controller_dag.py
[2022-11-29 06:37:36,999] {processor.py:654} INFO - DAG(s) dict_keys(['example_trigger_controller_dag']) retrieved from /Users/libin3.mathew/opt/anaconda3/envs/airflow_env/lib/python3.9/site-packages/airflow/example_dags/example_trigger_controller_dag.py
[2022-11-29 06:37:37,025] {logging_mixin.py:109} INFO - [2022-11-29 06:37:37,025] {dag.py:2396} INFO - Sync 1 DAGs
[2022-11-29 06:37:37,032] {logging_mixin.py:109} INFO - [2022-11-29 06:37:37,032] {dag.py:2935} INFO - Setting next_dagrun for example_trigger_controller_dag to 2021-01-01T00:00:00+00:00
[2022-11-29 06:37:37,038] {processor.py:171} INFO - Processing /Users/libin3.mathew/opt/anaconda3/envs/airflow_env/lib/python3.9/site-packages/airflow/example_dags/example_trigger_controller_dag.py took 0.064 seconds
[2022-11-29 06:38:43,185] {processor.py:163} INFO - Started process (PID=57264) to work on /Users/libin3.mathew/opt/anaconda3/envs/airflow_env/lib/python3.9/site-packages/airflow/example_dags/example_trigger_controller_dag.py
[2022-11-29 06:38:43,185] {processor.py:642} INFO - Processing file /Users/libin3.mathew/opt/anaconda3/envs/airflow_env/lib/python3.9/site-packages/airflow/example_dags/example_trigger_controller_dag.py for tasks to queue
[2022-11-29 06:38:43,186] {logging_mixin.py:109} INFO - [2022-11-29 06:38:43,186] {dagbag.py:500} INFO - Filling up the DagBag from /Users/libin3.mathew/opt/anaconda3/envs/airflow_env/lib/python3.9/site-packages/airflow/example_dags/example_trigger_controller_dag.py
[2022-11-29 06:38:43,215] {processor.py:654} INFO - DAG(s) dict_keys(['example_trigger_controller_dag']) retrieved from /Users/libin3.mathew/opt/anaconda3/envs/airflow_env/lib/python3.9/site-packages/airflow/example_dags/example_trigger_controller_dag.py
[2022-11-29 06:38:43,231] {logging_mixin.py:109} INFO - [2022-11-29 06:38:43,231] {dag.py:2396} INFO - Sync 1 DAGs
[2022-11-29 06:38:43,239] {logging_mixin.py:109} INFO - [2022-11-29 06:38:43,239] {dag.py:2935} INFO - Setting next_dagrun for example_trigger_controller_dag to 2021-01-01T00:00:00+00:00
[2022-11-29 06:38:43,246] {processor.py:171} INFO - Processing /Users/libin3.mathew/opt/anaconda3/envs/airflow_env/lib/python3.9/site-packages/airflow/example_dags/example_trigger_controller_dag.py took 0.061 seconds
