[2022-11-29 06:32:36,651] {processor.py:163} INFO - Started process (PID=56842) to work on /Users/libin3.mathew/opt/anaconda3/envs/airflow_env/lib/python3.9/site-packages/airflow/example_dags/example_python_operator.py
[2022-11-29 06:32:36,651] {processor.py:642} INFO - Processing file /Users/libin3.mathew/opt/anaconda3/envs/airflow_env/lib/python3.9/site-packages/airflow/example_dags/example_python_operator.py for tasks to queue
[2022-11-29 06:32:36,651] {logging_mixin.py:109} INFO - [2022-11-29 06:32:36,651] {dagbag.py:500} INFO - Filling up the DagBag from /Users/libin3.mathew/opt/anaconda3/envs/airflow_env/lib/python3.9/site-packages/airflow/example_dags/example_python_operator.py
[2022-11-29 06:32:36,669] {logging_mixin.py:109} INFO - [2022-11-29 06:32:36,669] {example_python_operator.py:67} WARNING - The virtalenv_python example task requires virtualenv, please install it.
[2022-11-29 06:32:36,692] {processor.py:654} INFO - DAG(s) dict_keys(['example_python_operator']) retrieved from /Users/libin3.mathew/opt/anaconda3/envs/airflow_env/lib/python3.9/site-packages/airflow/example_dags/example_python_operator.py
[2022-11-29 06:32:36,706] {logging_mixin.py:109} INFO - [2022-11-29 06:32:36,706] {dag.py:2396} INFO - Sync 1 DAGs
[2022-11-29 06:32:36,713] {logging_mixin.py:109} INFO - [2022-11-29 06:32:36,713] {dag.py:2935} INFO - Setting next_dagrun for example_python_operator to None
[2022-11-29 06:32:36,719] {processor.py:171} INFO - Processing /Users/libin3.mathew/opt/anaconda3/envs/airflow_env/lib/python3.9/site-packages/airflow/example_dags/example_python_operator.py took 0.068 seconds
[2022-11-29 06:34:01,790] {processor.py:163} INFO - Started process (PID=57071) to work on /Users/libin3.mathew/opt/anaconda3/envs/airflow_env/lib/python3.9/site-packages/airflow/example_dags/example_python_operator.py
[2022-11-29 06:34:01,791] {processor.py:642} INFO - Processing file /Users/libin3.mathew/opt/anaconda3/envs/airflow_env/lib/python3.9/site-packages/airflow/example_dags/example_python_operator.py for tasks to queue
[2022-11-29 06:34:01,791] {logging_mixin.py:109} INFO - [2022-11-29 06:34:01,791] {dagbag.py:500} INFO - Filling up the DagBag from /Users/libin3.mathew/opt/anaconda3/envs/airflow_env/lib/python3.9/site-packages/airflow/example_dags/example_python_operator.py
[2022-11-29 06:34:01,811] {logging_mixin.py:109} INFO - [2022-11-29 06:34:01,811] {example_python_operator.py:67} WARNING - The virtalenv_python example task requires virtualenv, please install it.
[2022-11-29 06:34:01,836] {processor.py:654} INFO - DAG(s) dict_keys(['example_python_operator']) retrieved from /Users/libin3.mathew/opt/anaconda3/envs/airflow_env/lib/python3.9/site-packages/airflow/example_dags/example_python_operator.py
[2022-11-29 06:34:01,853] {logging_mixin.py:109} INFO - [2022-11-29 06:34:01,853] {dag.py:2396} INFO - Sync 1 DAGs
[2022-11-29 06:34:01,863] {logging_mixin.py:109} INFO - [2022-11-29 06:34:01,863] {dag.py:2935} INFO - Setting next_dagrun for example_python_operator to None
[2022-11-29 06:34:01,870] {processor.py:171} INFO - Processing /Users/libin3.mathew/opt/anaconda3/envs/airflow_env/lib/python3.9/site-packages/airflow/example_dags/example_python_operator.py took 0.080 seconds
[2022-11-29 06:35:24,818] {processor.py:163} INFO - Started process (PID=57139) to work on /Users/libin3.mathew/opt/anaconda3/envs/airflow_env/lib/python3.9/site-packages/airflow/example_dags/example_python_operator.py
[2022-11-29 06:35:24,819] {processor.py:642} INFO - Processing file /Users/libin3.mathew/opt/anaconda3/envs/airflow_env/lib/python3.9/site-packages/airflow/example_dags/example_python_operator.py for tasks to queue
[2022-11-29 06:35:24,820] {logging_mixin.py:109} INFO - [2022-11-29 06:35:24,820] {dagbag.py:500} INFO - Filling up the DagBag from /Users/libin3.mathew/opt/anaconda3/envs/airflow_env/lib/python3.9/site-packages/airflow/example_dags/example_python_operator.py
[2022-11-29 06:35:24,842] {logging_mixin.py:109} INFO - [2022-11-29 06:35:24,842] {example_python_operator.py:67} WARNING - The virtalenv_python example task requires virtualenv, please install it.
[2022-11-29 06:35:24,867] {processor.py:654} INFO - DAG(s) dict_keys(['example_python_operator']) retrieved from /Users/libin3.mathew/opt/anaconda3/envs/airflow_env/lib/python3.9/site-packages/airflow/example_dags/example_python_operator.py
[2022-11-29 06:35:24,884] {logging_mixin.py:109} INFO - [2022-11-29 06:35:24,884] {dag.py:2396} INFO - Sync 1 DAGs
[2022-11-29 06:35:24,894] {logging_mixin.py:109} INFO - [2022-11-29 06:35:24,894] {dag.py:2935} INFO - Setting next_dagrun for example_python_operator to None
[2022-11-29 06:35:24,901] {processor.py:171} INFO - Processing /Users/libin3.mathew/opt/anaconda3/envs/airflow_env/lib/python3.9/site-packages/airflow/example_dags/example_python_operator.py took 0.083 seconds
[2022-11-29 06:36:36,558] {processor.py:163} INFO - Started process (PID=57186) to work on /Users/libin3.mathew/opt/anaconda3/envs/airflow_env/lib/python3.9/site-packages/airflow/example_dags/example_python_operator.py
[2022-11-29 06:36:36,558] {processor.py:642} INFO - Processing file /Users/libin3.mathew/opt/anaconda3/envs/airflow_env/lib/python3.9/site-packages/airflow/example_dags/example_python_operator.py for tasks to queue
[2022-11-29 06:36:36,559] {logging_mixin.py:109} INFO - [2022-11-29 06:36:36,559] {dagbag.py:500} INFO - Filling up the DagBag from /Users/libin3.mathew/opt/anaconda3/envs/airflow_env/lib/python3.9/site-packages/airflow/example_dags/example_python_operator.py
[2022-11-29 06:36:36,578] {logging_mixin.py:109} INFO - [2022-11-29 06:36:36,578] {example_python_operator.py:67} WARNING - The virtalenv_python example task requires virtualenv, please install it.
[2022-11-29 06:36:36,602] {processor.py:654} INFO - DAG(s) dict_keys(['example_python_operator']) retrieved from /Users/libin3.mathew/opt/anaconda3/envs/airflow_env/lib/python3.9/site-packages/airflow/example_dags/example_python_operator.py
[2022-11-29 06:36:36,619] {logging_mixin.py:109} INFO - [2022-11-29 06:36:36,619] {dag.py:2396} INFO - Sync 1 DAGs
[2022-11-29 06:36:36,628] {logging_mixin.py:109} INFO - [2022-11-29 06:36:36,628] {dag.py:2935} INFO - Setting next_dagrun for example_python_operator to None
[2022-11-29 06:36:36,637] {processor.py:171} INFO - Processing /Users/libin3.mathew/opt/anaconda3/envs/airflow_env/lib/python3.9/site-packages/airflow/example_dags/example_python_operator.py took 0.080 seconds
[2022-11-29 06:37:53,731] {processor.py:163} INFO - Started process (PID=57237) to work on /Users/libin3.mathew/opt/anaconda3/envs/airflow_env/lib/python3.9/site-packages/airflow/example_dags/example_python_operator.py
[2022-11-29 06:37:53,732] {processor.py:642} INFO - Processing file /Users/libin3.mathew/opt/anaconda3/envs/airflow_env/lib/python3.9/site-packages/airflow/example_dags/example_python_operator.py for tasks to queue
[2022-11-29 06:37:53,733] {logging_mixin.py:109} INFO - [2022-11-29 06:37:53,733] {dagbag.py:500} INFO - Filling up the DagBag from /Users/libin3.mathew/opt/anaconda3/envs/airflow_env/lib/python3.9/site-packages/airflow/example_dags/example_python_operator.py
[2022-11-29 06:37:53,746] {logging_mixin.py:109} INFO - [2022-11-29 06:37:53,746] {example_python_operator.py:67} WARNING - The virtalenv_python example task requires virtualenv, please install it.
[2022-11-29 06:37:53,763] {processor.py:654} INFO - DAG(s) dict_keys(['example_python_operator']) retrieved from /Users/libin3.mathew/opt/anaconda3/envs/airflow_env/lib/python3.9/site-packages/airflow/example_dags/example_python_operator.py
[2022-11-29 06:37:53,773] {logging_mixin.py:109} INFO - [2022-11-29 06:37:53,773] {dag.py:2396} INFO - Sync 1 DAGs
[2022-11-29 06:37:53,779] {logging_mixin.py:109} INFO - [2022-11-29 06:37:53,779] {dag.py:2935} INFO - Setting next_dagrun for example_python_operator to None
[2022-11-29 06:37:53,783] {processor.py:171} INFO - Processing /Users/libin3.mathew/opt/anaconda3/envs/airflow_env/lib/python3.9/site-packages/airflow/example_dags/example_python_operator.py took 0.052 seconds
[2022-11-29 06:38:59,322] {processor.py:163} INFO - Started process (PID=57273) to work on /Users/libin3.mathew/opt/anaconda3/envs/airflow_env/lib/python3.9/site-packages/airflow/example_dags/example_python_operator.py
[2022-11-29 06:38:59,323] {processor.py:642} INFO - Processing file /Users/libin3.mathew/opt/anaconda3/envs/airflow_env/lib/python3.9/site-packages/airflow/example_dags/example_python_operator.py for tasks to queue
[2022-11-29 06:38:59,323] {logging_mixin.py:109} INFO - [2022-11-29 06:38:59,323] {dagbag.py:500} INFO - Filling up the DagBag from /Users/libin3.mathew/opt/anaconda3/envs/airflow_env/lib/python3.9/site-packages/airflow/example_dags/example_python_operator.py
[2022-11-29 06:38:59,335] {logging_mixin.py:109} INFO - [2022-11-29 06:38:59,335] {example_python_operator.py:67} WARNING - The virtalenv_python example task requires virtualenv, please install it.
[2022-11-29 06:38:59,350] {processor.py:654} INFO - DAG(s) dict_keys(['example_python_operator']) retrieved from /Users/libin3.mathew/opt/anaconda3/envs/airflow_env/lib/python3.9/site-packages/airflow/example_dags/example_python_operator.py
[2022-11-29 06:38:59,361] {logging_mixin.py:109} INFO - [2022-11-29 06:38:59,360] {dag.py:2396} INFO - Sync 1 DAGs
[2022-11-29 06:38:59,366] {logging_mixin.py:109} INFO - [2022-11-29 06:38:59,366] {dag.py:2935} INFO - Setting next_dagrun for example_python_operator to None
[2022-11-29 06:38:59,374] {processor.py:171} INFO - Processing /Users/libin3.mathew/opt/anaconda3/envs/airflow_env/lib/python3.9/site-packages/airflow/example_dags/example_python_operator.py took 0.052 seconds
