[2022-11-29 06:32:56,829] {processor.py:163} INFO - Started process (PID=56938) to work on /Users/libin3.mathew/opt/anaconda3/envs/airflow_env/lib/python3.9/site-packages/airflow/example_dags/example_complex.py
[2022-11-29 06:32:56,829] {processor.py:642} INFO - Processing file /Users/libin3.mathew/opt/anaconda3/envs/airflow_env/lib/python3.9/site-packages/airflow/example_dags/example_complex.py for tasks to queue
[2022-11-29 06:32:56,829] {logging_mixin.py:109} INFO - [2022-11-29 06:32:56,829] {dagbag.py:500} INFO - Filling up the DagBag from /Users/libin3.mathew/opt/anaconda3/envs/airflow_env/lib/python3.9/site-packages/airflow/example_dags/example_complex.py
[2022-11-29 06:32:56,859] {processor.py:654} INFO - DAG(s) dict_keys(['example_complex']) retrieved from /Users/libin3.mathew/opt/anaconda3/envs/airflow_env/lib/python3.9/site-packages/airflow/example_dags/example_complex.py
[2022-11-29 06:32:56,875] {logging_mixin.py:109} INFO - [2022-11-29 06:32:56,875] {dag.py:2396} INFO - Sync 1 DAGs
[2022-11-29 06:32:56,882] {logging_mixin.py:109} INFO - [2022-11-29 06:32:56,881] {dag.py:2935} INFO - Setting next_dagrun for example_complex to None
[2022-11-29 06:32:56,887] {processor.py:171} INFO - Processing /Users/libin3.mathew/opt/anaconda3/envs/airflow_env/lib/python3.9/site-packages/airflow/example_dags/example_complex.py took 0.059 seconds
[2022-11-29 06:34:20,545] {processor.py:163} INFO - Started process (PID=57090) to work on /Users/libin3.mathew/opt/anaconda3/envs/airflow_env/lib/python3.9/site-packages/airflow/example_dags/example_complex.py
[2022-11-29 06:34:20,545] {processor.py:642} INFO - Processing file /Users/libin3.mathew/opt/anaconda3/envs/airflow_env/lib/python3.9/site-packages/airflow/example_dags/example_complex.py for tasks to queue
[2022-11-29 06:34:20,546] {logging_mixin.py:109} INFO - [2022-11-29 06:34:20,545] {dagbag.py:500} INFO - Filling up the DagBag from /Users/libin3.mathew/opt/anaconda3/envs/airflow_env/lib/python3.9/site-packages/airflow/example_dags/example_complex.py
[2022-11-29 06:34:20,584] {processor.py:654} INFO - DAG(s) dict_keys(['example_complex']) retrieved from /Users/libin3.mathew/opt/anaconda3/envs/airflow_env/lib/python3.9/site-packages/airflow/example_dags/example_complex.py
[2022-11-29 06:34:20,607] {logging_mixin.py:109} INFO - [2022-11-29 06:34:20,607] {dag.py:2396} INFO - Sync 1 DAGs
[2022-11-29 06:34:20,618] {logging_mixin.py:109} INFO - [2022-11-29 06:34:20,617] {dag.py:2935} INFO - Setting next_dagrun for example_complex to None
[2022-11-29 06:34:20,624] {processor.py:171} INFO - Processing /Users/libin3.mathew/opt/anaconda3/envs/airflow_env/lib/python3.9/site-packages/airflow/example_dags/example_complex.py took 0.080 seconds
[2022-11-29 06:35:43,156] {processor.py:163} INFO - Started process (PID=57150) to work on /Users/libin3.mathew/opt/anaconda3/envs/airflow_env/lib/python3.9/site-packages/airflow/example_dags/example_complex.py
[2022-11-29 06:35:43,157] {processor.py:642} INFO - Processing file /Users/libin3.mathew/opt/anaconda3/envs/airflow_env/lib/python3.9/site-packages/airflow/example_dags/example_complex.py for tasks to queue
[2022-11-29 06:35:43,157] {logging_mixin.py:109} INFO - [2022-11-29 06:35:43,157] {dagbag.py:500} INFO - Filling up the DagBag from /Users/libin3.mathew/opt/anaconda3/envs/airflow_env/lib/python3.9/site-packages/airflow/example_dags/example_complex.py
[2022-11-29 06:35:43,193] {processor.py:654} INFO - DAG(s) dict_keys(['example_complex']) retrieved from /Users/libin3.mathew/opt/anaconda3/envs/airflow_env/lib/python3.9/site-packages/airflow/example_dags/example_complex.py
[2022-11-29 06:35:43,214] {logging_mixin.py:109} INFO - [2022-11-29 06:35:43,214] {dag.py:2396} INFO - Sync 1 DAGs
[2022-11-29 06:35:43,222] {logging_mixin.py:109} INFO - [2022-11-29 06:35:43,222] {dag.py:2935} INFO - Setting next_dagrun for example_complex to None
[2022-11-29 06:35:43,228] {processor.py:171} INFO - Processing /Users/libin3.mathew/opt/anaconda3/envs/airflow_env/lib/python3.9/site-packages/airflow/example_dags/example_complex.py took 0.073 seconds
[2022-11-29 06:36:56,474] {processor.py:163} INFO - Started process (PID=57194) to work on /Users/libin3.mathew/opt/anaconda3/envs/airflow_env/lib/python3.9/site-packages/airflow/example_dags/example_complex.py
[2022-11-29 06:36:56,475] {processor.py:642} INFO - Processing file /Users/libin3.mathew/opt/anaconda3/envs/airflow_env/lib/python3.9/site-packages/airflow/example_dags/example_complex.py for tasks to queue
[2022-11-29 06:36:56,476] {logging_mixin.py:109} INFO - [2022-11-29 06:36:56,476] {dagbag.py:500} INFO - Filling up the DagBag from /Users/libin3.mathew/opt/anaconda3/envs/airflow_env/lib/python3.9/site-packages/airflow/example_dags/example_complex.py
[2022-11-29 06:36:56,513] {processor.py:654} INFO - DAG(s) dict_keys(['example_complex']) retrieved from /Users/libin3.mathew/opt/anaconda3/envs/airflow_env/lib/python3.9/site-packages/airflow/example_dags/example_complex.py
[2022-11-29 06:36:56,533] {logging_mixin.py:109} INFO - [2022-11-29 06:36:56,532] {dag.py:2396} INFO - Sync 1 DAGs
[2022-11-29 06:36:56,541] {logging_mixin.py:109} INFO - [2022-11-29 06:36:56,541] {dag.py:2935} INFO - Setting next_dagrun for example_complex to None
[2022-11-29 06:36:56,548] {processor.py:171} INFO - Processing /Users/libin3.mathew/opt/anaconda3/envs/airflow_env/lib/python3.9/site-packages/airflow/example_dags/example_complex.py took 0.075 seconds
[2022-11-29 06:38:09,253] {processor.py:163} INFO - Started process (PID=57245) to work on /Users/libin3.mathew/opt/anaconda3/envs/airflow_env/lib/python3.9/site-packages/airflow/example_dags/example_complex.py
[2022-11-29 06:38:09,254] {processor.py:642} INFO - Processing file /Users/libin3.mathew/opt/anaconda3/envs/airflow_env/lib/python3.9/site-packages/airflow/example_dags/example_complex.py for tasks to queue
[2022-11-29 06:38:09,255] {logging_mixin.py:109} INFO - [2022-11-29 06:38:09,255] {dagbag.py:500} INFO - Filling up the DagBag from /Users/libin3.mathew/opt/anaconda3/envs/airflow_env/lib/python3.9/site-packages/airflow/example_dags/example_complex.py
[2022-11-29 06:38:09,285] {processor.py:654} INFO - DAG(s) dict_keys(['example_complex']) retrieved from /Users/libin3.mathew/opt/anaconda3/envs/airflow_env/lib/python3.9/site-packages/airflow/example_dags/example_complex.py
[2022-11-29 06:38:09,298] {logging_mixin.py:109} INFO - [2022-11-29 06:38:09,298] {dag.py:2396} INFO - Sync 1 DAGs
[2022-11-29 06:38:09,303] {logging_mixin.py:109} INFO - [2022-11-29 06:38:09,303] {dag.py:2935} INFO - Setting next_dagrun for example_complex to None
[2022-11-29 06:38:09,307] {processor.py:171} INFO - Processing /Users/libin3.mathew/opt/anaconda3/envs/airflow_env/lib/python3.9/site-packages/airflow/example_dags/example_complex.py took 0.055 seconds
