[2022-11-29 06:33:08,003] {processor.py:163} INFO - Started process (PID=56975) to work on /Users/libin3.mathew/opt/anaconda3/envs/airflow_env/lib/python3.9/site-packages/airflow/example_dags/example_branch_day_of_week_operator.py
[2022-11-29 06:33:08,003] {processor.py:642} INFO - Processing file /Users/libin3.mathew/opt/anaconda3/envs/airflow_env/lib/python3.9/site-packages/airflow/example_dags/example_branch_day_of_week_operator.py for tasks to queue
[2022-11-29 06:33:08,004] {logging_mixin.py:109} INFO - [2022-11-29 06:33:08,004] {dagbag.py:500} INFO - Filling up the DagBag from /Users/libin3.mathew/opt/anaconda3/envs/airflow_env/lib/python3.9/site-packages/airflow/example_dags/example_branch_day_of_week_operator.py
[2022-11-29 06:33:08,037] {processor.py:654} INFO - DAG(s) dict_keys(['example_weekday_branch_operator']) retrieved from /Users/libin3.mathew/opt/anaconda3/envs/airflow_env/lib/python3.9/site-packages/airflow/example_dags/example_branch_day_of_week_operator.py
[2022-11-29 06:33:08,056] {logging_mixin.py:109} INFO - [2022-11-29 06:33:08,055] {dag.py:2396} INFO - Sync 1 DAGs
[2022-11-29 06:33:08,070] {logging_mixin.py:109} INFO - [2022-11-29 06:33:08,070] {dag.py:2935} INFO - Setting next_dagrun for example_weekday_branch_operator to 2022-11-28 00:00:00+00:00
[2022-11-29 06:33:08,076] {processor.py:171} INFO - Processing /Users/libin3.mathew/opt/anaconda3/envs/airflow_env/lib/python3.9/site-packages/airflow/example_dags/example_branch_day_of_week_operator.py took 0.074 seconds
[2022-11-29 06:34:31,389] {processor.py:163} INFO - Started process (PID=57095) to work on /Users/libin3.mathew/opt/anaconda3/envs/airflow_env/lib/python3.9/site-packages/airflow/example_dags/example_branch_day_of_week_operator.py
[2022-11-29 06:34:31,389] {processor.py:642} INFO - Processing file /Users/libin3.mathew/opt/anaconda3/envs/airflow_env/lib/python3.9/site-packages/airflow/example_dags/example_branch_day_of_week_operator.py for tasks to queue
[2022-11-29 06:34:31,389] {logging_mixin.py:109} INFO - [2022-11-29 06:34:31,389] {dagbag.py:500} INFO - Filling up the DagBag from /Users/libin3.mathew/opt/anaconda3/envs/airflow_env/lib/python3.9/site-packages/airflow/example_dags/example_branch_day_of_week_operator.py
[2022-11-29 06:34:31,426] {processor.py:654} INFO - DAG(s) dict_keys(['example_weekday_branch_operator']) retrieved from /Users/libin3.mathew/opt/anaconda3/envs/airflow_env/lib/python3.9/site-packages/airflow/example_dags/example_branch_day_of_week_operator.py
[2022-11-29 06:34:31,444] {logging_mixin.py:109} INFO - [2022-11-29 06:34:31,444] {dag.py:2396} INFO - Sync 1 DAGs
[2022-11-29 06:34:31,456] {logging_mixin.py:109} INFO - [2022-11-29 06:34:31,456] {dag.py:2935} INFO - Setting next_dagrun for example_weekday_branch_operator to 2022-11-28 00:00:00+00:00
[2022-11-29 06:34:31,464] {processor.py:171} INFO - Processing /Users/libin3.mathew/opt/anaconda3/envs/airflow_env/lib/python3.9/site-packages/airflow/example_dags/example_branch_day_of_week_operator.py took 0.076 seconds
[2022-11-29 06:35:52,100] {processor.py:163} INFO - Started process (PID=57154) to work on /Users/libin3.mathew/opt/anaconda3/envs/airflow_env/lib/python3.9/site-packages/airflow/example_dags/example_branch_day_of_week_operator.py
[2022-11-29 06:35:52,101] {processor.py:642} INFO - Processing file /Users/libin3.mathew/opt/anaconda3/envs/airflow_env/lib/python3.9/site-packages/airflow/example_dags/example_branch_day_of_week_operator.py for tasks to queue
[2022-11-29 06:35:52,101] {logging_mixin.py:109} INFO - [2022-11-29 06:35:52,101] {dagbag.py:500} INFO - Filling up the DagBag from /Users/libin3.mathew/opt/anaconda3/envs/airflow_env/lib/python3.9/site-packages/airflow/example_dags/example_branch_day_of_week_operator.py
[2022-11-29 06:35:52,135] {processor.py:654} INFO - DAG(s) dict_keys(['example_weekday_branch_operator']) retrieved from /Users/libin3.mathew/opt/anaconda3/envs/airflow_env/lib/python3.9/site-packages/airflow/example_dags/example_branch_day_of_week_operator.py
[2022-11-29 06:35:52,151] {logging_mixin.py:109} INFO - [2022-11-29 06:35:52,151] {dag.py:2396} INFO - Sync 1 DAGs
[2022-11-29 06:35:52,161] {logging_mixin.py:109} INFO - [2022-11-29 06:35:52,161] {dag.py:2935} INFO - Setting next_dagrun for example_weekday_branch_operator to 2022-11-28 00:00:00+00:00
[2022-11-29 06:35:52,168] {processor.py:171} INFO - Processing /Users/libin3.mathew/opt/anaconda3/envs/airflow_env/lib/python3.9/site-packages/airflow/example_dags/example_branch_day_of_week_operator.py took 0.069 seconds
[2022-11-29 06:37:06,717] {processor.py:163} INFO - Started process (PID=57199) to work on /Users/libin3.mathew/opt/anaconda3/envs/airflow_env/lib/python3.9/site-packages/airflow/example_dags/example_branch_day_of_week_operator.py
[2022-11-29 06:37:06,717] {processor.py:642} INFO - Processing file /Users/libin3.mathew/opt/anaconda3/envs/airflow_env/lib/python3.9/site-packages/airflow/example_dags/example_branch_day_of_week_operator.py for tasks to queue
[2022-11-29 06:37:06,717] {logging_mixin.py:109} INFO - [2022-11-29 06:37:06,717] {dagbag.py:500} INFO - Filling up the DagBag from /Users/libin3.mathew/opt/anaconda3/envs/airflow_env/lib/python3.9/site-packages/airflow/example_dags/example_branch_day_of_week_operator.py
[2022-11-29 06:37:06,751] {processor.py:654} INFO - DAG(s) dict_keys(['example_weekday_branch_operator']) retrieved from /Users/libin3.mathew/opt/anaconda3/envs/airflow_env/lib/python3.9/site-packages/airflow/example_dags/example_branch_day_of_week_operator.py
[2022-11-29 06:37:06,767] {logging_mixin.py:109} INFO - [2022-11-29 06:37:06,766] {dag.py:2396} INFO - Sync 1 DAGs
[2022-11-29 06:37:06,775] {logging_mixin.py:109} INFO - [2022-11-29 06:37:06,775] {dag.py:2935} INFO - Setting next_dagrun for example_weekday_branch_operator to 2022-11-28 00:00:00+00:00
[2022-11-29 06:37:06,783] {processor.py:171} INFO - Processing /Users/libin3.mathew/opt/anaconda3/envs/airflow_env/lib/python3.9/site-packages/airflow/example_dags/example_branch_day_of_week_operator.py took 0.066 seconds
[2022-11-29 06:38:17,231] {processor.py:163} INFO - Started process (PID=57250) to work on /Users/libin3.mathew/opt/anaconda3/envs/airflow_env/lib/python3.9/site-packages/airflow/example_dags/example_branch_day_of_week_operator.py
[2022-11-29 06:38:17,233] {processor.py:642} INFO - Processing file /Users/libin3.mathew/opt/anaconda3/envs/airflow_env/lib/python3.9/site-packages/airflow/example_dags/example_branch_day_of_week_operator.py for tasks to queue
[2022-11-29 06:38:17,233] {logging_mixin.py:109} INFO - [2022-11-29 06:38:17,233] {dagbag.py:500} INFO - Filling up the DagBag from /Users/libin3.mathew/opt/anaconda3/envs/airflow_env/lib/python3.9/site-packages/airflow/example_dags/example_branch_day_of_week_operator.py
[2022-11-29 06:38:17,260] {processor.py:654} INFO - DAG(s) dict_keys(['example_weekday_branch_operator']) retrieved from /Users/libin3.mathew/opt/anaconda3/envs/airflow_env/lib/python3.9/site-packages/airflow/example_dags/example_branch_day_of_week_operator.py
[2022-11-29 06:38:17,271] {logging_mixin.py:109} INFO - [2022-11-29 06:38:17,270] {dag.py:2396} INFO - Sync 1 DAGs
[2022-11-29 06:38:17,276] {logging_mixin.py:109} INFO - [2022-11-29 06:38:17,276] {dag.py:2935} INFO - Setting next_dagrun for example_weekday_branch_operator to 2022-11-28 00:00:00+00:00
[2022-11-29 06:38:17,281] {processor.py:171} INFO - Processing /Users/libin3.mathew/opt/anaconda3/envs/airflow_env/lib/python3.9/site-packages/airflow/example_dags/example_branch_day_of_week_operator.py took 0.050 seconds
