[2022-11-29 06:29:09,729] {processor.py:163} INFO - Started process (PID=56733) to work on /Users/libin3.mathew/opt/anaconda3/envs/airflow_env/lib/python3.9/site-packages/airflow/example_dags/example_task_group_decorator.py
[2022-11-29 06:29:09,729] {processor.py:642} INFO - Processing file /Users/libin3.mathew/opt/anaconda3/envs/airflow_env/lib/python3.9/site-packages/airflow/example_dags/example_task_group_decorator.py for tasks to queue
[2022-11-29 06:29:09,730] {logging_mixin.py:109} INFO - [2022-11-29 06:29:09,730] {dagbag.py:500} INFO - Filling up the DagBag from /Users/libin3.mathew/opt/anaconda3/envs/airflow_env/lib/python3.9/site-packages/airflow/example_dags/example_task_group_decorator.py
[2022-11-29 06:29:09,779] {processor.py:654} INFO - DAG(s) dict_keys(['example_task_group_decorator']) retrieved from /Users/libin3.mathew/opt/anaconda3/envs/airflow_env/lib/python3.9/site-packages/airflow/example_dags/example_task_group_decorator.py
[2022-11-29 06:29:09,997] {logging_mixin.py:109} INFO - [2022-11-29 06:29:09,997] {dag.py:2396} INFO - Sync 1 DAGs
[2022-11-29 06:29:10,005] {logging_mixin.py:109} INFO - [2022-11-29 06:29:10,005] {dag.py:2935} INFO - Setting next_dagrun for example_task_group_decorator to 2022-11-28T00:59:10.005094+00:00
[2022-11-29 06:29:10,013] {processor.py:171} INFO - Processing /Users/libin3.mathew/opt/anaconda3/envs/airflow_env/lib/python3.9/site-packages/airflow/example_dags/example_task_group_decorator.py took 0.284 seconds
[2022-11-29 06:32:24,084] {processor.py:163} INFO - Started process (PID=56834) to work on /Users/libin3.mathew/opt/anaconda3/envs/airflow_env/lib/python3.9/site-packages/airflow/example_dags/example_task_group_decorator.py
[2022-11-29 06:32:24,085] {processor.py:642} INFO - Processing file /Users/libin3.mathew/opt/anaconda3/envs/airflow_env/lib/python3.9/site-packages/airflow/example_dags/example_task_group_decorator.py for tasks to queue
[2022-11-29 06:32:24,085] {logging_mixin.py:109} INFO - [2022-11-29 06:32:24,085] {dagbag.py:500} INFO - Filling up the DagBag from /Users/libin3.mathew/opt/anaconda3/envs/airflow_env/lib/python3.9/site-packages/airflow/example_dags/example_task_group_decorator.py
[2022-11-29 06:32:24,118] {processor.py:654} INFO - DAG(s) dict_keys(['example_task_group_decorator']) retrieved from /Users/libin3.mathew/opt/anaconda3/envs/airflow_env/lib/python3.9/site-packages/airflow/example_dags/example_task_group_decorator.py
[2022-11-29 06:32:24,267] {logging_mixin.py:109} INFO - [2022-11-29 06:32:24,267] {dag.py:2396} INFO - Sync 1 DAGs
[2022-11-29 06:32:24,272] {logging_mixin.py:109} INFO - [2022-11-29 06:32:24,272] {dag.py:2935} INFO - Setting next_dagrun for example_task_group_decorator to 2022-11-28T01:02:24.272634+00:00
[2022-11-29 06:32:24,278] {processor.py:171} INFO - Processing /Users/libin3.mathew/opt/anaconda3/envs/airflow_env/lib/python3.9/site-packages/airflow/example_dags/example_task_group_decorator.py took 0.194 seconds
[2022-11-29 06:33:45,814] {processor.py:163} INFO - Started process (PID=57065) to work on /Users/libin3.mathew/opt/anaconda3/envs/airflow_env/lib/python3.9/site-packages/airflow/example_dags/example_task_group_decorator.py
[2022-11-29 06:33:45,815] {processor.py:642} INFO - Processing file /Users/libin3.mathew/opt/anaconda3/envs/airflow_env/lib/python3.9/site-packages/airflow/example_dags/example_task_group_decorator.py for tasks to queue
[2022-11-29 06:33:45,815] {logging_mixin.py:109} INFO - [2022-11-29 06:33:45,815] {dagbag.py:500} INFO - Filling up the DagBag from /Users/libin3.mathew/opt/anaconda3/envs/airflow_env/lib/python3.9/site-packages/airflow/example_dags/example_task_group_decorator.py
[2022-11-29 06:33:45,865] {processor.py:654} INFO - DAG(s) dict_keys(['example_task_group_decorator']) retrieved from /Users/libin3.mathew/opt/anaconda3/envs/airflow_env/lib/python3.9/site-packages/airflow/example_dags/example_task_group_decorator.py
[2022-11-29 06:33:46,093] {logging_mixin.py:109} INFO - [2022-11-29 06:33:46,092] {dag.py:2396} INFO - Sync 1 DAGs
[2022-11-29 06:33:46,101] {logging_mixin.py:109} INFO - [2022-11-29 06:33:46,101] {dag.py:2935} INFO - Setting next_dagrun for example_task_group_decorator to 2022-11-28T01:03:46.101237+00:00
[2022-11-29 06:33:46,109] {processor.py:171} INFO - Processing /Users/libin3.mathew/opt/anaconda3/envs/airflow_env/lib/python3.9/site-packages/airflow/example_dags/example_task_group_decorator.py took 0.296 seconds
[2022-11-29 06:35:09,329] {processor.py:163} INFO - Started process (PID=57127) to work on /Users/libin3.mathew/opt/anaconda3/envs/airflow_env/lib/python3.9/site-packages/airflow/example_dags/example_task_group_decorator.py
[2022-11-29 06:35:09,330] {processor.py:642} INFO - Processing file /Users/libin3.mathew/opt/anaconda3/envs/airflow_env/lib/python3.9/site-packages/airflow/example_dags/example_task_group_decorator.py for tasks to queue
[2022-11-29 06:35:09,330] {logging_mixin.py:109} INFO - [2022-11-29 06:35:09,330] {dagbag.py:500} INFO - Filling up the DagBag from /Users/libin3.mathew/opt/anaconda3/envs/airflow_env/lib/python3.9/site-packages/airflow/example_dags/example_task_group_decorator.py
[2022-11-29 06:35:09,384] {processor.py:654} INFO - DAG(s) dict_keys(['example_task_group_decorator']) retrieved from /Users/libin3.mathew/opt/anaconda3/envs/airflow_env/lib/python3.9/site-packages/airflow/example_dags/example_task_group_decorator.py
[2022-11-29 06:35:09,621] {logging_mixin.py:109} INFO - [2022-11-29 06:35:09,621] {dag.py:2396} INFO - Sync 1 DAGs
[2022-11-29 06:35:09,630] {logging_mixin.py:109} INFO - [2022-11-29 06:35:09,630] {dag.py:2935} INFO - Setting next_dagrun for example_task_group_decorator to 2022-11-28T01:05:09.629921+00:00
[2022-11-29 06:35:09,637] {processor.py:171} INFO - Processing /Users/libin3.mathew/opt/anaconda3/envs/airflow_env/lib/python3.9/site-packages/airflow/example_dags/example_task_group_decorator.py took 0.309 seconds
[2022-11-29 06:36:23,479] {processor.py:163} INFO - Started process (PID=57180) to work on /Users/libin3.mathew/opt/anaconda3/envs/airflow_env/lib/python3.9/site-packages/airflow/example_dags/example_task_group_decorator.py
[2022-11-29 06:36:23,480] {processor.py:642} INFO - Processing file /Users/libin3.mathew/opt/anaconda3/envs/airflow_env/lib/python3.9/site-packages/airflow/example_dags/example_task_group_decorator.py for tasks to queue
[2022-11-29 06:36:23,481] {logging_mixin.py:109} INFO - [2022-11-29 06:36:23,480] {dagbag.py:500} INFO - Filling up the DagBag from /Users/libin3.mathew/opt/anaconda3/envs/airflow_env/lib/python3.9/site-packages/airflow/example_dags/example_task_group_decorator.py
[2022-11-29 06:36:23,532] {processor.py:654} INFO - DAG(s) dict_keys(['example_task_group_decorator']) retrieved from /Users/libin3.mathew/opt/anaconda3/envs/airflow_env/lib/python3.9/site-packages/airflow/example_dags/example_task_group_decorator.py
[2022-11-29 06:36:23,727] {logging_mixin.py:109} INFO - [2022-11-29 06:36:23,726] {dag.py:2396} INFO - Sync 1 DAGs
[2022-11-29 06:36:23,733] {logging_mixin.py:109} INFO - [2022-11-29 06:36:23,733] {dag.py:2935} INFO - Setting next_dagrun for example_task_group_decorator to 2022-11-28T01:06:23.733665+00:00
[2022-11-29 06:36:23,740] {processor.py:171} INFO - Processing /Users/libin3.mathew/opt/anaconda3/envs/airflow_env/lib/python3.9/site-packages/airflow/example_dags/example_task_group_decorator.py took 0.262 seconds
[2022-11-29 06:37:41,378] {processor.py:163} INFO - Started process (PID=57228) to work on /Users/libin3.mathew/opt/anaconda3/envs/airflow_env/lib/python3.9/site-packages/airflow/example_dags/example_task_group_decorator.py
[2022-11-29 06:37:41,378] {processor.py:642} INFO - Processing file /Users/libin3.mathew/opt/anaconda3/envs/airflow_env/lib/python3.9/site-packages/airflow/example_dags/example_task_group_decorator.py for tasks to queue
[2022-11-29 06:37:41,378] {logging_mixin.py:109} INFO - [2022-11-29 06:37:41,378] {dagbag.py:500} INFO - Filling up the DagBag from /Users/libin3.mathew/opt/anaconda3/envs/airflow_env/lib/python3.9/site-packages/airflow/example_dags/example_task_group_decorator.py
[2022-11-29 06:37:41,428] {processor.py:654} INFO - DAG(s) dict_keys(['example_task_group_decorator']) retrieved from /Users/libin3.mathew/opt/anaconda3/envs/airflow_env/lib/python3.9/site-packages/airflow/example_dags/example_task_group_decorator.py
[2022-11-29 06:37:41,654] {logging_mixin.py:109} INFO - [2022-11-29 06:37:41,654] {dag.py:2396} INFO - Sync 1 DAGs
[2022-11-29 06:37:41,661] {logging_mixin.py:109} INFO - [2022-11-29 06:37:41,661] {dag.py:2935} INFO - Setting next_dagrun for example_task_group_decorator to 2022-11-28T01:07:41.661698+00:00
[2022-11-29 06:37:41,669] {processor.py:171} INFO - Processing /Users/libin3.mathew/opt/anaconda3/envs/airflow_env/lib/python3.9/site-packages/airflow/example_dags/example_task_group_decorator.py took 0.292 seconds
[2022-11-29 06:38:47,257] {processor.py:163} INFO - Started process (PID=57266) to work on /Users/libin3.mathew/opt/anaconda3/envs/airflow_env/lib/python3.9/site-packages/airflow/example_dags/example_task_group_decorator.py
[2022-11-29 06:38:47,258] {processor.py:642} INFO - Processing file /Users/libin3.mathew/opt/anaconda3/envs/airflow_env/lib/python3.9/site-packages/airflow/example_dags/example_task_group_decorator.py for tasks to queue
[2022-11-29 06:38:47,258] {logging_mixin.py:109} INFO - [2022-11-29 06:38:47,258] {dagbag.py:500} INFO - Filling up the DagBag from /Users/libin3.mathew/opt/anaconda3/envs/airflow_env/lib/python3.9/site-packages/airflow/example_dags/example_task_group_decorator.py
[2022-11-29 06:38:47,294] {processor.py:654} INFO - DAG(s) dict_keys(['example_task_group_decorator']) retrieved from /Users/libin3.mathew/opt/anaconda3/envs/airflow_env/lib/python3.9/site-packages/airflow/example_dags/example_task_group_decorator.py
[2022-11-29 06:38:47,458] {logging_mixin.py:109} INFO - [2022-11-29 06:38:47,457] {dag.py:2396} INFO - Sync 1 DAGs
[2022-11-29 06:38:47,464] {logging_mixin.py:109} INFO - [2022-11-29 06:38:47,463] {dag.py:2935} INFO - Setting next_dagrun for example_task_group_decorator to 2022-11-28T01:08:47.463841+00:00
[2022-11-29 06:38:47,470] {processor.py:171} INFO - Processing /Users/libin3.mathew/opt/anaconda3/envs/airflow_env/lib/python3.9/site-packages/airflow/example_dags/example_task_group_decorator.py took 0.213 seconds
