[2022-11-29 06:28:51,140] {processor.py:163} INFO - Started process (PID=56723) to work on /Users/libin3.mathew/opt/anaconda3/envs/airflow_env/lib/python3.9/site-packages/airflow/example_dags/tutorial_taskflow_api_etl_virtualenv.py
[2022-11-29 06:28:51,141] {processor.py:642} INFO - Processing file /Users/libin3.mathew/opt/anaconda3/envs/airflow_env/lib/python3.9/site-packages/airflow/example_dags/tutorial_taskflow_api_etl_virtualenv.py for tasks to queue
[2022-11-29 06:28:51,141] {logging_mixin.py:109} INFO - [2022-11-29 06:28:51,141] {dagbag.py:500} INFO - Filling up the DagBag from /Users/libin3.mathew/opt/anaconda3/envs/airflow_env/lib/python3.9/site-packages/airflow/example_dags/tutorial_taskflow_api_etl_virtualenv.py
[2022-11-29 06:28:51,157] {logging_mixin.py:109} INFO - [2022-11-29 06:28:51,157] {tutorial_taskflow_api_etl_virtualenv.py:29} WARNING - The tutorial_taskflow_api_etl_virtualenv example DAG requires virtualenv, please install it.
[2022-11-29 06:28:51,178] {processor.py:656} WARNING - No viable dags retrieved from /Users/libin3.mathew/opt/anaconda3/envs/airflow_env/lib/python3.9/site-packages/airflow/example_dags/tutorial_taskflow_api_etl_virtualenv.py
[2022-11-29 06:28:51,179] {processor.py:171} INFO - Processing /Users/libin3.mathew/opt/anaconda3/envs/airflow_env/lib/python3.9/site-packages/airflow/example_dags/tutorial_taskflow_api_etl_virtualenv.py took 0.039 seconds
[2022-11-29 06:32:05,598] {processor.py:163} INFO - Started process (PID=56789) to work on /Users/libin3.mathew/opt/anaconda3/envs/airflow_env/lib/python3.9/site-packages/airflow/example_dags/tutorial_taskflow_api_etl_virtualenv.py
[2022-11-29 06:32:05,598] {processor.py:642} INFO - Processing file /Users/libin3.mathew/opt/anaconda3/envs/airflow_env/lib/python3.9/site-packages/airflow/example_dags/tutorial_taskflow_api_etl_virtualenv.py for tasks to queue
[2022-11-29 06:32:05,599] {logging_mixin.py:109} INFO - [2022-11-29 06:32:05,599] {dagbag.py:500} INFO - Filling up the DagBag from /Users/libin3.mathew/opt/anaconda3/envs/airflow_env/lib/python3.9/site-packages/airflow/example_dags/tutorial_taskflow_api_etl_virtualenv.py
[2022-11-29 06:32:05,610] {logging_mixin.py:109} INFO - [2022-11-29 06:32:05,610] {tutorial_taskflow_api_etl_virtualenv.py:29} WARNING - The tutorial_taskflow_api_etl_virtualenv example DAG requires virtualenv, please install it.
[2022-11-29 06:32:05,625] {processor.py:656} WARNING - No viable dags retrieved from /Users/libin3.mathew/opt/anaconda3/envs/airflow_env/lib/python3.9/site-packages/airflow/example_dags/tutorial_taskflow_api_etl_virtualenv.py
[2022-11-29 06:32:05,626] {processor.py:171} INFO - Processing /Users/libin3.mathew/opt/anaconda3/envs/airflow_env/lib/python3.9/site-packages/airflow/example_dags/tutorial_taskflow_api_etl_virtualenv.py took 0.028 seconds
[2022-11-29 06:33:21,436] {processor.py:163} INFO - Started process (PID=57014) to work on /Users/libin3.mathew/opt/anaconda3/envs/airflow_env/lib/python3.9/site-packages/airflow/example_dags/tutorial_taskflow_api_etl_virtualenv.py
[2022-11-29 06:33:21,436] {processor.py:642} INFO - Processing file /Users/libin3.mathew/opt/anaconda3/envs/airflow_env/lib/python3.9/site-packages/airflow/example_dags/tutorial_taskflow_api_etl_virtualenv.py for tasks to queue
[2022-11-29 06:33:21,436] {logging_mixin.py:109} INFO - [2022-11-29 06:33:21,436] {dagbag.py:500} INFO - Filling up the DagBag from /Users/libin3.mathew/opt/anaconda3/envs/airflow_env/lib/python3.9/site-packages/airflow/example_dags/tutorial_taskflow_api_etl_virtualenv.py
[2022-11-29 06:33:21,453] {logging_mixin.py:109} INFO - [2022-11-29 06:33:21,453] {tutorial_taskflow_api_etl_virtualenv.py:29} WARNING - The tutorial_taskflow_api_etl_virtualenv example DAG requires virtualenv, please install it.
[2022-11-29 06:33:21,475] {processor.py:656} WARNING - No viable dags retrieved from /Users/libin3.mathew/opt/anaconda3/envs/airflow_env/lib/python3.9/site-packages/airflow/example_dags/tutorial_taskflow_api_etl_virtualenv.py
[2022-11-29 06:33:21,476] {processor.py:171} INFO - Processing /Users/libin3.mathew/opt/anaconda3/envs/airflow_env/lib/python3.9/site-packages/airflow/example_dags/tutorial_taskflow_api_etl_virtualenv.py took 0.041 seconds
[2022-11-29 06:34:44,786] {processor.py:163} INFO - Started process (PID=57105) to work on /Users/libin3.mathew/opt/anaconda3/envs/airflow_env/lib/python3.9/site-packages/airflow/example_dags/tutorial_taskflow_api_etl_virtualenv.py
[2022-11-29 06:34:44,787] {processor.py:642} INFO - Processing file /Users/libin3.mathew/opt/anaconda3/envs/airflow_env/lib/python3.9/site-packages/airflow/example_dags/tutorial_taskflow_api_etl_virtualenv.py for tasks to queue
[2022-11-29 06:34:44,787] {logging_mixin.py:109} INFO - [2022-11-29 06:34:44,787] {dagbag.py:500} INFO - Filling up the DagBag from /Users/libin3.mathew/opt/anaconda3/envs/airflow_env/lib/python3.9/site-packages/airflow/example_dags/tutorial_taskflow_api_etl_virtualenv.py
[2022-11-29 06:34:44,806] {logging_mixin.py:109} INFO - [2022-11-29 06:34:44,806] {tutorial_taskflow_api_etl_virtualenv.py:29} WARNING - The tutorial_taskflow_api_etl_virtualenv example DAG requires virtualenv, please install it.
[2022-11-29 06:34:44,830] {processor.py:656} WARNING - No viable dags retrieved from /Users/libin3.mathew/opt/anaconda3/envs/airflow_env/lib/python3.9/site-packages/airflow/example_dags/tutorial_taskflow_api_etl_virtualenv.py
[2022-11-29 06:34:44,832] {processor.py:171} INFO - Processing /Users/libin3.mathew/opt/anaconda3/envs/airflow_env/lib/python3.9/site-packages/airflow/example_dags/tutorial_taskflow_api_etl_virtualenv.py took 0.047 seconds
[2022-11-29 06:36:03,521] {processor.py:163} INFO - Started process (PID=57161) to work on /Users/libin3.mathew/opt/anaconda3/envs/airflow_env/lib/python3.9/site-packages/airflow/example_dags/tutorial_taskflow_api_etl_virtualenv.py
[2022-11-29 06:36:03,522] {processor.py:642} INFO - Processing file /Users/libin3.mathew/opt/anaconda3/envs/airflow_env/lib/python3.9/site-packages/airflow/example_dags/tutorial_taskflow_api_etl_virtualenv.py for tasks to queue
[2022-11-29 06:36:03,522] {logging_mixin.py:109} INFO - [2022-11-29 06:36:03,522] {dagbag.py:500} INFO - Filling up the DagBag from /Users/libin3.mathew/opt/anaconda3/envs/airflow_env/lib/python3.9/site-packages/airflow/example_dags/tutorial_taskflow_api_etl_virtualenv.py
[2022-11-29 06:36:03,548] {logging_mixin.py:109} INFO - [2022-11-29 06:36:03,547] {tutorial_taskflow_api_etl_virtualenv.py:29} WARNING - The tutorial_taskflow_api_etl_virtualenv example DAG requires virtualenv, please install it.
[2022-11-29 06:36:03,570] {processor.py:656} WARNING - No viable dags retrieved from /Users/libin3.mathew/opt/anaconda3/envs/airflow_env/lib/python3.9/site-packages/airflow/example_dags/tutorial_taskflow_api_etl_virtualenv.py
[2022-11-29 06:36:03,572] {processor.py:171} INFO - Processing /Users/libin3.mathew/opt/anaconda3/envs/airflow_env/lib/python3.9/site-packages/airflow/example_dags/tutorial_taskflow_api_etl_virtualenv.py took 0.051 seconds
[2022-11-29 06:37:19,484] {processor.py:163} INFO - Started process (PID=57205) to work on /Users/libin3.mathew/opt/anaconda3/envs/airflow_env/lib/python3.9/site-packages/airflow/example_dags/tutorial_taskflow_api_etl_virtualenv.py
[2022-11-29 06:37:19,484] {processor.py:642} INFO - Processing file /Users/libin3.mathew/opt/anaconda3/envs/airflow_env/lib/python3.9/site-packages/airflow/example_dags/tutorial_taskflow_api_etl_virtualenv.py for tasks to queue
[2022-11-29 06:37:19,484] {logging_mixin.py:109} INFO - [2022-11-29 06:37:19,484] {dagbag.py:500} INFO - Filling up the DagBag from /Users/libin3.mathew/opt/anaconda3/envs/airflow_env/lib/python3.9/site-packages/airflow/example_dags/tutorial_taskflow_api_etl_virtualenv.py
[2022-11-29 06:37:19,502] {logging_mixin.py:109} INFO - [2022-11-29 06:37:19,501] {tutorial_taskflow_api_etl_virtualenv.py:29} WARNING - The tutorial_taskflow_api_etl_virtualenv example DAG requires virtualenv, please install it.
[2022-11-29 06:37:19,524] {processor.py:656} WARNING - No viable dags retrieved from /Users/libin3.mathew/opt/anaconda3/envs/airflow_env/lib/python3.9/site-packages/airflow/example_dags/tutorial_taskflow_api_etl_virtualenv.py
[2022-11-29 06:37:19,525] {processor.py:171} INFO - Processing /Users/libin3.mathew/opt/anaconda3/envs/airflow_env/lib/python3.9/site-packages/airflow/example_dags/tutorial_taskflow_api_etl_virtualenv.py took 0.042 seconds
[2022-11-29 06:38:27,265] {processor.py:163} INFO - Started process (PID=57256) to work on /Users/libin3.mathew/opt/anaconda3/envs/airflow_env/lib/python3.9/site-packages/airflow/example_dags/tutorial_taskflow_api_etl_virtualenv.py
[2022-11-29 06:38:27,266] {processor.py:642} INFO - Processing file /Users/libin3.mathew/opt/anaconda3/envs/airflow_env/lib/python3.9/site-packages/airflow/example_dags/tutorial_taskflow_api_etl_virtualenv.py for tasks to queue
[2022-11-29 06:38:27,267] {logging_mixin.py:109} INFO - [2022-11-29 06:38:27,267] {dagbag.py:500} INFO - Filling up the DagBag from /Users/libin3.mathew/opt/anaconda3/envs/airflow_env/lib/python3.9/site-packages/airflow/example_dags/tutorial_taskflow_api_etl_virtualenv.py
[2022-11-29 06:38:27,281] {logging_mixin.py:109} INFO - [2022-11-29 06:38:27,281] {tutorial_taskflow_api_etl_virtualenv.py:29} WARNING - The tutorial_taskflow_api_etl_virtualenv example DAG requires virtualenv, please install it.
[2022-11-29 06:38:27,301] {processor.py:656} WARNING - No viable dags retrieved from /Users/libin3.mathew/opt/anaconda3/envs/airflow_env/lib/python3.9/site-packages/airflow/example_dags/tutorial_taskflow_api_etl_virtualenv.py
[2022-11-29 06:38:27,302] {processor.py:171} INFO - Processing /Users/libin3.mathew/opt/anaconda3/envs/airflow_env/lib/python3.9/site-packages/airflow/example_dags/tutorial_taskflow_api_etl_virtualenv.py took 0.037 seconds
