[2022-11-29 06:28:55,641] {processor.py:163} INFO - Started process (PID=56725) to work on /Users/libin3.mathew/opt/anaconda3/envs/airflow_env/lib/python3.9/site-packages/airflow/example_dags/tutorial_etl_dag.py
[2022-11-29 06:28:55,641] {processor.py:642} INFO - Processing file /Users/libin3.mathew/opt/anaconda3/envs/airflow_env/lib/python3.9/site-packages/airflow/example_dags/tutorial_etl_dag.py for tasks to queue
[2022-11-29 06:28:55,641] {logging_mixin.py:109} INFO - [2022-11-29 06:28:55,641] {dagbag.py:500} INFO - Filling up the DagBag from /Users/libin3.mathew/opt/anaconda3/envs/airflow_env/lib/python3.9/site-packages/airflow/example_dags/tutorial_etl_dag.py
[2022-11-29 06:28:55,669] {processor.py:654} INFO - DAG(s) dict_keys(['tutorial_etl_dag']) retrieved from /Users/libin3.mathew/opt/anaconda3/envs/airflow_env/lib/python3.9/site-packages/airflow/example_dags/tutorial_etl_dag.py
[2022-11-29 06:28:55,679] {logging_mixin.py:109} INFO - [2022-11-29 06:28:55,678] {dag.py:2396} INFO - Sync 1 DAGs
[2022-11-29 06:28:55,684] {logging_mixin.py:109} INFO - [2022-11-29 06:28:55,684] {dag.py:2935} INFO - Setting next_dagrun for tutorial_etl_dag to None
[2022-11-29 06:28:55,689] {processor.py:171} INFO - Processing /Users/libin3.mathew/opt/anaconda3/envs/airflow_env/lib/python3.9/site-packages/airflow/example_dags/tutorial_etl_dag.py took 0.049 seconds
[2022-11-29 06:32:10,029] {processor.py:163} INFO - Started process (PID=56819) to work on /Users/libin3.mathew/opt/anaconda3/envs/airflow_env/lib/python3.9/site-packages/airflow/example_dags/tutorial_etl_dag.py
[2022-11-29 06:32:10,029] {processor.py:642} INFO - Processing file /Users/libin3.mathew/opt/anaconda3/envs/airflow_env/lib/python3.9/site-packages/airflow/example_dags/tutorial_etl_dag.py for tasks to queue
[2022-11-29 06:32:10,029] {logging_mixin.py:109} INFO - [2022-11-29 06:32:10,029] {dagbag.py:500} INFO - Filling up the DagBag from /Users/libin3.mathew/opt/anaconda3/envs/airflow_env/lib/python3.9/site-packages/airflow/example_dags/tutorial_etl_dag.py
[2022-11-29 06:32:10,056] {processor.py:654} INFO - DAG(s) dict_keys(['tutorial_etl_dag']) retrieved from /Users/libin3.mathew/opt/anaconda3/envs/airflow_env/lib/python3.9/site-packages/airflow/example_dags/tutorial_etl_dag.py
[2022-11-29 06:32:10,065] {logging_mixin.py:109} INFO - [2022-11-29 06:32:10,065] {dag.py:2396} INFO - Sync 1 DAGs
[2022-11-29 06:32:10,071] {logging_mixin.py:109} INFO - [2022-11-29 06:32:10,071] {dag.py:2935} INFO - Setting next_dagrun for tutorial_etl_dag to None
[2022-11-29 06:32:10,077] {processor.py:171} INFO - Processing /Users/libin3.mathew/opt/anaconda3/envs/airflow_env/lib/python3.9/site-packages/airflow/example_dags/tutorial_etl_dag.py took 0.048 seconds
[2022-11-29 06:33:26,962] {processor.py:163} INFO - Started process (PID=57041) to work on /Users/libin3.mathew/opt/anaconda3/envs/airflow_env/lib/python3.9/site-packages/airflow/example_dags/tutorial_etl_dag.py
[2022-11-29 06:33:26,963] {processor.py:642} INFO - Processing file /Users/libin3.mathew/opt/anaconda3/envs/airflow_env/lib/python3.9/site-packages/airflow/example_dags/tutorial_etl_dag.py for tasks to queue
[2022-11-29 06:33:26,963] {logging_mixin.py:109} INFO - [2022-11-29 06:33:26,963] {dagbag.py:500} INFO - Filling up the DagBag from /Users/libin3.mathew/opt/anaconda3/envs/airflow_env/lib/python3.9/site-packages/airflow/example_dags/tutorial_etl_dag.py
[2022-11-29 06:33:27,009] {processor.py:654} INFO - DAG(s) dict_keys(['tutorial_etl_dag']) retrieved from /Users/libin3.mathew/opt/anaconda3/envs/airflow_env/lib/python3.9/site-packages/airflow/example_dags/tutorial_etl_dag.py
[2022-11-29 06:33:27,026] {logging_mixin.py:109} INFO - [2022-11-29 06:33:27,026] {dag.py:2396} INFO - Sync 1 DAGs
[2022-11-29 06:33:27,037] {logging_mixin.py:109} INFO - [2022-11-29 06:33:27,036] {dag.py:2935} INFO - Setting next_dagrun for tutorial_etl_dag to None
[2022-11-29 06:33:27,044] {processor.py:171} INFO - Processing /Users/libin3.mathew/opt/anaconda3/envs/airflow_env/lib/python3.9/site-packages/airflow/example_dags/tutorial_etl_dag.py took 0.082 seconds
[2022-11-29 06:34:50,533] {processor.py:163} INFO - Started process (PID=57113) to work on /Users/libin3.mathew/opt/anaconda3/envs/airflow_env/lib/python3.9/site-packages/airflow/example_dags/tutorial_etl_dag.py
[2022-11-29 06:34:50,534] {processor.py:642} INFO - Processing file /Users/libin3.mathew/opt/anaconda3/envs/airflow_env/lib/python3.9/site-packages/airflow/example_dags/tutorial_etl_dag.py for tasks to queue
[2022-11-29 06:34:50,534] {logging_mixin.py:109} INFO - [2022-11-29 06:34:50,534] {dagbag.py:500} INFO - Filling up the DagBag from /Users/libin3.mathew/opt/anaconda3/envs/airflow_env/lib/python3.9/site-packages/airflow/example_dags/tutorial_etl_dag.py
[2022-11-29 06:34:50,577] {processor.py:654} INFO - DAG(s) dict_keys(['tutorial_etl_dag']) retrieved from /Users/libin3.mathew/opt/anaconda3/envs/airflow_env/lib/python3.9/site-packages/airflow/example_dags/tutorial_etl_dag.py
[2022-11-29 06:34:50,594] {logging_mixin.py:109} INFO - [2022-11-29 06:34:50,594] {dag.py:2396} INFO - Sync 1 DAGs
[2022-11-29 06:34:50,604] {logging_mixin.py:109} INFO - [2022-11-29 06:34:50,604] {dag.py:2935} INFO - Setting next_dagrun for tutorial_etl_dag to None
[2022-11-29 06:34:50,611] {processor.py:171} INFO - Processing /Users/libin3.mathew/opt/anaconda3/envs/airflow_env/lib/python3.9/site-packages/airflow/example_dags/tutorial_etl_dag.py took 0.079 seconds
[2022-11-29 06:36:07,856] {processor.py:163} INFO - Started process (PID=57165) to work on /Users/libin3.mathew/opt/anaconda3/envs/airflow_env/lib/python3.9/site-packages/airflow/example_dags/tutorial_etl_dag.py
[2022-11-29 06:36:07,857] {processor.py:642} INFO - Processing file /Users/libin3.mathew/opt/anaconda3/envs/airflow_env/lib/python3.9/site-packages/airflow/example_dags/tutorial_etl_dag.py for tasks to queue
[2022-11-29 06:36:07,857] {logging_mixin.py:109} INFO - [2022-11-29 06:36:07,857] {dagbag.py:500} INFO - Filling up the DagBag from /Users/libin3.mathew/opt/anaconda3/envs/airflow_env/lib/python3.9/site-packages/airflow/example_dags/tutorial_etl_dag.py
[2022-11-29 06:36:07,897] {processor.py:654} INFO - DAG(s) dict_keys(['tutorial_etl_dag']) retrieved from /Users/libin3.mathew/opt/anaconda3/envs/airflow_env/lib/python3.9/site-packages/airflow/example_dags/tutorial_etl_dag.py
[2022-11-29 06:36:07,912] {logging_mixin.py:109} INFO - [2022-11-29 06:36:07,912] {dag.py:2396} INFO - Sync 1 DAGs
[2022-11-29 06:36:07,921] {logging_mixin.py:109} INFO - [2022-11-29 06:36:07,921] {dag.py:2935} INFO - Setting next_dagrun for tutorial_etl_dag to None
[2022-11-29 06:36:07,927] {processor.py:171} INFO - Processing /Users/libin3.mathew/opt/anaconda3/envs/airflow_env/lib/python3.9/site-packages/airflow/example_dags/tutorial_etl_dag.py took 0.072 seconds
[2022-11-29 06:37:25,042] {processor.py:163} INFO - Started process (PID=57208) to work on /Users/libin3.mathew/opt/anaconda3/envs/airflow_env/lib/python3.9/site-packages/airflow/example_dags/tutorial_etl_dag.py
[2022-11-29 06:37:25,043] {processor.py:642} INFO - Processing file /Users/libin3.mathew/opt/anaconda3/envs/airflow_env/lib/python3.9/site-packages/airflow/example_dags/tutorial_etl_dag.py for tasks to queue
[2022-11-29 06:37:25,043] {logging_mixin.py:109} INFO - [2022-11-29 06:37:25,043] {dagbag.py:500} INFO - Filling up the DagBag from /Users/libin3.mathew/opt/anaconda3/envs/airflow_env/lib/python3.9/site-packages/airflow/example_dags/tutorial_etl_dag.py
[2022-11-29 06:37:25,084] {processor.py:654} INFO - DAG(s) dict_keys(['tutorial_etl_dag']) retrieved from /Users/libin3.mathew/opt/anaconda3/envs/airflow_env/lib/python3.9/site-packages/airflow/example_dags/tutorial_etl_dag.py
[2022-11-29 06:37:25,100] {logging_mixin.py:109} INFO - [2022-11-29 06:37:25,100] {dag.py:2396} INFO - Sync 1 DAGs
[2022-11-29 06:37:25,111] {logging_mixin.py:109} INFO - [2022-11-29 06:37:25,111] {dag.py:2935} INFO - Setting next_dagrun for tutorial_etl_dag to None
[2022-11-29 06:37:25,118] {processor.py:171} INFO - Processing /Users/libin3.mathew/opt/anaconda3/envs/airflow_env/lib/python3.9/site-packages/airflow/example_dags/tutorial_etl_dag.py took 0.076 seconds
[2022-11-29 06:38:31,381] {processor.py:163} INFO - Started process (PID=57259) to work on /Users/libin3.mathew/opt/anaconda3/envs/airflow_env/lib/python3.9/site-packages/airflow/example_dags/tutorial_etl_dag.py
[2022-11-29 06:38:31,383] {processor.py:642} INFO - Processing file /Users/libin3.mathew/opt/anaconda3/envs/airflow_env/lib/python3.9/site-packages/airflow/example_dags/tutorial_etl_dag.py for tasks to queue
[2022-11-29 06:38:31,383] {logging_mixin.py:109} INFO - [2022-11-29 06:38:31,383] {dagbag.py:500} INFO - Filling up the DagBag from /Users/libin3.mathew/opt/anaconda3/envs/airflow_env/lib/python3.9/site-packages/airflow/example_dags/tutorial_etl_dag.py
[2022-11-29 06:38:31,414] {processor.py:654} INFO - DAG(s) dict_keys(['tutorial_etl_dag']) retrieved from /Users/libin3.mathew/opt/anaconda3/envs/airflow_env/lib/python3.9/site-packages/airflow/example_dags/tutorial_etl_dag.py
[2022-11-29 06:38:31,424] {logging_mixin.py:109} INFO - [2022-11-29 06:38:31,424] {dag.py:2396} INFO - Sync 1 DAGs
[2022-11-29 06:38:31,430] {logging_mixin.py:109} INFO - [2022-11-29 06:38:31,430] {dag.py:2935} INFO - Setting next_dagrun for tutorial_etl_dag to None
[2022-11-29 06:38:31,434] {processor.py:171} INFO - Processing /Users/libin3.mathew/opt/anaconda3/envs/airflow_env/lib/python3.9/site-packages/airflow/example_dags/tutorial_etl_dag.py took 0.053 seconds
