[2022-11-29 06:28:53,352] {processor.py:163} INFO - Started process (PID=56724) to work on /Users/libin3.mathew/opt/anaconda3/envs/airflow_env/lib/python3.9/site-packages/airflow/example_dags/tutorial_taskflow_api_etl.py
[2022-11-29 06:28:53,352] {processor.py:642} INFO - Processing file /Users/libin3.mathew/opt/anaconda3/envs/airflow_env/lib/python3.9/site-packages/airflow/example_dags/tutorial_taskflow_api_etl.py for tasks to queue
[2022-11-29 06:28:53,353] {logging_mixin.py:109} INFO - [2022-11-29 06:28:53,353] {dagbag.py:500} INFO - Filling up the DagBag from /Users/libin3.mathew/opt/anaconda3/envs/airflow_env/lib/python3.9/site-packages/airflow/example_dags/tutorial_taskflow_api_etl.py
[2022-11-29 06:28:53,382] {processor.py:654} INFO - DAG(s) dict_keys(['tutorial_taskflow_api_etl']) retrieved from /Users/libin3.mathew/opt/anaconda3/envs/airflow_env/lib/python3.9/site-packages/airflow/example_dags/tutorial_taskflow_api_etl.py
[2022-11-29 06:28:53,541] {logging_mixin.py:109} INFO - [2022-11-29 06:28:53,541] {dag.py:2396} INFO - Sync 1 DAGs
[2022-11-29 06:28:53,547] {logging_mixin.py:109} INFO - [2022-11-29 06:28:53,547] {dag.py:2935} INFO - Setting next_dagrun for tutorial_taskflow_api_etl to None
[2022-11-29 06:28:53,553] {processor.py:171} INFO - Processing /Users/libin3.mathew/opt/anaconda3/envs/airflow_env/lib/python3.9/site-packages/airflow/example_dags/tutorial_taskflow_api_etl.py took 0.201 seconds
[2022-11-29 06:32:07,705] {processor.py:163} INFO - Started process (PID=56790) to work on /Users/libin3.mathew/opt/anaconda3/envs/airflow_env/lib/python3.9/site-packages/airflow/example_dags/tutorial_taskflow_api_etl.py
[2022-11-29 06:32:07,705] {processor.py:642} INFO - Processing file /Users/libin3.mathew/opt/anaconda3/envs/airflow_env/lib/python3.9/site-packages/airflow/example_dags/tutorial_taskflow_api_etl.py for tasks to queue
[2022-11-29 06:32:07,705] {logging_mixin.py:109} INFO - [2022-11-29 06:32:07,705] {dagbag.py:500} INFO - Filling up the DagBag from /Users/libin3.mathew/opt/anaconda3/envs/airflow_env/lib/python3.9/site-packages/airflow/example_dags/tutorial_taskflow_api_etl.py
[2022-11-29 06:32:07,736] {processor.py:654} INFO - DAG(s) dict_keys(['tutorial_taskflow_api_etl']) retrieved from /Users/libin3.mathew/opt/anaconda3/envs/airflow_env/lib/python3.9/site-packages/airflow/example_dags/tutorial_taskflow_api_etl.py
[2022-11-29 06:32:07,942] {logging_mixin.py:109} INFO - [2022-11-29 06:32:07,942] {dag.py:2396} INFO - Sync 1 DAGs
[2022-11-29 06:32:07,948] {logging_mixin.py:109} INFO - [2022-11-29 06:32:07,948] {dag.py:2935} INFO - Setting next_dagrun for tutorial_taskflow_api_etl to None
[2022-11-29 06:32:07,953] {processor.py:171} INFO - Processing /Users/libin3.mathew/opt/anaconda3/envs/airflow_env/lib/python3.9/site-packages/airflow/example_dags/tutorial_taskflow_api_etl.py took 0.249 seconds
[2022-11-29 06:33:24,012] {processor.py:163} INFO - Started process (PID=57024) to work on /Users/libin3.mathew/opt/anaconda3/envs/airflow_env/lib/python3.9/site-packages/airflow/example_dags/tutorial_taskflow_api_etl.py
[2022-11-29 06:33:24,012] {processor.py:642} INFO - Processing file /Users/libin3.mathew/opt/anaconda3/envs/airflow_env/lib/python3.9/site-packages/airflow/example_dags/tutorial_taskflow_api_etl.py for tasks to queue
[2022-11-29 06:33:24,013] {logging_mixin.py:109} INFO - [2022-11-29 06:33:24,013] {dagbag.py:500} INFO - Filling up the DagBag from /Users/libin3.mathew/opt/anaconda3/envs/airflow_env/lib/python3.9/site-packages/airflow/example_dags/tutorial_taskflow_api_etl.py
[2022-11-29 06:33:24,057] {processor.py:654} INFO - DAG(s) dict_keys(['tutorial_taskflow_api_etl']) retrieved from /Users/libin3.mathew/opt/anaconda3/envs/airflow_env/lib/python3.9/site-packages/airflow/example_dags/tutorial_taskflow_api_etl.py
[2022-11-29 06:33:24,293] {logging_mixin.py:109} INFO - [2022-11-29 06:33:24,293] {dag.py:2396} INFO - Sync 1 DAGs
[2022-11-29 06:33:24,302] {logging_mixin.py:109} INFO - [2022-11-29 06:33:24,301] {dag.py:2935} INFO - Setting next_dagrun for tutorial_taskflow_api_etl to None
[2022-11-29 06:33:24,311] {processor.py:171} INFO - Processing /Users/libin3.mathew/opt/anaconda3/envs/airflow_env/lib/python3.9/site-packages/airflow/example_dags/tutorial_taskflow_api_etl.py took 0.300 seconds
[2022-11-29 06:34:47,541] {processor.py:163} INFO - Started process (PID=57107) to work on /Users/libin3.mathew/opt/anaconda3/envs/airflow_env/lib/python3.9/site-packages/airflow/example_dags/tutorial_taskflow_api_etl.py
[2022-11-29 06:34:47,541] {processor.py:642} INFO - Processing file /Users/libin3.mathew/opt/anaconda3/envs/airflow_env/lib/python3.9/site-packages/airflow/example_dags/tutorial_taskflow_api_etl.py for tasks to queue
[2022-11-29 06:34:47,541] {logging_mixin.py:109} INFO - [2022-11-29 06:34:47,541] {dagbag.py:500} INFO - Filling up the DagBag from /Users/libin3.mathew/opt/anaconda3/envs/airflow_env/lib/python3.9/site-packages/airflow/example_dags/tutorial_taskflow_api_etl.py
[2022-11-29 06:34:47,591] {processor.py:654} INFO - DAG(s) dict_keys(['tutorial_taskflow_api_etl']) retrieved from /Users/libin3.mathew/opt/anaconda3/envs/airflow_env/lib/python3.9/site-packages/airflow/example_dags/tutorial_taskflow_api_etl.py
[2022-11-29 06:34:47,848] {logging_mixin.py:109} INFO - [2022-11-29 06:34:47,847] {dag.py:2396} INFO - Sync 1 DAGs
[2022-11-29 06:34:47,856] {logging_mixin.py:109} INFO - [2022-11-29 06:34:47,856] {dag.py:2935} INFO - Setting next_dagrun for tutorial_taskflow_api_etl to None
[2022-11-29 06:34:47,865] {processor.py:171} INFO - Processing /Users/libin3.mathew/opt/anaconda3/envs/airflow_env/lib/python3.9/site-packages/airflow/example_dags/tutorial_taskflow_api_etl.py took 0.325 seconds
[2022-11-29 06:36:05,065] {processor.py:163} INFO - Started process (PID=57163) to work on /Users/libin3.mathew/opt/anaconda3/envs/airflow_env/lib/python3.9/site-packages/airflow/example_dags/tutorial_taskflow_api_etl.py
[2022-11-29 06:36:05,065] {processor.py:642} INFO - Processing file /Users/libin3.mathew/opt/anaconda3/envs/airflow_env/lib/python3.9/site-packages/airflow/example_dags/tutorial_taskflow_api_etl.py for tasks to queue
[2022-11-29 06:36:05,066] {logging_mixin.py:109} INFO - [2022-11-29 06:36:05,066] {dagbag.py:500} INFO - Filling up the DagBag from /Users/libin3.mathew/opt/anaconda3/envs/airflow_env/lib/python3.9/site-packages/airflow/example_dags/tutorial_taskflow_api_etl.py
[2022-11-29 06:36:05,109] {processor.py:654} INFO - DAG(s) dict_keys(['tutorial_taskflow_api_etl']) retrieved from /Users/libin3.mathew/opt/anaconda3/envs/airflow_env/lib/python3.9/site-packages/airflow/example_dags/tutorial_taskflow_api_etl.py
[2022-11-29 06:36:05,383] {logging_mixin.py:109} INFO - [2022-11-29 06:36:05,383] {dag.py:2396} INFO - Sync 1 DAGs
[2022-11-29 06:36:05,392] {logging_mixin.py:109} INFO - [2022-11-29 06:36:05,392] {dag.py:2935} INFO - Setting next_dagrun for tutorial_taskflow_api_etl to None
[2022-11-29 06:36:05,399] {processor.py:171} INFO - Processing /Users/libin3.mathew/opt/anaconda3/envs/airflow_env/lib/python3.9/site-packages/airflow/example_dags/tutorial_taskflow_api_etl.py took 0.335 seconds
[2022-11-29 06:37:22,051] {processor.py:163} INFO - Started process (PID=57206) to work on /Users/libin3.mathew/opt/anaconda3/envs/airflow_env/lib/python3.9/site-packages/airflow/example_dags/tutorial_taskflow_api_etl.py
[2022-11-29 06:37:22,051] {processor.py:642} INFO - Processing file /Users/libin3.mathew/opt/anaconda3/envs/airflow_env/lib/python3.9/site-packages/airflow/example_dags/tutorial_taskflow_api_etl.py for tasks to queue
[2022-11-29 06:37:22,051] {logging_mixin.py:109} INFO - [2022-11-29 06:37:22,051] {dagbag.py:500} INFO - Filling up the DagBag from /Users/libin3.mathew/opt/anaconda3/envs/airflow_env/lib/python3.9/site-packages/airflow/example_dags/tutorial_taskflow_api_etl.py
[2022-11-29 06:37:22,096] {processor.py:654} INFO - DAG(s) dict_keys(['tutorial_taskflow_api_etl']) retrieved from /Users/libin3.mathew/opt/anaconda3/envs/airflow_env/lib/python3.9/site-packages/airflow/example_dags/tutorial_taskflow_api_etl.py
[2022-11-29 06:37:22,351] {logging_mixin.py:109} INFO - [2022-11-29 06:37:22,351] {dag.py:2396} INFO - Sync 1 DAGs
[2022-11-29 06:37:22,360] {logging_mixin.py:109} INFO - [2022-11-29 06:37:22,360] {dag.py:2935} INFO - Setting next_dagrun for tutorial_taskflow_api_etl to None
[2022-11-29 06:37:22,368] {processor.py:171} INFO - Processing /Users/libin3.mathew/opt/anaconda3/envs/airflow_env/lib/python3.9/site-packages/airflow/example_dags/tutorial_taskflow_api_etl.py took 0.318 seconds
[2022-11-29 06:38:29,623] {processor.py:163} INFO - Started process (PID=57258) to work on /Users/libin3.mathew/opt/anaconda3/envs/airflow_env/lib/python3.9/site-packages/airflow/example_dags/tutorial_taskflow_api_etl.py
[2022-11-29 06:38:29,624] {processor.py:642} INFO - Processing file /Users/libin3.mathew/opt/anaconda3/envs/airflow_env/lib/python3.9/site-packages/airflow/example_dags/tutorial_taskflow_api_etl.py for tasks to queue
[2022-11-29 06:38:29,624] {logging_mixin.py:109} INFO - [2022-11-29 06:38:29,624] {dagbag.py:500} INFO - Filling up the DagBag from /Users/libin3.mathew/opt/anaconda3/envs/airflow_env/lib/python3.9/site-packages/airflow/example_dags/tutorial_taskflow_api_etl.py
[2022-11-29 06:38:29,655] {processor.py:654} INFO - DAG(s) dict_keys(['tutorial_taskflow_api_etl']) retrieved from /Users/libin3.mathew/opt/anaconda3/envs/airflow_env/lib/python3.9/site-packages/airflow/example_dags/tutorial_taskflow_api_etl.py
[2022-11-29 06:38:29,799] {logging_mixin.py:109} INFO - [2022-11-29 06:38:29,799] {dag.py:2396} INFO - Sync 1 DAGs
[2022-11-29 06:38:29,804] {logging_mixin.py:109} INFO - [2022-11-29 06:38:29,804] {dag.py:2935} INFO - Setting next_dagrun for tutorial_taskflow_api_etl to None
[2022-11-29 06:38:29,809] {processor.py:171} INFO - Processing /Users/libin3.mathew/opt/anaconda3/envs/airflow_env/lib/python3.9/site-packages/airflow/example_dags/tutorial_taskflow_api_etl.py took 0.187 seconds
