[2022-11-29 06:28:46,766] {processor.py:163} INFO - Started process (PID=56721) to work on /Users/libin3.mathew/opt/anaconda3/envs/airflow_env/lib/python3.9/site-packages/airflow/example_dags/subdags/subdag.py
[2022-11-29 06:28:46,766] {processor.py:642} INFO - Processing file /Users/libin3.mathew/opt/anaconda3/envs/airflow_env/lib/python3.9/site-packages/airflow/example_dags/subdags/subdag.py for tasks to queue
[2022-11-29 06:28:46,766] {logging_mixin.py:109} INFO - [2022-11-29 06:28:46,766] {dagbag.py:500} INFO - Filling up the DagBag from /Users/libin3.mathew/opt/anaconda3/envs/airflow_env/lib/python3.9/site-packages/airflow/example_dags/subdags/subdag.py
[2022-11-29 06:28:46,783] {processor.py:656} WARNING - No viable dags retrieved from /Users/libin3.mathew/opt/anaconda3/envs/airflow_env/lib/python3.9/site-packages/airflow/example_dags/subdags/subdag.py
[2022-11-29 06:28:46,784] {processor.py:171} INFO - Processing /Users/libin3.mathew/opt/anaconda3/envs/airflow_env/lib/python3.9/site-packages/airflow/example_dags/subdags/subdag.py took 0.018 seconds
[2022-11-29 06:32:01,597] {processor.py:163} INFO - Started process (PID=56787) to work on /Users/libin3.mathew/opt/anaconda3/envs/airflow_env/lib/python3.9/site-packages/airflow/example_dags/subdags/subdag.py
[2022-11-29 06:32:01,597] {processor.py:642} INFO - Processing file /Users/libin3.mathew/opt/anaconda3/envs/airflow_env/lib/python3.9/site-packages/airflow/example_dags/subdags/subdag.py for tasks to queue
[2022-11-29 06:32:01,598] {logging_mixin.py:109} INFO - [2022-11-29 06:32:01,598] {dagbag.py:500} INFO - Filling up the DagBag from /Users/libin3.mathew/opt/anaconda3/envs/airflow_env/lib/python3.9/site-packages/airflow/example_dags/subdags/subdag.py
[2022-11-29 06:32:01,613] {processor.py:656} WARNING - No viable dags retrieved from /Users/libin3.mathew/opt/anaconda3/envs/airflow_env/lib/python3.9/site-packages/airflow/example_dags/subdags/subdag.py
[2022-11-29 06:32:01,614] {processor.py:171} INFO - Processing /Users/libin3.mathew/opt/anaconda3/envs/airflow_env/lib/python3.9/site-packages/airflow/example_dags/subdags/subdag.py took 0.017 seconds
[2022-11-29 06:33:16,411] {processor.py:163} INFO - Started process (PID=56997) to work on /Users/libin3.mathew/opt/anaconda3/envs/airflow_env/lib/python3.9/site-packages/airflow/example_dags/subdags/subdag.py
[2022-11-29 06:33:16,411] {processor.py:642} INFO - Processing file /Users/libin3.mathew/opt/anaconda3/envs/airflow_env/lib/python3.9/site-packages/airflow/example_dags/subdags/subdag.py for tasks to queue
[2022-11-29 06:33:16,412] {logging_mixin.py:109} INFO - [2022-11-29 06:33:16,411] {dagbag.py:500} INFO - Filling up the DagBag from /Users/libin3.mathew/opt/anaconda3/envs/airflow_env/lib/python3.9/site-packages/airflow/example_dags/subdags/subdag.py
[2022-11-29 06:33:16,437] {processor.py:656} WARNING - No viable dags retrieved from /Users/libin3.mathew/opt/anaconda3/envs/airflow_env/lib/python3.9/site-packages/airflow/example_dags/subdags/subdag.py
[2022-11-29 06:33:16,440] {processor.py:171} INFO - Processing /Users/libin3.mathew/opt/anaconda3/envs/airflow_env/lib/python3.9/site-packages/airflow/example_dags/subdags/subdag.py took 0.030 seconds
[2022-11-29 06:34:39,334] {processor.py:163} INFO - Started process (PID=57099) to work on /Users/libin3.mathew/opt/anaconda3/envs/airflow_env/lib/python3.9/site-packages/airflow/example_dags/subdags/subdag.py
[2022-11-29 06:34:39,334] {processor.py:642} INFO - Processing file /Users/libin3.mathew/opt/anaconda3/envs/airflow_env/lib/python3.9/site-packages/airflow/example_dags/subdags/subdag.py for tasks to queue
[2022-11-29 06:34:39,335] {logging_mixin.py:109} INFO - [2022-11-29 06:34:39,335] {dagbag.py:500} INFO - Filling up the DagBag from /Users/libin3.mathew/opt/anaconda3/envs/airflow_env/lib/python3.9/site-packages/airflow/example_dags/subdags/subdag.py
[2022-11-29 06:34:39,360] {processor.py:656} WARNING - No viable dags retrieved from /Users/libin3.mathew/opt/anaconda3/envs/airflow_env/lib/python3.9/site-packages/airflow/example_dags/subdags/subdag.py
[2022-11-29 06:34:39,362] {processor.py:171} INFO - Processing /Users/libin3.mathew/opt/anaconda3/envs/airflow_env/lib/python3.9/site-packages/airflow/example_dags/subdags/subdag.py took 0.028 seconds
[2022-11-29 06:35:58,550] {processor.py:163} INFO - Started process (PID=57157) to work on /Users/libin3.mathew/opt/anaconda3/envs/airflow_env/lib/python3.9/site-packages/airflow/example_dags/subdags/subdag.py
[2022-11-29 06:35:58,551] {processor.py:642} INFO - Processing file /Users/libin3.mathew/opt/anaconda3/envs/airflow_env/lib/python3.9/site-packages/airflow/example_dags/subdags/subdag.py for tasks to queue
[2022-11-29 06:35:58,551] {logging_mixin.py:109} INFO - [2022-11-29 06:35:58,551] {dagbag.py:500} INFO - Filling up the DagBag from /Users/libin3.mathew/opt/anaconda3/envs/airflow_env/lib/python3.9/site-packages/airflow/example_dags/subdags/subdag.py
[2022-11-29 06:35:58,577] {processor.py:656} WARNING - No viable dags retrieved from /Users/libin3.mathew/opt/anaconda3/envs/airflow_env/lib/python3.9/site-packages/airflow/example_dags/subdags/subdag.py
[2022-11-29 06:35:58,579] {processor.py:171} INFO - Processing /Users/libin3.mathew/opt/anaconda3/envs/airflow_env/lib/python3.9/site-packages/airflow/example_dags/subdags/subdag.py took 0.030 seconds
[2022-11-29 06:37:14,346] {processor.py:163} INFO - Started process (PID=57203) to work on /Users/libin3.mathew/opt/anaconda3/envs/airflow_env/lib/python3.9/site-packages/airflow/example_dags/subdags/subdag.py
[2022-11-29 06:37:14,346] {processor.py:642} INFO - Processing file /Users/libin3.mathew/opt/anaconda3/envs/airflow_env/lib/python3.9/site-packages/airflow/example_dags/subdags/subdag.py for tasks to queue
[2022-11-29 06:37:14,347] {logging_mixin.py:109} INFO - [2022-11-29 06:37:14,346] {dagbag.py:500} INFO - Filling up the DagBag from /Users/libin3.mathew/opt/anaconda3/envs/airflow_env/lib/python3.9/site-packages/airflow/example_dags/subdags/subdag.py
[2022-11-29 06:37:14,371] {processor.py:656} WARNING - No viable dags retrieved from /Users/libin3.mathew/opt/anaconda3/envs/airflow_env/lib/python3.9/site-packages/airflow/example_dags/subdags/subdag.py
[2022-11-29 06:37:14,373] {processor.py:171} INFO - Processing /Users/libin3.mathew/opt/anaconda3/envs/airflow_env/lib/python3.9/site-packages/airflow/example_dags/subdags/subdag.py took 0.027 seconds
[2022-11-29 06:38:23,271] {processor.py:163} INFO - Started process (PID=57253) to work on /Users/libin3.mathew/opt/anaconda3/envs/airflow_env/lib/python3.9/site-packages/airflow/example_dags/subdags/subdag.py
[2022-11-29 06:38:23,273] {processor.py:642} INFO - Processing file /Users/libin3.mathew/opt/anaconda3/envs/airflow_env/lib/python3.9/site-packages/airflow/example_dags/subdags/subdag.py for tasks to queue
[2022-11-29 06:38:23,273] {logging_mixin.py:109} INFO - [2022-11-29 06:38:23,273] {dagbag.py:500} INFO - Filling up the DagBag from /Users/libin3.mathew/opt/anaconda3/envs/airflow_env/lib/python3.9/site-packages/airflow/example_dags/subdags/subdag.py
[2022-11-29 06:38:23,296] {processor.py:656} WARNING - No viable dags retrieved from /Users/libin3.mathew/opt/anaconda3/envs/airflow_env/lib/python3.9/site-packages/airflow/example_dags/subdags/subdag.py
[2022-11-29 06:38:23,298] {processor.py:171} INFO - Processing /Users/libin3.mathew/opt/anaconda3/envs/airflow_env/lib/python3.9/site-packages/airflow/example_dags/subdags/subdag.py took 0.027 seconds
