[2022-11-29 06:28:48,795] {processor.py:163} INFO - Started process (PID=56722) to work on /Users/libin3.mathew/opt/anaconda3/envs/airflow_env/lib/python3.9/site-packages/airflow/example_dags/plugins/workday.py
[2022-11-29 06:28:48,796] {processor.py:642} INFO - Processing file /Users/libin3.mathew/opt/anaconda3/envs/airflow_env/lib/python3.9/site-packages/airflow/example_dags/plugins/workday.py for tasks to queue
[2022-11-29 06:28:48,796] {logging_mixin.py:109} INFO - [2022-11-29 06:28:48,796] {dagbag.py:500} INFO - Filling up the DagBag from /Users/libin3.mathew/opt/anaconda3/envs/airflow_env/lib/python3.9/site-packages/airflow/example_dags/plugins/workday.py
[2022-11-29 06:28:48,813] {processor.py:656} WARNING - No viable dags retrieved from /Users/libin3.mathew/opt/anaconda3/envs/airflow_env/lib/python3.9/site-packages/airflow/example_dags/plugins/workday.py
[2022-11-29 06:28:48,814] {processor.py:171} INFO - Processing /Users/libin3.mathew/opt/anaconda3/envs/airflow_env/lib/python3.9/site-packages/airflow/example_dags/plugins/workday.py took 0.019 seconds
[2022-11-29 06:32:03,699] {processor.py:163} INFO - Started process (PID=56788) to work on /Users/libin3.mathew/opt/anaconda3/envs/airflow_env/lib/python3.9/site-packages/airflow/example_dags/plugins/workday.py
[2022-11-29 06:32:03,699] {processor.py:642} INFO - Processing file /Users/libin3.mathew/opt/anaconda3/envs/airflow_env/lib/python3.9/site-packages/airflow/example_dags/plugins/workday.py for tasks to queue
[2022-11-29 06:32:03,699] {logging_mixin.py:109} INFO - [2022-11-29 06:32:03,699] {dagbag.py:500} INFO - Filling up the DagBag from /Users/libin3.mathew/opt/anaconda3/envs/airflow_env/lib/python3.9/site-packages/airflow/example_dags/plugins/workday.py
[2022-11-29 06:32:03,719] {processor.py:656} WARNING - No viable dags retrieved from /Users/libin3.mathew/opt/anaconda3/envs/airflow_env/lib/python3.9/site-packages/airflow/example_dags/plugins/workday.py
[2022-11-29 06:32:03,720] {processor.py:171} INFO - Processing /Users/libin3.mathew/opt/anaconda3/envs/airflow_env/lib/python3.9/site-packages/airflow/example_dags/plugins/workday.py took 0.022 seconds
[2022-11-29 06:33:18,881] {processor.py:163} INFO - Started process (PID=57004) to work on /Users/libin3.mathew/opt/anaconda3/envs/airflow_env/lib/python3.9/site-packages/airflow/example_dags/plugins/workday.py
[2022-11-29 06:33:18,881] {processor.py:642} INFO - Processing file /Users/libin3.mathew/opt/anaconda3/envs/airflow_env/lib/python3.9/site-packages/airflow/example_dags/plugins/workday.py for tasks to queue
[2022-11-29 06:33:18,882] {logging_mixin.py:109} INFO - [2022-11-29 06:33:18,882] {dagbag.py:500} INFO - Filling up the DagBag from /Users/libin3.mathew/opt/anaconda3/envs/airflow_env/lib/python3.9/site-packages/airflow/example_dags/plugins/workday.py
[2022-11-29 06:33:18,906] {processor.py:656} WARNING - No viable dags retrieved from /Users/libin3.mathew/opt/anaconda3/envs/airflow_env/lib/python3.9/site-packages/airflow/example_dags/plugins/workday.py
[2022-11-29 06:33:18,907] {processor.py:171} INFO - Processing /Users/libin3.mathew/opt/anaconda3/envs/airflow_env/lib/python3.9/site-packages/airflow/example_dags/plugins/workday.py took 0.027 seconds
[2022-11-29 06:34:42,091] {processor.py:163} INFO - Started process (PID=57102) to work on /Users/libin3.mathew/opt/anaconda3/envs/airflow_env/lib/python3.9/site-packages/airflow/example_dags/plugins/workday.py
[2022-11-29 06:34:42,092] {processor.py:642} INFO - Processing file /Users/libin3.mathew/opt/anaconda3/envs/airflow_env/lib/python3.9/site-packages/airflow/example_dags/plugins/workday.py for tasks to queue
[2022-11-29 06:34:42,092] {logging_mixin.py:109} INFO - [2022-11-29 06:34:42,092] {dagbag.py:500} INFO - Filling up the DagBag from /Users/libin3.mathew/opt/anaconda3/envs/airflow_env/lib/python3.9/site-packages/airflow/example_dags/plugins/workday.py
[2022-11-29 06:34:42,121] {processor.py:656} WARNING - No viable dags retrieved from /Users/libin3.mathew/opt/anaconda3/envs/airflow_env/lib/python3.9/site-packages/airflow/example_dags/plugins/workday.py
[2022-11-29 06:34:42,122] {processor.py:171} INFO - Processing /Users/libin3.mathew/opt/anaconda3/envs/airflow_env/lib/python3.9/site-packages/airflow/example_dags/plugins/workday.py took 0.032 seconds
[2022-11-29 06:36:01,019] {processor.py:163} INFO - Started process (PID=57159) to work on /Users/libin3.mathew/opt/anaconda3/envs/airflow_env/lib/python3.9/site-packages/airflow/example_dags/plugins/workday.py
[2022-11-29 06:36:01,020] {processor.py:642} INFO - Processing file /Users/libin3.mathew/opt/anaconda3/envs/airflow_env/lib/python3.9/site-packages/airflow/example_dags/plugins/workday.py for tasks to queue
[2022-11-29 06:36:01,020] {logging_mixin.py:109} INFO - [2022-11-29 06:36:01,020] {dagbag.py:500} INFO - Filling up the DagBag from /Users/libin3.mathew/opt/anaconda3/envs/airflow_env/lib/python3.9/site-packages/airflow/example_dags/plugins/workday.py
[2022-11-29 06:36:01,045] {processor.py:656} WARNING - No viable dags retrieved from /Users/libin3.mathew/opt/anaconda3/envs/airflow_env/lib/python3.9/site-packages/airflow/example_dags/plugins/workday.py
[2022-11-29 06:36:01,047] {processor.py:171} INFO - Processing /Users/libin3.mathew/opt/anaconda3/envs/airflow_env/lib/python3.9/site-packages/airflow/example_dags/plugins/workday.py took 0.028 seconds
[2022-11-29 06:37:16,863] {processor.py:163} INFO - Started process (PID=57204) to work on /Users/libin3.mathew/opt/anaconda3/envs/airflow_env/lib/python3.9/site-packages/airflow/example_dags/plugins/workday.py
[2022-11-29 06:37:16,863] {processor.py:642} INFO - Processing file /Users/libin3.mathew/opt/anaconda3/envs/airflow_env/lib/python3.9/site-packages/airflow/example_dags/plugins/workday.py for tasks to queue
[2022-11-29 06:37:16,864] {logging_mixin.py:109} INFO - [2022-11-29 06:37:16,864] {dagbag.py:500} INFO - Filling up the DagBag from /Users/libin3.mathew/opt/anaconda3/envs/airflow_env/lib/python3.9/site-packages/airflow/example_dags/plugins/workday.py
[2022-11-29 06:37:16,888] {processor.py:656} WARNING - No viable dags retrieved from /Users/libin3.mathew/opt/anaconda3/envs/airflow_env/lib/python3.9/site-packages/airflow/example_dags/plugins/workday.py
[2022-11-29 06:37:16,890] {processor.py:171} INFO - Processing /Users/libin3.mathew/opt/anaconda3/envs/airflow_env/lib/python3.9/site-packages/airflow/example_dags/plugins/workday.py took 0.027 seconds
[2022-11-29 06:38:25,257] {processor.py:163} INFO - Started process (PID=57255) to work on /Users/libin3.mathew/opt/anaconda3/envs/airflow_env/lib/python3.9/site-packages/airflow/example_dags/plugins/workday.py
[2022-11-29 06:38:25,258] {processor.py:642} INFO - Processing file /Users/libin3.mathew/opt/anaconda3/envs/airflow_env/lib/python3.9/site-packages/airflow/example_dags/plugins/workday.py for tasks to queue
[2022-11-29 06:38:25,258] {logging_mixin.py:109} INFO - [2022-11-29 06:38:25,258] {dagbag.py:500} INFO - Filling up the DagBag from /Users/libin3.mathew/opt/anaconda3/envs/airflow_env/lib/python3.9/site-packages/airflow/example_dags/plugins/workday.py
[2022-11-29 06:38:25,279] {processor.py:656} WARNING - No viable dags retrieved from /Users/libin3.mathew/opt/anaconda3/envs/airflow_env/lib/python3.9/site-packages/airflow/example_dags/plugins/workday.py
[2022-11-29 06:38:25,280] {processor.py:171} INFO - Processing /Users/libin3.mathew/opt/anaconda3/envs/airflow_env/lib/python3.9/site-packages/airflow/example_dags/plugins/workday.py took 0.023 seconds
