[2022-11-29 06:30:43,584] {taskinstance.py:1032} INFO - Dependencies all met for <TaskInstance: example_bash_operator.runme_0 scheduled__2022-11-28T00:00:00+00:00 [None]>
[2022-11-29 06:30:43,589] {taskinstance.py:1032} INFO - Dependencies all met for <TaskInstance: example_bash_operator.runme_0 scheduled__2022-11-28T00:00:00+00:00 [None]>
[2022-11-29 06:30:43,589] {taskinstance.py:1238} INFO - 
--------------------------------------------------------------------------------
[2022-11-29 06:30:43,590] {taskinstance.py:1239} INFO - Starting attempt 1 of 1
[2022-11-29 06:30:43,590] {taskinstance.py:1240} INFO - 
--------------------------------------------------------------------------------
[2022-11-29 06:30:43,599] {taskinstance.py:1259} INFO - Executing <Task(BashOperator): runme_0> on 2022-11-28 00:00:00+00:00
[2022-11-29 06:30:43,602] {standard_task_runner.py:52} INFO - Started process 56752 to run task
[2022-11-29 06:30:43,607] {standard_task_runner.py:76} INFO - Running: ['airflow', 'tasks', 'run', 'example_bash_operator', 'runme_0', 'scheduled__2022-11-28T00:00:00+00:00', '--job-id', '2', '--raw', '--subdir', '/Users/libin3.mathew/opt/anaconda3/envs/airflow_env/lib/python3.9/site-packages/airflow/example_dags/example_bash_operator.py', '--cfg-path', '/var/folders/jd/dj9qbrrx6jdc6f5lwwg0h7tm5np56x/T/tmp5qwjre3v', '--error-file', '/var/folders/jd/dj9qbrrx6jdc6f5lwwg0h7tm5np56x/T/tmpbtc0cwea']
[2022-11-29 06:30:43,608] {standard_task_runner.py:77} INFO - Job 2: Subtask runme_0
[2022-11-29 06:31:13,647] {logging_mixin.py:109} INFO - Running <TaskInstance: example_bash_operator.runme_0 scheduled__2022-11-28T00:00:00+00:00 [running]> on host LM0002893
[2022-11-29 06:31:43,686] {taskinstance.py:1424} INFO - Exporting the following env vars:
AIRFLOW_CTX_DAG_OWNER=airflow
AIRFLOW_CTX_DAG_ID=example_bash_operator
AIRFLOW_CTX_TASK_ID=runme_0
AIRFLOW_CTX_EXECUTION_DATE=2022-11-28T00:00:00+00:00
AIRFLOW_CTX_DAG_RUN_ID=scheduled__2022-11-28T00:00:00+00:00
[2022-11-29 06:31:43,687] {subprocess.py:62} INFO - Tmp dir root location: 
 /var/folders/jd/dj9qbrrx6jdc6f5lwwg0h7tm5np56x/T
[2022-11-29 06:31:43,688] {subprocess.py:74} INFO - Running command: ['bash', '-c', 'echo "example_bash_operator__runme_0__20221128" && sleep 1']
[2022-11-29 06:31:43,696] {subprocess.py:85} INFO - Output:
[2022-11-29 06:31:43,700] {subprocess.py:89} INFO - example_bash_operator__runme_0__20221128
[2022-11-29 06:31:44,712] {subprocess.py:93} INFO - Command exited with return code 0
[2022-11-29 06:31:44,730] {taskinstance.py:1267} INFO - Marking task as SUCCESS. dag_id=example_bash_operator, task_id=runme_0, execution_date=20221128T000000, start_date=20221129T010043, end_date=20221129T010144
[2022-11-29 06:31:53,701] {local_task_job.py:154} INFO - Task exited with return code 0
[2022-11-29 06:31:53,716] {local_task_job.py:264} INFO - 0 downstream tasks scheduled from follow-on schedule check
[2022-11-29 06:31:53,722] {dagrun.py:545} INFO - Marking run <DagRun example_bash_operator @ 2022-11-28 00:00:00+00:00: scheduled__2022-11-28T00:00:00+00:00, externally triggered: False> successful
[2022-11-29 06:31:53,722] {dagrun.py:590} INFO - DagRun Finished: dag_id=example_bash_operator, execution_date=2022-11-28 00:00:00+00:00, run_id=scheduled__2022-11-28T00:00:00+00:00, run_start_date=2022-11-29 00:59:12.403362+00:00, run_end_date=2022-11-29 01:01:53.722821+00:00, run_duration=161.319459, state=success, external_trigger=False, run_type=scheduled, data_interval_start=2022-11-28 00:00:00+00:00, data_interval_end=2022-11-29 00:00:00+00:00, dag_hash=5386357adb14c2f9ac0ebd4f431c8d09
